#
# A fatal error has been detected by the Java Runtime Environment:
#
#  EXCEPTION_STACK_OVERFLOW (0xc00000fd) at pc=0x000000005d99fab3, pid=16380, tid=6224
#
# JRE version: Java(TM) SE Runtime Environment (9.0+11) (build 9.0.4+11)
# Java VM: Java HotSpot(TM) 64-Bit Server VM (9.0.4+11, mixed mode, tiered, compressed oops, g1 gc, windows-amd64)
# Problematic frame:
# V  [jvm.dll+0x33fab3]
#
# No core dump will be written. Minidumps are not enabled by default on client versions of Windows
#
# If you would like to submit a bug report, please visit:
#   http://bugreport.java.com/bugreport/crash.jsp
#

---------------  S U M M A R Y ------------

Command Line: -Dsun.java2d.pmoffscreen=false -Dsun.java2d.xrender=false -Dsun.java2d.d3d=false -Dsun.awt.nopixfmt=true -Dsun.java2d.dpiaware=true -Dsun.java2d.uiScale.enabled=false -Xverify:none -Dswing.aatext=true -XX:-UsePerfData -Djdk.map.althashing.threshold=512 -XX:StringTableSize=4072 --add-opens=java.base/java.nio=ALL-UNNAMED --add-opens=java.desktop/sun.swing=ALL-UNNAMED --add-opens=java.desktop/javax.swing=ALL-UNNAMED --add-opens=java.desktop/javax.swing.tree=ALL-UNNAMED --add-opens=java.desktop/javax.swing.plaf.basic=ALL-UNNAMED --add-opens=java.desktop/javax.swing.plaf.synth=ALL-UNNAMED --add-opens=java.desktop/com.sun.awt=ALL-UNNAMED -XX:NewSize=60m -XX:MaxNewSize=60m -Xms128m -Xmx3072m -Xss5m 

Host: Intel(R) Core(TM) i7-7500U CPU @ 2.70GHz, 4 cores, 7G,  Windows 10 , 64 bit Build 19041 (10.0.19041.546)
Time: Wed Dec 09 19:41:48 2020 Central European Standard Time elapsed time: 319 seconds (0d 0h 5m 19s)

---------------  T H R E A D  ---------------

Current thread (0x000002395d43b800):  JavaThread "Messages View GetMessages Thread" [_thread_in_vm, id=6224, stack(0x00000053e5300000,0x00000053e5800000)]

Stack: [0x00000053e5300000,0x00000053e5800000],  sp=0x00000053e57ff3f0,  free space=5116k
Native frames: (J=compiled Java code, j=interpreted, Vv=VM code, C=native code)
V  [jvm.dll+0x33fab3]

[error occurred during error reporting (printing native stack), id 0xc00000fd]


siginfo: EXCEPTION_STACK_OVERFLOW (0xc00000fd), ExceptionInformation=0x0000000000000001 0x00000053e57f93f0 


Register to memory mapping:

RIP=0x000000005d99fab3 jvm.dll
RAX=0x0000000000000002 is an unknown value
RBX=0x00000053e57f93f0 is pointing into the stack for thread: 0x000002395d43b800
RCX=0x0000000000001000 is an unknown value
RDX=0x0000000000000000 is an unknown value
RSP=0x00000053e57ff3f0 is pointing into the stack for thread: 0x000002395d43b800
RBP=0x00000053e57ff4f0 is pointing into the stack for thread: 0x000002395d43b800
RSI=0x0000000000000000 is an unknown value
RDI=0x00000053e57ff590 is pointing into the stack for thread: 0x000002395d43b800
R8 =0x00000053e57ff3f0 is pointing into the stack for thread: 0x000002395d43b800
R9 =0x00000239006a7880 is an unknown value
R10={method} {0x00000239590c0000} 'run' '()V' in 'java/lang/Thread'
R11=0x00000053e57ff740 is pointing into the stack for thread: 0x000002395d43b800
R12=0x00000053e57ff740 is pointing into the stack for thread: 0x000002395d43b800
R13=0x0000000000000000 is an unknown value
R14=0x000002395d43b800 is a thread
R15=0x00000053e57ff438 is pointing into the stack for thread: 0x000002395d43b800


Registers:
RAX=0x0000000000000002, RBX=0x00000053e57f93f0, RCX=0x0000000000001000, RDX=0x0000000000000000
RSP=0x00000053e57ff3f0, RBP=0x00000053e57ff4f0, RSI=0x0000000000000000, RDI=0x00000053e57ff590
R8 =0x00000053e57ff3f0, R9 =0x00000239006a7880, R10=0x00000239590bfff8, R11=0x00000053e57ff740
R12=0x00000053e57ff740, R13=0x0000000000000000, R14=0x000002395d43b800, R15=0x00000053e57ff438
RIP=0x000000005d99fab3, EFLAGS=0x0000000000010206

Top of Stack: (sp=0x00000053e57ff3f0)
0x00000053e57ff3f0:   00000053e57ff3f0 0000000000000000
0x00000053e57ff400:   0000000000000000 0000000000000000
0x00000053e57ff410:   000002395d43b800 000000005d84658a
0x00000053e57ff420:   00000053e57ff4b0 000002395d43b800
0x00000053e57ff430:   000002396335d180 000002397de8ed60
0x00000053e57ff440:   00000053db37e000 000000005d96de85
0x00000053e57ff450:   0000000000000000 0000000000000000
0x00000053e57ff460:   00000239590bfff8 000002395d43b800
0x00000053e57ff470:   00000007c0006718 000000005daf89c7
0x00000053e57ff480:   00000007c0006718 00000007c0006718
0x00000053e57ff490:   00000239590c0040 00000239590bfff8
0x00000053e57ff4a0:   000002395d43b800 0000000000000000
0x00000053e57ff4b0:   00000239590bfff8 000002395d43b800
0x00000053e57ff4c0:   00000239590bfff8 000002395d43b800
0x00000053e57ff4d0:   00000239013c7290 00000239013c7668
0x00000053e57ff4e0:   0000000000000000 0000000000000000 

Instructions: (pc=0x000000005d99fab3)
0x000000005d99fa93:   e4 62 00 48 8b 05 eb bd 64 00 33 d2 48 f7 f1 48
0x000000005d99faa3:   83 f8 01 72 13 0f 1f 84 00 00 00 00 00 48 2b d9
0x000000005d99fab3:   c6 03 00 48 ff c8 75 f5 48 85 f6 74 50 48 8b 06
0x000000005d99fac3:   48 8b ce ff 90 80 00 00 00 84 c0 0f 84 65 01 00 



---------------  P R O C E S S  ---------------

Java Threads: ( => current thread )
=>0x000002395d43b800 JavaThread "Messages View GetMessages Thread" [_thread_in_vm, id=6224, stack(0x00000053e5300000,0x00000053e5800000)]
  0x000002395d43a000 JavaThread "Monitor File Timestamp Swing Worker Thread" [_thread_blocked, id=9752, stack(0x00000053e6c00000,0x00000053e7100000)]
  0x000002395d43d000 JavaThread "Timer-0" [_thread_blocked, id=15544, stack(0x00000053e6700000,0x00000053e6c00000)]
  0x000002395d435000 JavaThread "SyntheticaAnimation 50" daemon [_thread_blocked, id=15032, stack(0x00000053e1700000,0x00000053e1c00000)]
  0x000002395d43a800 JavaThread "Image Animator 1" daemon [_thread_blocked, id=13968, stack(0x00000053e5d00000,0x00000053e6200000)]
  0x000002395d439000 JavaThread "Update Runs Swing Worker Thread" [_thread_blocked, id=11680, stack(0x00000053e6200000,0x00000053e6700000)]
  0x000002397c10a000 JavaThread "hw_ila_monitor" [_thread_blocked, id=6444, stack(0x00000053e4e00000,0x00000053e5300000)]
  0x000002397c110000 JavaThread "Refresh Filesets Swing Worker Thread" [_thread_blocked, id=1652, stack(0x00000053e4900000,0x00000053e4e00000)]
  0x000002397c10e000 JavaThread "SyntheticaAnimation 70" daemon [_thread_blocked, id=2952, stack(0x00000053e4400000,0x00000053e4900000)]
  0x000002397c10c800 JavaThread "SyntheticaAnimation 25" daemon [_thread_blocked, id=15220, stack(0x00000053e3f00000,0x00000053e4400000)]
  0x000002397c10f800 JavaThread "SyntheticaAnimation 50" daemon [_thread_blocked, id=1028, stack(0x00000053e2e00000,0x00000053e3300000)]
  0x000002397c109800 JavaThread "Monitor HEventQueue Thread" [_thread_blocked, id=11500, stack(0x00000053e3a00000,0x00000053e3f00000)]
  0x000002397c10b800 JavaThread "SyntheticaCleanerThread" daemon [_thread_blocked, id=16216, stack(0x00000053e3500000,0x00000053e3a00000)]
  0x000002397c10e800 JavaThread "Batik CleanerThread" daemon [_thread_blocked, id=16168, stack(0x00000053e2100000,0x00000053e2600000)]
  0x000002394a32a800 JavaThread "Process Messages Thread" [_thread_blocked, id=11844, stack(0x00000053e2600000,0x00000053e2b00000)]
  0x000002394a32b800 JavaThread "Thread-1" [_thread_in_native, id=11728, stack(0x00000053db900000,0x00000053dcd00000)]
  0x000002394a07f800 JavaThread "AWT-EventQueue-0" [_thread_blocked, id=15304, stack(0x00000053e1c00000,0x00000053e2100000)]
  0x000002394a07f000 JavaThread "AWT-Shutdown" [_thread_blocked, id=15764, stack(0x00000053e0800000,0x00000053e0d00000)]
  0x000002395af43000 JavaThread "TimerQueue" daemon [_thread_blocked, id=15612, stack(0x00000053e1200000,0x00000053e1700000)]
  0x000002394999f000 JavaThread "AWT-Windows" daemon [_thread_in_native, id=1500, stack(0x00000053e0d00000,0x00000053e1200000)]
  0x00000239498e1800 JavaThread "Java2D Disposer" daemon [_thread_blocked, id=14632, stack(0x00000053e0300000,0x00000053e0800000)]
  0x0000023946ff0800 JavaThread "Service Thread" daemon [_thread_blocked, id=16260, stack(0x00000053dfd00000,0x00000053e0200000)]
  0x000002397c124000 JavaThread "Common-Cleaner" daemon [_thread_blocked, id=14932, stack(0x00000053df800000,0x00000053dfd00000)]
  0x000002397c10b000 JavaThread "Sweeper thread" daemon [_thread_blocked, id=10948, stack(0x00000053df300000,0x00000053df800000)]
  0x0000023962f59000 JavaThread "C1 CompilerThread2" daemon [_thread_blocked, id=14396, stack(0x00000053df200000,0x00000053df300000)]
  0x0000023962f58800 JavaThread "C2 CompilerThread1" daemon [_thread_blocked, id=16100, stack(0x00000053df100000,0x00000053df200000)]
  0x0000023946c75800 JavaThread "C2 CompilerThread0" daemon [_thread_blocked, id=7160, stack(0x00000053df000000,0x00000053df100000)]
  0x000002397b4ab000 JavaThread "Attach Listener" daemon [_thread_blocked, id=15752, stack(0x00000053deb00000,0x00000053df000000)]
  0x00000239436fb800 JavaThread "Signal Dispatcher" daemon [_thread_blocked, id=6032, stack(0x00000053de600000,0x00000053deb00000)]
  0x00000239604fa000 JavaThread "Finalizer" daemon [_thread_blocked, id=15648, stack(0x00000053de100000,0x00000053de600000)]
  0x00000239604f9800 JavaThread "Reference Handler" daemon [_thread_blocked, id=2200, stack(0x00000053ddc00000,0x00000053de100000)]
  0x000002397c6cc000 JavaThread "main" [_thread_blocked, id=3240, stack(0x00000053dcf00000,0x00000053dd000000)]

Other Threads:
  0x000002395fb11000 VMThread "VM Thread" [stack: 0x00000053ddb00000,0x00000053ddc00000] [id=16268]
  0x00000239629d3800 WatcherThread [stack: 0x00000053e0200000,0x00000053e0300000] [id=15412]
  0x0000023949524000 GCTaskThread "GC Thread#0" [stack: 0x00000053dd000000,0x00000053dd100000] [id=15088]
  0x0000023949522800 GCTaskThread "GC Thread#1" [stack: 0x00000053dd100000,0x00000053dd200000] [id=14788]
  0x000002394951f800 GCTaskThread "GC Thread#2" [stack: 0x00000053dd200000,0x00000053dd300000] [id=7152]
  0x0000023949523800 GCTaskThread "GC Thread#3" [stack: 0x00000053dd300000,0x00000053dd400000] [id=4360]
  0x000002397c070800 ConcurrentGCThread "G1 Main Marker" [stack: 0x00000053dd900000,0x00000053dda00000] [id=15400]
  0x000002394951e800 ConcurrentGCThread "G1 Marker#0" [stack: 0x00000053dda00000,0x00000053ddb00000] [id=11108]
  0x000002395fd83800 ConcurrentGCThread "G1 Refine#0" [stack: 0x00000053dd700000,0x00000053dd800000] [id=11852]
  0x0000023960204800 ConcurrentGCThread "G1 Refine#1" [stack: 0x00000053dd600000,0x00000053dd700000] [id=13976]
  0x0000023960204000 ConcurrentGCThread "G1 Refine#2" [stack: 0x00000053dd500000,0x00000053dd600000] [id=10628]
  0x000002395f723800 ConcurrentGCThread "G1 Refine#3" [stack: 0x00000053dd400000,0x00000053dd500000] [id=15072]
  0x000002395fd84800 ConcurrentGCThread "G1 Young RemSet Sampling" [stack: 0x00000053dd800000,0x00000053dd900000] [id=15900]

Threads with active compile tasks:

VM state:not at safepoint (normal execution)

VM Mutex/Monitor currently owned by a thread: None

Heap address: 0x0000000700000000, size: 3072 MB, Compressed Oops mode: Zero based, Oop shift amount: 3
Narrow klass base: 0x0000000000000000, Narrow klass shift: 3
Compressed class space size: 1073741824 Address: 0x00000007c0000000

Heap:
 garbage-first heap   total 189440K, used 131627K [0x0000000700000000, 0x00000007001005c8, 0x00000007c0000000)
  region size 1024K, 43 young (44032K), 3 survivors (3072K)
 Metaspace       used 78091K, capacity 83909K, committed 84124K, reserved 1120256K
  class space    used 11608K, capacity 12636K, committed 12700K, reserved 1048576K
Heap Regions: E=young(eden), S=young(survivor), O=old, HS=humongous(starts), HC=humongous(continues), CS=collection set, F=free, A=archive, TS=gc time stamp, AC=allocation context, TAMS=top-at-mark-start (previous, next)
|   0|0x0000000700000000, 0x00000007000ffff0, 0x0000000700100000| 99%| O|  |TS  0|AC  0|TAMS 0x00000007000ffff0, 0x00000007000ffff0|
|   1|0x0000000700100000, 0x00000007001f8a68, 0x0000000700200000| 97%| O|  |TS  0|AC  0|TAMS 0x00000007001f8a68, 0x00000007001f8a68|
|   2|0x0000000700200000, 0x0000000700300000, 0x0000000700300000|100%|HS|  |TS  0|AC  0|TAMS 0x0000000700300000, 0x0000000700300000|
|   3|0x0000000700300000, 0x0000000700400000, 0x0000000700400000|100%|HC|  |TS  0|AC  0|TAMS 0x0000000700400000, 0x0000000700400000|
|   4|0x0000000700400000, 0x0000000700500000, 0x0000000700500000|100%|HS|  |TS  0|AC  0|TAMS 0x0000000700500000, 0x0000000700500000|
|   5|0x0000000700500000, 0x00000007005e1740, 0x0000000700600000| 88%| O|  |TS  0|AC  0|TAMS 0x00000007005e1740, 0x00000007005e1740|
|   6|0x0000000700600000, 0x00000007006ffa10, 0x0000000700700000| 99%| O|  |TS  0|AC  0|TAMS 0x00000007006ffa10, 0x00000007006ffa10|
|   7|0x0000000700700000, 0x00000007007f2468, 0x0000000700800000| 94%| O|  |TS  0|AC  0|TAMS 0x00000007007f2468, 0x00000007007f2468|
|   8|0x0000000700800000, 0x00000007008fc650, 0x0000000700900000| 98%| O|  |TS  0|AC  0|TAMS 0x00000007008fc650, 0x00000007008fc650|
|   9|0x0000000700900000, 0x00000007009fc198, 0x0000000700a00000| 98%| O|  |TS  0|AC  0|TAMS 0x00000007009fc198, 0x00000007009fc198|
|  10|0x0000000700a00000, 0x0000000700af74d8, 0x0000000700b00000| 96%| O|  |TS  0|AC  0|TAMS 0x0000000700af74d8, 0x0000000700af74d8|
|  11|0x0000000700b00000, 0x0000000700c00000, 0x0000000700c00000|100%| O|  |TS  0|AC  0|TAMS 0x0000000700c00000, 0x0000000700c00000|
|  12|0x0000000700c00000, 0x0000000700cffff8, 0x0000000700d00000| 99%| O|  |TS  0|AC  0|TAMS 0x0000000700cffff8, 0x0000000700cffff8|
|  13|0x0000000700d00000, 0x0000000700dfffd0, 0x0000000700e00000| 99%| O|  |TS  0|AC  0|TAMS 0x0000000700dfffd0, 0x0000000700dfffd0|
|  14|0x0000000700e00000, 0x0000000700efffe8, 0x0000000700f00000| 99%| O|  |TS  0|AC  0|TAMS 0x0000000700efffe8, 0x0000000700efffe8|
|  15|0x0000000700f00000, 0x0000000701000000, 0x0000000701000000|100%| O|  |TS  0|AC  0|TAMS 0x0000000701000000, 0x0000000701000000|
|  16|0x0000000701000000, 0x00000007010ffff8, 0x0000000701100000| 99%| O|  |TS  0|AC  0|TAMS 0x00000007010ffff8, 0x00000007010ffff8|
|  17|0x0000000701100000, 0x0000000701200000, 0x0000000701200000|100%|HS|  |TS  0|AC  0|TAMS 0x0000000701200000, 0x0000000701200000|
|  18|0x0000000701200000, 0x00000007012ffff8, 0x0000000701300000| 99%| O|  |TS  0|AC  0|TAMS 0x00000007012ffff8, 0x00000007012ffff8|
|  19|0x0000000701300000, 0x00000007013ffff8, 0x0000000701400000| 99%| O|  |TS  0|AC  0|TAMS 0x00000007013ffff8, 0x00000007013ffff8|
|  20|0x0000000701400000, 0x00000007014fffd8, 0x0000000701500000| 99%| O|  |TS  0|AC  0|TAMS 0x00000007014fffd8, 0x00000007014fffd8|
|  21|0x0000000701500000, 0x0000000701600000, 0x0000000701600000|100%| O|  |TS  0|AC  0|TAMS 0x0000000701600000, 0x0000000701600000|
|  22|0x0000000701600000, 0x0000000701700000, 0x0000000701700000|100%|HS|  |TS  0|AC  0|TAMS 0x0000000701700000, 0x0000000701700000|
|  23|0x0000000701700000, 0x00000007017ffff8, 0x0000000701800000| 99%| O|  |TS  0|AC  0|TAMS 0x00000007017ffff8, 0x00000007017ffff8|
|  24|0x0000000701800000, 0x00000007018ffff0, 0x0000000701900000| 99%| O|  |TS  0|AC  0|TAMS 0x00000007018ffff0, 0x00000007018ffff0|
|  25|0x0000000701900000, 0x00000007019fff88, 0x0000000701a00000| 99%| O|  |TS  0|AC  0|TAMS 0x00000007019fff88, 0x00000007019fff88|
|  26|0x0000000701a00000, 0x0000000701b00000, 0x0000000701b00000|100%| O|  |TS  0|AC  0|TAMS 0x0000000701b00000, 0x0000000701b00000|
|  27|0x0000000701b00000, 0x0000000701c00000, 0x0000000701c00000|100%| O|  |TS  0|AC  0|TAMS 0x0000000701c00000, 0x0000000701c00000|
|  28|0x0000000701c00000, 0x0000000701cffff8, 0x0000000701d00000| 99%| O|  |TS  0|AC  0|TAMS 0x0000000701cffff8, 0x0000000701cffff8|
|  29|0x0000000701d00000, 0x0000000701dffff8, 0x0000000701e00000| 99%| O|  |TS  0|AC  0|TAMS 0x0000000701dffff8, 0x0000000701dffff8|
|  30|0x0000000701e00000, 0x0000000701effff8, 0x0000000701f00000| 99%| O|  |TS  0|AC  0|TAMS 0x0000000701effff8, 0x0000000701effff8|
|  31|0x0000000701f00000, 0x0000000701fffe48, 0x0000000702000000| 99%| O|  |TS  0|AC  0|TAMS 0x0000000701fffe48, 0x0000000701fffe48|
|  32|0x0000000702000000, 0x00000007020fffd8, 0x0000000702100000| 99%| O|  |TS  0|AC  0|TAMS 0x00000007020fffd8, 0x00000007020fffd8|
|  33|0x0000000702100000, 0x00000007021ffff0, 0x0000000702200000| 99%| O|  |TS  0|AC  0|TAMS 0x00000007021ffff0, 0x00000007021ffff0|
|  34|0x0000000702200000, 0x00000007022fffe8, 0x0000000702300000| 99%| O|  |TS  0|AC  0|TAMS 0x00000007022fffe8, 0x00000007022fffe8|
|  35|0x0000000702300000, 0x00000007023ffff8, 0x0000000702400000| 99%| O|  |TS  0|AC  0|TAMS 0x00000007023ffff8, 0x00000007023ffff8|
|  36|0x0000000702400000, 0x00000007024ffff8, 0x0000000702500000| 99%| O|  |TS  0|AC  0|TAMS 0x00000007024ffff8, 0x00000007024ffff8|
|  37|0x0000000702500000, 0x00000007025ffff0, 0x0000000702600000| 99%| O|  |TS  0|AC  0|TAMS 0x00000007025ffff0, 0x00000007025ffff0|
|  38|0x0000000702600000, 0x00000007026ffff0, 0x0000000702700000| 99%| O|  |TS  0|AC  0|TAMS 0x00000007026ffff0, 0x00000007026ffff0|
|  39|0x0000000702700000, 0x0000000702800000, 0x0000000702800000|100%| O|  |TS  0|AC  0|TAMS 0x0000000702800000, 0x0000000702800000|
|  40|0x0000000702800000, 0x00000007028fffd8, 0x0000000702900000| 99%| O|  |TS  0|AC  0|TAMS 0x00000007028fffd8, 0x00000007028fffd8|
|  41|0x0000000702900000, 0x00000007029f5220, 0x0000000702a00000| 95%| O|  |TS  0|AC  0|TAMS 0x00000007029f5220, 0x00000007029f5220|
|  42|0x0000000702a00000, 0x0000000702ad7670, 0x0000000702b00000| 84%| O|  |TS  0|AC  0|TAMS 0x0000000702ad7670, 0x0000000702ad7670|
|  43|0x0000000702b00000, 0x0000000702bfffe8, 0x0000000702c00000| 99%| O|  |TS  0|AC  0|TAMS 0x0000000702bfffe8, 0x0000000702bfffe8|
|  44|0x0000000702c00000, 0x0000000702cfffe8, 0x0000000702d00000| 99%| O|  |TS  0|AC  0|TAMS 0x0000000702cfffe8, 0x0000000702cfffe8|
|  45|0x0000000702d00000, 0x0000000702dfd760, 0x0000000702e00000| 99%| O|  |TS  0|AC  0|TAMS 0x0000000702dfd760, 0x0000000702dfd760|
|  46|0x0000000702e00000, 0x0000000702efff90, 0x0000000702f00000| 99%| O|  |TS  0|AC  0|TAMS 0x0000000702efff90, 0x0000000702efff90|
|  47|0x0000000702f00000, 0x0000000702f0fa88, 0x0000000703000000|  6%| O|  |TS  0|AC  0|TAMS 0x0000000702f0fa88, 0x0000000702f0fa88|
|  48|0x0000000703000000, 0x0000000703100000, 0x0000000703100000|100%| O|  |TS  0|AC  0|TAMS 0x0000000703100000, 0x0000000703100000|
|  49|0x0000000703100000, 0x0000000703200000, 0x0000000703200000|100%| O|  |TS  0|AC  0|TAMS 0x0000000703200000, 0x0000000703200000|
|  50|0x0000000703200000, 0x0000000703300000, 0x0000000703300000|100%| O|  |TS  0|AC  0|TAMS 0x0000000703300000, 0x0000000703300000|
|  51|0x0000000703300000, 0x0000000703400000, 0x0000000703400000|100%| O|  |TS  0|AC  0|TAMS 0x0000000703400000, 0x0000000703400000|
|  52|0x0000000703400000, 0x0000000703500000, 0x0000000703500000|100%| O|  |TS  0|AC  0|TAMS 0x0000000703500000, 0x0000000703500000|
|  53|0x0000000703500000, 0x0000000703600000, 0x0000000703600000|100%| O|  |TS  0|AC  0|TAMS 0x0000000703600000, 0x0000000703600000|
|  54|0x0000000703600000, 0x0000000703700000, 0x0000000703700000|100%|HS|  |TS  0|AC  0|TAMS 0x0000000703700000, 0x0000000703700000|
|  55|0x0000000703700000, 0x0000000703800000, 0x0000000703800000|100%|HC|  |TS  0|AC  0|TAMS 0x0000000703800000, 0x0000000703800000|
|  56|0x0000000703800000, 0x0000000703900000, 0x0000000703900000|100%|HC|  |TS  0|AC  0|TAMS 0x0000000703900000, 0x0000000703900000|
|  57|0x0000000703900000, 0x0000000703a00000, 0x0000000703a00000|100%|HC|  |TS  0|AC  0|TAMS 0x0000000703a00000, 0x0000000703a00000|
|  58|0x0000000703a00000, 0x0000000703b00000, 0x0000000703b00000|100%|HC|  |TS  0|AC  0|TAMS 0x0000000703b00000, 0x0000000703b00000|
|  59|0x0000000703b00000, 0x0000000703c00000, 0x0000000703c00000|100%|HC|  |TS  0|AC  0|TAMS 0x0000000703c00000, 0x0000000703c00000|
|  60|0x0000000703c00000, 0x0000000703d00000, 0x0000000703d00000|100%|HC|  |TS  0|AC  0|TAMS 0x0000000703d00000, 0x0000000703d00000|
|  61|0x0000000703d00000, 0x0000000703e00000, 0x0000000703e00000|100%|HC|  |TS  0|AC  0|TAMS 0x0000000703e00000, 0x0000000703e00000|
|  62|0x0000000703e00000, 0x0000000703f00000, 0x0000000703f00000|100%|HC|  |TS  0|AC  0|TAMS 0x0000000703f00000, 0x0000000703f00000|
|  63|0x0000000703f00000, 0x0000000704000000, 0x0000000704000000|100%|HC|  |TS  0|AC  0|TAMS 0x0000000704000000, 0x0000000704000000|
|  64|0x0000000704000000, 0x0000000704100000, 0x0000000704100000|100%|HC|  |TS  0|AC  0|TAMS 0x0000000704100000, 0x0000000704100000|
|  65|0x0000000704100000, 0x0000000704200000, 0x0000000704200000|100%|HC|  |TS  0|AC  0|TAMS 0x0000000704200000, 0x0000000704200000|
|  66|0x0000000704200000, 0x0000000704300000, 0x0000000704300000|100%| O|  |TS  0|AC  0|TAMS 0x0000000704300000, 0x0000000704300000|
|  67|0x0000000704300000, 0x0000000704400000, 0x0000000704400000|100%| O|  |TS  0|AC  0|TAMS 0x0000000704400000, 0x0000000704400000|
|  68|0x0000000704400000, 0x0000000704500000, 0x0000000704500000|100%| O|  |TS  0|AC  0|TAMS 0x0000000704500000, 0x0000000704500000|
|  69|0x0000000704500000, 0x0000000704600000, 0x0000000704600000|100%| O|  |TS  0|AC  0|TAMS 0x0000000704600000, 0x0000000704600000|
|  70|0x0000000704600000, 0x0000000704700000, 0x0000000704700000|100%| O|  |TS  0|AC  0|TAMS 0x0000000704700000, 0x0000000704700000|
|  71|0x0000000704700000, 0x0000000704800000, 0x0000000704800000|100%| O|  |TS  0|AC  0|TAMS 0x0000000704800000, 0x0000000704800000|
|  72|0x0000000704800000, 0x0000000704900000, 0x0000000704900000|100%| O|  |TS  0|AC  0|TAMS 0x0000000704900000, 0x0000000704900000|
|  73|0x0000000704900000, 0x0000000704a00000, 0x0000000704a00000|100%| O|  |TS  0|AC  0|TAMS 0x0000000704a00000, 0x0000000704a00000|
|  74|0x0000000704a00000, 0x0000000704b00000, 0x0000000704b00000|100%| O|  |TS  0|AC  0|TAMS 0x0000000704b00000, 0x0000000704b00000|
|  75|0x0000000704b00000, 0x0000000704c00000, 0x0000000704c00000|100%| O|  |TS  0|AC  0|TAMS 0x0000000704c00000, 0x0000000704c00000|
|  76|0x0000000704c00000, 0x0000000704d00000, 0x0000000704d00000|100%| O|  |TS  0|AC  0|TAMS 0x0000000704d00000, 0x0000000704d00000|
|  77|0x0000000704d00000, 0x0000000704e00000, 0x0000000704e00000|100%| O|  |TS  0|AC  0|TAMS 0x0000000704e00000, 0x0000000704e00000|
|  78|0x0000000704e00000, 0x0000000704f00000, 0x0000000704f00000|100%| O|  |TS  0|AC  0|TAMS 0x0000000704f00000, 0x0000000704f00000|
|  79|0x0000000704f00000, 0x0000000705000000, 0x0000000705000000|100%| O|  |TS  0|AC  0|TAMS 0x0000000705000000, 0x0000000705000000|
|  80|0x0000000705000000, 0x0000000705100000, 0x0000000705100000|100%| O|  |TS  0|AC  0|TAMS 0x0000000705100000, 0x0000000705100000|
|  81|0x0000000705100000, 0x0000000705200000, 0x0000000705200000|100%| O|  |TS  0|AC  0|TAMS 0x0000000705200000, 0x0000000705200000|
|  82|0x0000000705200000, 0x0000000705300000, 0x0000000705300000|100%| O|  |TS  0|AC  0|TAMS 0x0000000705300000, 0x0000000705300000|
|  83|0x0000000705300000, 0x0000000705400000, 0x0000000705400000|100%| O|  |TS  0|AC  0|TAMS 0x0000000705400000, 0x0000000705400000|
|  84|0x0000000705400000, 0x0000000705500000, 0x0000000705500000|100%| O|  |TS  0|AC  0|TAMS 0x0000000705500000, 0x0000000705500000|
|  85|0x0000000705500000, 0x0000000705600000, 0x0000000705600000|100%| O|  |TS  0|AC  0|TAMS 0x0000000705600000, 0x0000000705600000|
|  86|0x0000000705600000, 0x0000000705700000, 0x0000000705700000|100%| O|  |TS  0|AC  0|TAMS 0x0000000705700000, 0x0000000705700000|
|  87|0x0000000705700000, 0x0000000705800000, 0x0000000705800000|100%| O|  |TS  0|AC  0|TAMS 0x0000000705800000, 0x0000000705800000|
|  88|0x0000000705800000, 0x0000000705800000, 0x0000000705900000|  0%| F|  |TS  0|AC  0|TAMS 0x0000000705800000, 0x0000000705800000|
|  89|0x0000000705900000, 0x0000000705900000, 0x0000000705a00000|  0%| F|  |TS  0|AC  0|TAMS 0x0000000705900000, 0x0000000705900000|
|  90|0x0000000705a00000, 0x0000000705a00000, 0x0000000705b00000|  0%| F|  |TS  0|AC  0|TAMS 0x0000000705a00000, 0x0000000705a00000|
|  91|0x0000000705b00000, 0x0000000705b00000, 0x0000000705c00000|  0%| F|  |TS  0|AC  0|TAMS 0x0000000705b00000, 0x0000000705b00000|
|  92|0x0000000705c00000, 0x0000000705c00000, 0x0000000705d00000|  0%| F|  |TS  0|AC  0|TAMS 0x0000000705c00000, 0x0000000705c00000|
|  93|0x0000000705d00000, 0x0000000705d00000, 0x0000000705e00000|  0%| F|  |TS  0|AC  0|TAMS 0x0000000705d00000, 0x0000000705d00000|
|  94|0x0000000705e00000, 0x0000000705e00000, 0x0000000705f00000|  0%| F|  |TS  0|AC  0|TAMS 0x0000000705e00000, 0x0000000705e00000|
|  95|0x0000000705f00000, 0x0000000705f00000, 0x0000000706000000|  0%| F|  |TS  0|AC  0|TAMS 0x0000000705f00000, 0x0000000705f00000|
|  96|0x0000000706000000, 0x0000000706000000, 0x0000000706100000|  0%| F|  |TS  0|AC  0|TAMS 0x0000000706000000, 0x0000000706000000|
|  97|0x0000000706100000, 0x0000000706100000, 0x0000000706200000|  0%| F|  |TS  0|AC  0|TAMS 0x0000000706100000, 0x0000000706100000|
|  98|0x0000000706200000, 0x0000000706200000, 0x0000000706300000|  0%| F|  |TS  0|AC  0|TAMS 0x0000000706200000, 0x0000000706200000|
|  99|0x0000000706300000, 0x0000000706300000, 0x0000000706400000|  0%| F|  |TS  0|AC  0|TAMS 0x0000000706300000, 0x0000000706300000|
| 100|0x0000000706400000, 0x0000000706400000, 0x0000000706500000|  0%| F|  |TS  0|AC  0|TAMS 0x0000000706400000, 0x0000000706400000|
| 101|0x0000000706500000, 0x0000000706500000, 0x0000000706600000|  0%| F|  |TS  0|AC  0|TAMS 0x0000000706500000, 0x0000000706500000|
| 102|0x0000000706600000, 0x0000000706600000, 0x0000000706700000|  0%| F|  |TS  0|AC  0|TAMS 0x0000000706600000, 0x0000000706600000|
| 103|0x0000000706700000, 0x0000000706700000, 0x0000000706800000|  0%| F|  |TS  0|AC  0|TAMS 0x0000000706700000, 0x0000000706700000|
| 104|0x0000000706800000, 0x0000000706800000, 0x0000000706900000|  0%| F|  |TS  0|AC  0|TAMS 0x0000000706800000, 0x0000000706800000|
| 105|0x0000000706900000, 0x0000000706900000, 0x0000000706a00000|  0%| F|  |TS  0|AC  0|TAMS 0x0000000706900000, 0x0000000706900000|
| 106|0x0000000706a00000, 0x0000000706a00000, 0x0000000706b00000|  0%| F|  |TS  0|AC  0|TAMS 0x0000000706a00000, 0x0000000706a00000|
| 107|0x0000000706b00000, 0x0000000706b00000, 0x0000000706c00000|  0%| F|  |TS  0|AC  0|TAMS 0x0000000706b00000, 0x0000000706b00000|
| 108|0x0000000706c00000, 0x0000000706c00000, 0x0000000706d00000|  0%| F|  |TS  0|AC  0|TAMS 0x0000000706c00000, 0x0000000706c00000|
| 109|0x0000000706d00000, 0x0000000706d00000, 0x0000000706e00000|  0%| F|  |TS  0|AC  0|TAMS 0x0000000706d00000, 0x0000000706d00000|
| 110|0x0000000706e00000, 0x0000000706e00000, 0x0000000706f00000|  0%| F|  |TS  0|AC  0|TAMS 0x0000000706e00000, 0x0000000706e00000|
| 111|0x0000000706f00000, 0x0000000706f00000, 0x0000000707000000|  0%| F|  |TS  0|AC  0|TAMS 0x0000000706f00000, 0x0000000706f00000|
| 112|0x0000000707000000, 0x0000000707000000, 0x0000000707100000|  0%| F|  |TS  0|AC  0|TAMS 0x0000000707000000, 0x0000000707000000|
| 113|0x0000000707100000, 0x0000000707100000, 0x0000000707200000|  0%| F|  |TS  0|AC  0|TAMS 0x0000000707100000, 0x0000000707100000|
| 114|0x0000000707200000, 0x0000000707200000, 0x0000000707300000|  0%| F|  |TS  0|AC  0|TAMS 0x0000000707200000, 0x0000000707200000|
| 115|0x0000000707300000, 0x0000000707300000, 0x0000000707400000|  0%| F|  |TS  0|AC  0|TAMS 0x0000000707300000, 0x0000000707300000|
| 116|0x0000000707400000, 0x0000000707400000, 0x0000000707500000|  0%| F|  |TS  0|AC  0|TAMS 0x0000000707400000, 0x0000000707400000|
| 117|0x0000000707500000, 0x0000000707500000, 0x0000000707600000|  0%| F|  |TS  0|AC  0|TAMS 0x0000000707500000, 0x0000000707500000|
| 118|0x0000000707600000, 0x0000000707600000, 0x0000000707700000|  0%| F|  |TS  0|AC  0|TAMS 0x0000000707600000, 0x0000000707600000|
| 119|0x0000000707700000, 0x0000000707700000, 0x0000000707800000|  0%| F|  |TS  0|AC  0|TAMS 0x0000000707700000, 0x0000000707700000|
| 120|0x0000000707800000, 0x0000000707800000, 0x0000000707900000|  0%| F|  |TS  0|AC  0|TAMS 0x0000000707800000, 0x0000000707800000|
| 121|0x0000000707900000, 0x0000000707900000, 0x0000000707a00000|  0%| F|  |TS  0|AC  0|TAMS 0x0000000707900000, 0x0000000707900000|
| 122|0x0000000707a00000, 0x0000000707a00000, 0x0000000707b00000|  0%| F|  |TS  1|AC  0|TAMS 0x0000000707a00000, 0x0000000707a00000|
| 123|0x0000000707b00000, 0x0000000707b00000, 0x0000000707c00000|  0%| F|  |TS  1|AC  0|TAMS 0x0000000707b00000, 0x0000000707b00000|
| 124|0x0000000707c00000, 0x0000000707c00000, 0x0000000707d00000|  0%| F|  |TS  1|AC  0|TAMS 0x0000000707c00000, 0x0000000707c00000|
| 125|0x0000000707d00000, 0x0000000707df5920, 0x0000000707e00000| 95%| S|CS|TS  1|AC  0|TAMS 0x0000000707d00000, 0x0000000707d00000|
| 126|0x0000000707e00000, 0x0000000707f00000, 0x0000000707f00000|100%| S|CS|TS  1|AC  0|TAMS 0x0000000707e00000, 0x0000000707e00000|
| 127|0x0000000707f00000, 0x0000000708000000, 0x0000000708000000|100%| S|CS|TS  1|AC  0|TAMS 0x0000000707f00000, 0x0000000707f00000|
| 128|0x0000000708000000, 0x0000000708000000, 0x0000000708100000|  0%| F|  |TS  1|AC  0|TAMS 0x0000000708000000, 0x0000000708000000|
| 129|0x0000000708100000, 0x0000000708100000, 0x0000000708200000|  0%| F|  |TS  1|AC  0|TAMS 0x0000000708100000, 0x0000000708100000|
| 130|0x0000000708200000, 0x0000000708200000, 0x0000000708300000|  0%| F|  |TS  1|AC  0|TAMS 0x0000000708200000, 0x0000000708200000|
| 131|0x0000000708300000, 0x0000000708300000, 0x0000000708400000|  0%| F|  |TS  1|AC  0|TAMS 0x0000000708300000, 0x0000000708300000|
| 132|0x0000000708400000, 0x0000000708400000, 0x0000000708500000|  0%| F|  |TS  1|AC  0|TAMS 0x0000000708400000, 0x0000000708400000|
| 133|0x0000000708500000, 0x0000000708500000, 0x0000000708600000|  0%| F|  |TS  1|AC  0|TAMS 0x0000000708500000, 0x0000000708500000|
| 134|0x0000000708600000, 0x0000000708600000, 0x0000000708700000|  0%| F|  |TS  1|AC  0|TAMS 0x0000000708600000, 0x0000000708600000|
| 135|0x0000000708700000, 0x0000000708700000, 0x0000000708800000|  0%| F|  |TS  1|AC  0|TAMS 0x0000000708700000, 0x0000000708700000|
| 136|0x0000000708800000, 0x0000000708800000, 0x0000000708900000|  0%| F|  |TS  1|AC  0|TAMS 0x0000000708800000, 0x0000000708800000|
| 137|0x0000000708900000, 0x0000000708900000, 0x0000000708a00000|  0%| F|  |TS  1|AC  0|TAMS 0x0000000708900000, 0x0000000708900000|
| 138|0x0000000708a00000, 0x0000000708a00000, 0x0000000708b00000|  0%| F|  |TS  1|AC  0|TAMS 0x0000000708a00000, 0x0000000708a00000|
| 139|0x0000000708b00000, 0x0000000708b00000, 0x0000000708c00000|  0%| F|  |TS  1|AC  0|TAMS 0x0000000708b00000, 0x0000000708b00000|
| 140|0x0000000708c00000, 0x0000000708c00000, 0x0000000708d00000|  0%| F|  |TS  1|AC  0|TAMS 0x0000000708c00000, 0x0000000708c00000|
| 141|0x0000000708d00000, 0x0000000708d00000, 0x0000000708e00000|  0%| F|  |TS  1|AC  0|TAMS 0x0000000708d00000, 0x0000000708d00000|
| 142|0x0000000708e00000, 0x0000000708e00000, 0x0000000708f00000|  0%| F|  |TS  1|AC  0|TAMS 0x0000000708e00000, 0x0000000708e00000|
| 143|0x0000000708f00000, 0x0000000708f00000, 0x0000000709000000|  0%| F|  |TS  1|AC  0|TAMS 0x0000000708f00000, 0x0000000708f00000|
| 144|0x0000000709000000, 0x0000000709000000, 0x0000000709100000|  0%| F|  |TS  1|AC  0|TAMS 0x0000000709000000, 0x0000000709000000|
| 145|0x0000000709100000, 0x0000000709117110, 0x0000000709200000|  9%| E|  |TS  1|AC  0|TAMS 0x0000000709100000, 0x0000000709100000|
| 146|0x0000000709200000, 0x0000000709300000, 0x0000000709300000|100%| E|CS|TS  1|AC  0|TAMS 0x0000000709200000, 0x0000000709200000|
| 147|0x0000000709300000, 0x0000000709400000, 0x0000000709400000|100%| E|CS|TS  1|AC  0|TAMS 0x0000000709300000, 0x0000000709300000|
| 148|0x0000000709400000, 0x0000000709500000, 0x0000000709500000|100%| E|CS|TS  1|AC  0|TAMS 0x0000000709400000, 0x0000000709400000|
| 149|0x0000000709500000, 0x0000000709600000, 0x0000000709600000|100%| E|CS|TS  1|AC  0|TAMS 0x0000000709500000, 0x0000000709500000|
| 150|0x0000000709600000, 0x0000000709700000, 0x0000000709700000|100%| E|CS|TS  1|AC  0|TAMS 0x0000000709600000, 0x0000000709600000|
| 151|0x0000000709700000, 0x0000000709800000, 0x0000000709800000|100%| E|CS|TS  1|AC  0|TAMS 0x0000000709700000, 0x0000000709700000|
| 152|0x0000000709800000, 0x0000000709900000, 0x0000000709900000|100%| E|CS|TS  1|AC  0|TAMS 0x0000000709800000, 0x0000000709800000|
| 153|0x0000000709900000, 0x0000000709a00000, 0x0000000709a00000|100%| E|CS|TS  1|AC  0|TAMS 0x0000000709900000, 0x0000000709900000|
| 154|0x0000000709a00000, 0x0000000709b00000, 0x0000000709b00000|100%| E|CS|TS  1|AC  0|TAMS 0x0000000709a00000, 0x0000000709a00000|
| 155|0x0000000709b00000, 0x0000000709c00000, 0x0000000709c00000|100%| E|CS|TS  1|AC  0|TAMS 0x0000000709b00000, 0x0000000709b00000|
| 156|0x0000000709c00000, 0x0000000709d00000, 0x0000000709d00000|100%| E|CS|TS  1|AC  0|TAMS 0x0000000709c00000, 0x0000000709c00000|
| 157|0x0000000709d00000, 0x0000000709e00000, 0x0000000709e00000|100%| E|CS|TS  1|AC  0|TAMS 0x0000000709d00000, 0x0000000709d00000|
| 158|0x0000000709e00000, 0x0000000709f00000, 0x0000000709f00000|100%| E|CS|TS  1|AC  0|TAMS 0x0000000709e00000, 0x0000000709e00000|
| 159|0x0000000709f00000, 0x000000070a000000, 0x000000070a000000|100%| E|CS|TS  1|AC  0|TAMS 0x0000000709f00000, 0x0000000709f00000|
| 160|0x000000070a000000, 0x000000070a100000, 0x000000070a100000|100%| E|CS|TS  1|AC  0|TAMS 0x000000070a000000, 0x000000070a000000|
| 161|0x000000070a100000, 0x000000070a200000, 0x000000070a200000|100%| E|CS|TS  1|AC  0|TAMS 0x000000070a100000, 0x000000070a100000|
| 162|0x000000070a200000, 0x000000070a300000, 0x000000070a300000|100%| E|CS|TS  1|AC  0|TAMS 0x000000070a200000, 0x000000070a200000|
| 163|0x000000070a300000, 0x000000070a400000, 0x000000070a400000|100%| E|CS|TS  1|AC  0|TAMS 0x000000070a300000, 0x000000070a300000|
| 164|0x000000070a400000, 0x000000070a500000, 0x000000070a500000|100%| E|CS|TS  1|AC  0|TAMS 0x000000070a400000, 0x000000070a400000|
| 165|0x000000070a500000, 0x000000070a600000, 0x000000070a600000|100%| E|CS|TS  1|AC  0|TAMS 0x000000070a500000, 0x000000070a500000|
| 166|0x000000070a600000, 0x000000070a700000, 0x000000070a700000|100%| E|CS|TS  1|AC  0|TAMS 0x000000070a600000, 0x000000070a600000|
| 167|0x000000070a700000, 0x000000070a800000, 0x000000070a800000|100%| E|CS|TS  1|AC  0|TAMS 0x000000070a700000, 0x000000070a700000|
| 168|0x000000070a800000, 0x000000070a900000, 0x000000070a900000|100%| E|CS|TS  1|AC  0|TAMS 0x000000070a800000, 0x000000070a800000|
| 169|0x000000070a900000, 0x000000070aa00000, 0x000000070aa00000|100%| E|CS|TS  1|AC  0|TAMS 0x000000070a900000, 0x000000070a900000|
| 170|0x000000070aa00000, 0x000000070ab00000, 0x000000070ab00000|100%| E|CS|TS  1|AC  0|TAMS 0x000000070aa00000, 0x000000070aa00000|
| 171|0x000000070ab00000, 0x000000070ac00000, 0x000000070ac00000|100%| E|CS|TS  1|AC  0|TAMS 0x000000070ab00000, 0x000000070ab00000|
| 172|0x000000070ac00000, 0x000000070ad00000, 0x000000070ad00000|100%| E|CS|TS  1|AC  0|TAMS 0x000000070ac00000, 0x000000070ac00000|
| 173|0x000000070ad00000, 0x000000070ae00000, 0x000000070ae00000|100%| E|CS|TS  1|AC  0|TAMS 0x000000070ad00000, 0x000000070ad00000|
| 174|0x000000070ae00000, 0x000000070af00000, 0x000000070af00000|100%| E|CS|TS  1|AC  0|TAMS 0x000000070ae00000, 0x000000070ae00000|
| 175|0x000000070af00000, 0x000000070b000000, 0x000000070b000000|100%| E|CS|TS  1|AC  0|TAMS 0x000000070af00000, 0x000000070af00000|
| 176|0x000000070b000000, 0x000000070b100000, 0x000000070b100000|100%| E|CS|TS  1|AC  0|TAMS 0x000000070b000000, 0x000000070b000000|
| 177|0x000000070b100000, 0x000000070b200000, 0x000000070b200000|100%| E|CS|TS  1|AC  0|TAMS 0x000000070b100000, 0x000000070b100000|
| 178|0x000000070b200000, 0x000000070b300000, 0x000000070b300000|100%| E|CS|TS  1|AC  0|TAMS 0x000000070b200000, 0x000000070b200000|
| 179|0x000000070b300000, 0x000000070b400000, 0x000000070b400000|100%| E|CS|TS  1|AC  0|TAMS 0x000000070b300000, 0x000000070b300000|
| 180|0x000000070b400000, 0x000000070b500000, 0x000000070b500000|100%| E|CS|TS  1|AC  0|TAMS 0x000000070b400000, 0x000000070b400000|
| 181|0x000000070b500000, 0x000000070b600000, 0x000000070b600000|100%| E|CS|TS  1|AC  0|TAMS 0x000000070b500000, 0x000000070b500000|
| 182|0x000000070b600000, 0x000000070b700000, 0x000000070b700000|100%| E|CS|TS  1|AC  0|TAMS 0x000000070b600000, 0x000000070b600000|
| 183|0x000000070b700000, 0x000000070b800000, 0x000000070b800000|100%| E|CS|TS  1|AC  0|TAMS 0x000000070b700000, 0x000000070b700000|
| 184|0x000000070b800000, 0x000000070b900000, 0x000000070b900000|100%| E|CS|TS  1|AC  0|TAMS 0x000000070b800000, 0x000000070b800000|

Card table byte_map: [0x00000239483b0000,0x00000239489b0000] byte_map_base: 0x0000023944bb0000

Marking Bits (Prev, Next): (CMBitMap*) 0x0000023946fea6d0, (CMBitMap*) 0x0000023946fea708
 Prev Bits: [0x0000023951090000, 0x0000023954090000)
 Next Bits: [0x0000023954090000, 0x0000023957090000)

Polling page: 0x0000023940850000

CodeHeap 'non-profiled nmethods': size=120064Kb used=9945Kb max_used=10379Kb free=110118Kb
 bounds [0x000002396add0000, 0x000002396b800000, 0x0000023972310000]
CodeHeap 'profiled nmethods': size=120000Kb used=28264Kb max_used=32330Kb free=91736Kb
 bounds [0x00000239638a0000, 0x0000023965860000, 0x000002396add0000]
CodeHeap 'non-nmethods': size=5696Kb used=1739Kb max_used=1775Kb free=3956Kb
 bounds [0x0000023963310000, 0x0000023963580000, 0x00000239638a0000]
 total_blobs=20549 nmethods=11801 adapters=1050
 compilation: enabled

Compilation events (10 events):
Event: 299.968 Thread 0x0000023946c75800 15074       4       java.util.PriorityQueue::siftUpComparable (61 bytes)
Event: 299.976 Thread 0x0000023946c75800 nmethod 15074 0x000002396b202590 code [0x000002396b202740, 0x000002396b202c38]
Event: 306.668 Thread 0x0000023962f59000 15075  s    3       ui.views.a::AH (78 bytes)
Event: 306.669 Thread 0x0000023962f59000 nmethod 15075 0x0000023963b2bd10 code [0x0000023963b2bf60, 0x0000023963b2ca30]
Event: 309.991 Thread 0x0000023962f58800 15076   !   4       javax.swing.TimerQueue::addTimer (82 bytes)
Event: 310.027 Thread 0x0000023962f58800 nmethod 15076 0x000002396b2f2b90 code [0x000002396b2f2e40, 0x000002396b2f4a60]
Event: 314.842 Thread 0x0000023962f59000 15077       3       ui.i::aDj (18 bytes)
Event: 314.842 Thread 0x0000023962f59000 nmethod 15077 0x0000023963ad8f90 code [0x0000023963ad9140, 0x0000023963ad9370]
Event: 318.018 Thread 0x0000023946c75800 15078       4       jdk.internal.org.objectweb.asm.MethodWriter::visitAnnotation (82 bytes)
Event: 318.033 Thread 0x0000023946c75800 nmethod 15078 0x000002396b254b90 code [0x000002396b254d80, 0x000002396b255708]

GC Heap History (10 events):
Event: 47.452 GC heap before
{Heap before GC invocations=27 (full 1):
 garbage-first heap   total 189440K, used 143663K [0x0000000700000000, 0x00000007001005c8, 0x00000007c0000000)
  region size 1024K, 60 young (61440K), 7 survivors (7168K)
 Metaspace       used 75555K, capacity 80641K, committed 80796K, reserved 1118208K
  class space    used 11195K, capacity 12098K, committed 12188K, reserved 1048576K
}
Event: 47.468 GC heap after
{Heap after GC invocations=28 (full 1):
 garbage-first heap   total 189440K, used 89974K [0x0000000700000000, 0x00000007001005c8, 0x00000007c0000000)
  region size 1024K, 2 young (2048K), 2 survivors (2048K)
 Metaspace       used 75555K, capacity 80641K, committed 80796K, reserved 1118208K
  class space    used 11195K, capacity 12098K, committed 12188K, reserved 1048576K
}
Event: 50.905 GC heap before
{Heap before GC invocations=28 (full 1):
 garbage-first heap   total 189440K, used 149366K [0x0000000700000000, 0x00000007001005c8, 0x00000007c0000000)
  region size 1024K, 60 young (61440K), 2 survivors (2048K)
 Metaspace       used 77422K, capacity 82831K, committed 82972K, reserved 1120256K
  class space    used 11519K, capacity 12491K, committed 12572K, reserved 1048576K
}
Event: 50.918 GC heap after
{Heap after GC invocations=29 (full 1):
 garbage-first heap   total 189440K, used 92123K [0x0000000700000000, 0x00000007001005c8, 0x00000007c0000000)
  region size 1024K, 4 young (4096K), 4 survivors (4096K)
 Metaspace       used 77422K, capacity 82831K, committed 82972K, reserved 1120256K
  class space    used 11519K, capacity 12491K, committed 12572K, reserved 1048576K
}
Event: 53.814 GC heap before
{Heap before GC invocations=30 (full 1):
 garbage-first heap   total 189440K, used 149467K [0x0000000700000000, 0x00000007001005c8, 0x00000007c0000000)
  region size 1024K, 60 young (61440K), 4 survivors (4096K)
 Metaspace       used 77836K, capacity 83581K, committed 83868K, reserved 1120256K
  class space    used 11590K, capacity 12604K, committed 12700K, reserved 1048576K
}
Event: 53.822 GC heap after
{Heap after GC invocations=31 (full 1):
 garbage-first heap   total 189440K, used 91732K [0x0000000700000000, 0x00000007001005c8, 0x00000007c0000000)
  region size 1024K, 3 young (3072K), 3 survivors (3072K)
 Metaspace       used 77836K, capacity 83581K, committed 83868K, reserved 1120256K
  class space    used 11590K, capacity 12604K, committed 12700K, reserved 1048576K
}
Event: 104.365 GC heap before
{Heap before GC invocations=31 (full 1):
 garbage-first heap   total 189440K, used 150100K [0x0000000700000000, 0x00000007001005c8, 0x00000007c0000000)
  region size 1024K, 60 young (61440K), 3 survivors (3072K)
 Metaspace       used 77927K, capacity 83645K, committed 83868K, reserved 1120256K
  class space    used 11590K, capacity 12604K, committed 12700K, reserved 1048576K
}
Event: 104.373 GC heap after
{Heap after GC invocations=32 (full 1):
 garbage-first heap   total 189440K, used 91534K [0x0000000700000000, 0x00000007001005c8, 0x00000007c0000000)
  region size 1024K, 3 young (3072K), 3 survivors (3072K)
 Metaspace       used 77927K, capacity 83645K, committed 83868K, reserved 1120256K
  class space    used 11590K, capacity 12604K, committed 12700K, reserved 1048576K
}
Event: 200.842 GC heap before
{Heap before GC invocations=33 (full 1):
 garbage-first heap   total 189440K, used 149902K [0x0000000700000000, 0x00000007001005c8, 0x00000007c0000000)
  region size 1024K, 60 young (61440K), 3 survivors (3072K)
 Metaspace       used 77957K, capacity 83709K, committed 83868K, reserved 1120256K
  class space    used 11591K, capacity 12604K, committed 12700K, reserved 1048576K
}
Event: 200.848 GC heap after
{Heap after GC invocations=34 (full 1):
 garbage-first heap   total 189440K, used 91691K [0x0000000700000000, 0x00000007001005c8, 0x00000007c0000000)
  region size 1024K, 3 young (3072K), 3 survivors (3072K)
 Metaspace       used 77957K, capacity 83709K, committed 83868K, reserved 1120256K
  class space    used 11591K, capacity 12604K, committed 12700K, reserved 1048576K
}

Deoptimization events (10 events):
Event: 52.354 Thread 0x000002394a07f800 Uncommon trap: reason=class_check action=maybe_recompile pc=0x000002396b45cd24 method=java.awt.Container.dispatchEventImpl(Ljava/awt/AWTEvent;)V @ 19 c2
Event: 53.920 Thread 0x000002394a07f800 Uncommon trap: reason=class_check action=maybe_recompile pc=0x000002396b3a13b4 method=java.awt.Container.getMouseEventTargetImpl(IIZLjava/awt/Container$EventTargetFilter;ZZ)Ljava/awt/Component; @ 191 c2
Event: 57.816 Thread 0x000002394a07f800 Uncommon trap: reason=class_check action=maybe_recompile pc=0x000002396b773e1c method=sun.java2d.SunGraphics2D.validatePipe()V @ 26 c2
Event: 57.856 Thread 0x000002394a07f800 Uncommon trap: reason=class_check action=maybe_recompile pc=0x000002396b773e1c method=sun.java2d.SunGraphics2D.validatePipe()V @ 26 c2
Event: 57.896 Thread 0x000002394a07f800 Uncommon trap: reason=class_check action=maybe_recompile pc=0x000002396b773e1c method=sun.java2d.SunGraphics2D.validatePipe()V @ 26 c2
Event: 57.937 Thread 0x000002394a07f800 Uncommon trap: reason=class_check action=maybe_recompile pc=0x000002396b773e1c method=sun.java2d.SunGraphics2D.validatePipe()V @ 26 c2
Event: 93.811 Thread 0x000002394a07f800 Uncommon trap: reason=bimorphic_or_optimized_type_check action=maybe_recompile pc=0x000002396b35e9d0 method=javax.swing.text.SimpleAttributeSet.getAttribute(Ljava/lang/Object;)Ljava/lang/Object; @ 14 c2
Event: 99.230 Thread 0x000002394a07f800 Uncommon trap: reason=class_check action=maybe_recompile pc=0x000002396b3a13b4 method=java.awt.Container.getMouseEventTargetImpl(IIZLjava/awt/Container$EventTargetFilter;ZZ)Ljava/awt/Component; @ 191 c2
Event: 120.424 Thread 0x000002394a07f800 Uncommon trap: reason=bimorphic_or_optimized_type_check action=maybe_recompile pc=0x000002396b35e9d0 method=javax.swing.text.SimpleAttributeSet.getAttribute(Ljava/lang/Object;)Ljava/lang/Object; @ 14 c2
Event: 120.602 Thread 0x000002394a07f800 Uncommon trap: reason=class_check action=maybe_recompile pc=0x000002396b3a13b4 method=java.awt.Container.getMouseEventTargetImpl(IIZLjava/awt/Container$EventTargetFilter;ZZ)Ljava/awt/Component; @ 191 c2

Classes redefined (0 events):
No events

Internal exceptions (10 events):
Event: 303.173 Thread 0x000002394a07f800 Exception <a 'java/io/FileNotFoundException'{0x00000007098c8910}> (0x00000007098c8910) thrown at [t:/workspace/hotspot/src/share/vm/prims/jni.cpp, line 604]
Event: 307.680 Thread 0x000002394a07f800 Exception <a 'java/io/FileNotFoundException'{0x0000000709695140}> (0x0000000709695140) thrown at [t:/workspace/hotspot/src/share/vm/prims/jni.cpp, line 604]
Event: 308.173 Thread 0x000002394a07f800 Exception <a 'java/io/FileNotFoundException'{0x00000007096a7cd8}> (0x00000007096a7cd8) thrown at [t:/workspace/hotspot/src/share/vm/prims/jni.cpp, line 604]
Event: 312.680 Thread 0x000002394a07f800 Exception <a 'java/io/FileNotFoundException'{0x00000007095d8348}> (0x00000007095d8348) thrown at [t:/workspace/hotspot/src/share/vm/prims/jni.cpp, line 604]
Event: 313.173 Thread 0x000002394a07f800 Exception <a 'java/io/FileNotFoundException'{0x00000007095f0b50}> (0x00000007095f0b50) thrown at [t:/workspace/hotspot/src/share/vm/prims/jni.cpp, line 604]
Event: 317.689 Thread 0x000002394a07f800 Exception <a 'java/io/FileNotFoundException'{0x00000007094e06e0}> (0x00000007094e06e0) thrown at [t:/workspace/hotspot/src/share/vm/prims/jni.cpp, line 604]
Event: 318.030 Thread 0x000002397c110000 Exception <a 'java/lang/NoSuchMethodError'{0x0000000709231078}: java.lang.invoke.DirectMethodHandle$Holder.invokeSpecial(Ljava/lang/Object;Ljava/lang/Object;IILjava/lang/Object;JJ)Ljava/lang/Object;> (0x0000000709231078) thrown at [t:/workspace/hotspot/sr
Event: 318.031 Thread 0x000002397c110000 Exception <a 'java/lang/NoSuchMethodError'{0x0000000709234930}: java.lang.invoke.DelegatingMethodHandle$Holder.reinvoke_L(Ljava/lang/Object;IILjava/lang/Object;JJ)Ljava/lang/Object;> (0x0000000709234930) thrown at [t:/workspace/hotspot/src/share/vm/interp
Event: 318.034 Thread 0x000002397c110000 Exception <a 'java/lang/NoSuchMethodError'{0x0000000709253f80}: method resolution failed> (0x0000000709253f80) thrown at [t:/workspace/hotspot/src/share/vm/prims/methodHandles.cpp, line 1256]
Event: 318.192 Thread 0x000002394a07f800 Exception <a 'java/io/FileNotFoundException'{0x00000007094eb970}> (0x00000007094eb970) thrown at [t:/workspace/hotspot/src/share/vm/prims/jni.cpp, line 604]

Events (10 events):
Event: 315.194 Thread 0x000002395d43b800 Thread exited: 0x000002395d43b800
Event: 316.124 Thread 0x000002395d43d800 Thread added: 0x000002395d43d800
Event: 316.219 Thread 0x000002395d43d800 Thread exited: 0x000002395d43d800
Event: 317.166 Thread 0x000002395d43b800 Thread added: 0x000002395d43b800
Event: 317.193 Thread 0x000002395d43b800 Thread exited: 0x000002395d43b800
Event: 318.014 Executing VM operation: RevokeBias
Event: 318.014 Executing VM operation: RevokeBias done
Event: 318.189 Thread 0x000002395d43d800 Thread added: 0x000002395d43d800
Event: 318.213 Thread 0x000002395d43d800 Thread exited: 0x000002395d43d800
Event: 319.194 Thread 0x000002395d43b800 Thread added: 0x000002395d43b800


Dynamic libraries:
0x00007ff6276d0000 - 0x00007ff627700000 	C:\Xilinx\Vivado\2020.1\bin\unwrapped\win64.o\vivado.exe
0x00007fffb27d0000 - 0x00007fffb29c6000 	C:\WINDOWS\SYSTEM32\ntdll.dll
0x00007fffb10f0000 - 0x00007fffb11ad000 	C:\WINDOWS\System32\KERNEL32.DLL
0x00007fffaff10000 - 0x00007fffb01d8000 	C:\WINDOWS\System32\KERNELBASE.dll
0x00007fffb0330000 - 0x00007fffb0430000 	C:\WINDOWS\System32\ucrtbase.dll
0x00007fff70b50000 - 0x00007fff70bed000 	C:\WINDOWS\SYSTEM32\MSVCP140.dll
0x00007fff77090000 - 0x00007fff770a4000 	C:\Xilinx\Vivado\2020.1\lib\win64.o\libboost_signals.dll
0x00007fff76e30000 - 0x00007fff76e4a000 	C:\Xilinx\Vivado\2020.1\lib\win64.o\librdi_commonmain.dll
0x00007fff70bf0000 - 0x00007fff70c07000 	C:\WINDOWS\SYSTEM32\VCRUNTIME140.dll
0x00007fff719c0000 - 0x00007fff719e6000 	C:\Xilinx\Vivado\2020.1\lib\win64.o\libboost_filesystem.dll
0x00007fff78930000 - 0x00007fff7893a000 	C:\Xilinx\Vivado\2020.1\lib\win64.o\librdi_commonversion.dll
0x00007fffb0920000 - 0x00007fffb09cc000 	C:\WINDOWS\System32\ADVAPI32.dll
0x00007fff52270000 - 0x00007fff53336000 	C:\Xilinx\Vivado\2020.1\lib\win64.o\librdi_common.dll
0x00007fffb1330000 - 0x00007fffb13ce000 	C:\WINDOWS\System32\msvcrt.dll
0x00007fffb1530000 - 0x00007fffb16d0000 	C:\WINDOWS\System32\USER32.dll
0x00007fffb26f0000 - 0x00007fffb278b000 	C:\WINDOWS\System32\sechost.dll
0x00007fffb0590000 - 0x00007fffb05b2000 	C:\WINDOWS\System32\win32u.dll
0x00007fffb1c10000 - 0x00007fffb1d34000 	C:\WINDOWS\System32\RPCRT4.dll
0x00007fffb1b40000 - 0x00007fffb1b6a000 	C:\WINDOWS\System32\GDI32.dll
0x00007fffb0480000 - 0x00007fffb0589000 	C:\WINDOWS\System32\gdi32full.dll
0x00007fff566c0000 - 0x00007fff56861000 	C:\Xilinx\Vivado\2020.1\lib\win64.o\librdi_commonxillic.dll
0x00007fffb0290000 - 0x00007fffb032d000 	C:\WINDOWS\System32\msvcp_win.dll
0x00007fffb1430000 - 0x00007fffb149b000 	C:\WINDOWS\System32\WS2_32.dll
0x00007fffb1d50000 - 0x00007fffb2491000 	C:\WINDOWS\System32\SHELL32.dll
0x00007fffb0260000 - 0x00007fffb0287000 	C:\WINDOWS\System32\bcrypt.dll
0x000000005e090000 - 0x000000005e1bb000 	C:\Xilinx\Vivado\2020.1\lib\win64.o\tcl85t.dll
0x00007fff77440000 - 0x00007fff7744b000 	C:\Xilinx\Vivado\2020.1\lib\win64.o\libboost_system.dll
0x00007fff725e0000 - 0x00007fff725f4000 	C:\Xilinx\Vivado\2020.1\lib\win64.o\libboost_date_time.dll
0x00007fff565a0000 - 0x00007fff566b4000 	C:\Xilinx\Vivado\2020.1\lib\win64.o\libboost_regex.dll
0x00007fff71940000 - 0x00007fff719bf000 	C:\Xilinx\Vivado\2020.1\lib\win64.o\libboost_program_options.dll
0x00007fff51f00000 - 0x00007fff5226e000 	C:\Xilinx\Vivado\2020.1\lib\win64.o\libCOIN-all.dll
0x00007fff71670000 - 0x00007fff71691000 	C:\Xilinx\Vivado\2020.1\lib\win64.o\libboost_thread.dll
0x00007fff76e20000 - 0x00007fff76e2f000 	C:\Xilinx\Vivado\2020.1\lib\win64.o\libboost_xilinx.dll
0x00007fff673a0000 - 0x00007fff67422000 	C:\Xilinx\Vivado\2020.1\lib\win64.o\libhdlpsolve.dll
0x00007fff5bd40000 - 0x00007fff5bde5000 	C:\Xilinx\Vivado\2020.1\lib\win64.o\libhdxml.dll
0x00007fff724d0000 - 0x00007fff724ea000 	C:\Xilinx\Vivado\2020.1\lib\win64.o\pthreadVC2.dll
0x00007fff70df0000 - 0x00007fff70e55000 	C:\Xilinx\Vivado\2020.1\lib\win64.o\liblmx6.0.dll
0x00007fff71640000 - 0x00007fff7166e000 	C:\Xilinx\Vivado\2020.1\lib\win64.o\libisl_sysinfo.dll
0x00007fff71610000 - 0x00007fff71631000 	C:\Xilinx\Vivado\2020.1\lib\win64.o\librdizlib.dll
0x00007fff72040000 - 0x00007fff7205c000 	C:\Xilinx\Vivado\2020.1\lib\win64.o\librdiconfig.dll
0x0000000012000000 - 0x0000000012270000 	C:\Xilinx\Vivado\2020.1\lib\win64.o\xerces-c_3_1.dll
0x00007fff51c20000 - 0x00007fff51efb000 	C:\Xilinx\Vivado\2020.1\lib\win64.o\libXil_lmgr11.dll
0x00007fffb1000000 - 0x00007fffb10da000 	C:\WINDOWS\System32\COMDLG32.dll
0x00007fffb09d0000 - 0x00007fffb0d25000 	C:\WINDOWS\System32\combase.dll
0x00007fffb0ef0000 - 0x00007fffb0f9e000 	C:\WINDOWS\System32\shcore.dll
0x00007fff9b660000 - 0x00007fff9b678000 	C:\WINDOWS\SYSTEM32\NETAPI32.dll
0x00007fffb08c0000 - 0x00007fffb0915000 	C:\WINDOWS\System32\SHLWAPI.dll
0x00007fff9ba30000 - 0x00007fff9bf0a000 	C:\WINDOWS\SYSTEM32\WININET.dll
0x00007fffb1260000 - 0x00007fffb132d000 	C:\WINDOWS\System32\OLEAUT32.dll
0x00007fffb24a0000 - 0x00007fffb25ca000 	C:\WINDOWS\System32\ole32.dll
0x00007fff9f660000 - 0x00007fff9f760000 	C:\WINDOWS\SYSTEM32\WINHTTP.dll
0x00007fffb05c0000 - 0x00007fffb0620000 	C:\WINDOWS\System32\WINTRUST.dll
0x00007fffb0620000 - 0x00007fffb077d000 	C:\WINDOWS\System32\CRYPT32.dll
0x00007fff9f790000 - 0x00007fff9f97d000 	C:\WINDOWS\SYSTEM32\urlmon.dll
0x00007fff702a0000 - 0x00007fff702a9000 	C:\WINDOWS\SYSTEM32\WSOCK32.dll
0x00007fff709b0000 - 0x00007fff709de000 	C:\WINDOWS\SYSTEM32\VCOMP140.DLL
0x00007fff73580000 - 0x00007fff7358d000 	C:\Xilinx\Vivado\2020.1\lib\win64.o\libboost_chrono.dll
0x00007fffa6d10000 - 0x00007fffa6dc0000 	C:\WINDOWS\WinSxS\amd64_microsoft.windows.common-controls_6595b64144ccf1df_5.82.19041.488_none_4238de57f6b64d28\COMCTL32.dll
0x00007fffa6c60000 - 0x00007fffa6c7d000 	C:\WINDOWS\SYSTEM32\dhcpcsvc.DLL
0x00007fffa15e0000 - 0x00007fffa1890000 	C:\WINDOWS\SYSTEM32\iertutil.dll
0x00007fff50d80000 - 0x00007fff51c11000 	C:\Xilinx\Vivado\2020.1\lib\win64.o\gurobi65.dll
0x00007fff500c0000 - 0x00007fff50d75a00 	C:\Xilinx\Vivado\2020.1\lib\win64.o\libisl_iostreams.dll
0x00007fff70980000 - 0x00007fff709a5000 	C:\Xilinx\Vivado\2020.1\lib\win64.o\libisl_iosutils.dll
0x00007fff71b80000 - 0x00007fff71b9b000 	C:\Xilinx\Vivado\2020.1\lib\win64.o\libboost_iostreams.dll
0x00007fffaf4b0000 - 0x00007fffaf4bc000 	C:\WINDOWS\SYSTEM32\NETUTILS.DLL
0x00007fffaf700000 - 0x00007fffaf76a000 	C:\WINDOWS\SYSTEM32\MSWSOCK.DLL
0x00007fffb1500000 - 0x00007fffb1530000 	C:\WINDOWS\System32\IMM32.DLL
0x00007fffafb00000 - 0x00007fffafb12000 	C:\WINDOWS\SYSTEM32\MSASN1.dll
0x00007fffae7f0000 - 0x00007fffae802000 	C:\WINDOWS\SYSTEM32\kernel.appcore.dll
0x00007fff4fbc0000 - 0x00007fff500bc000 	C:\Xilinx\Vivado\2020.1\lib\win64.o\librdi_commontasks.dll
0x000000005d660000 - 0x000000005e085000 	C:\Xilinx\Vivado\2020.1\tps\win64\jre9.0.4\bin\server\jvm.dll
0x00007fffb0ee0000 - 0x00007fffb0ee8000 	C:\WINDOWS\System32\PSAPI.DLL
0x00007fffa5370000 - 0x00007fffa537a000 	C:\WINDOWS\SYSTEM32\VERSION.dll
0x00007fff9fa80000 - 0x00007fff9faa7000 	C:\WINDOWS\SYSTEM32\WINMM.dll
0x00007fff97840000 - 0x00007fff9792f000 	C:\WINDOWS\SYSTEM32\MSVCR120.dll
0x00007fff4f8d0000 - 0x00007fff4fbb4000 	C:\Xilinx\Vivado\2020.1\lib\win64.o\librdi_sio.dll
0x00007fffaf3a0000 - 0x00007fffaf3db000 	C:\WINDOWS\SYSTEM32\IPHLPAPI.DLL
0x00007fffaded0000 - 0x00007fffae665000 	C:\WINDOWS\SYSTEM32\windows.storage.dll
0x00007fffaf980000 - 0x00007fffaf9ac000 	C:\WINDOWS\SYSTEM32\Wldp.dll
0x00007fff4d230000 - 0x00007fff4f8c5000 	C:\Xilinx\Vivado\2020.1\lib\win64.o\librdi_tcltasks.dll
0x00007fff61240000 - 0x00007fff612bb000 	C:\Xilinx\Vivado\2020.1\lib\win64.o\librdi_boarddep.dll
0x00007fff54120000 - 0x00007fff542d3000 	C:\Xilinx\Vivado\2020.1\lib\win64.o\librdi_board.dll
0x00007fff4cd60000 - 0x00007fff4d226000 	C:\Xilinx\Vivado\2020.1\lib\win64.o\librdi_bitstream.dll
0x00007fff4cc60000 - 0x00007fff4cd56000 	C:\Xilinx\Vivado\2020.1\lib\win64.o\librdi_chipscope.dll
0x00007fff4ca90000 - 0x00007fff4cc51000 	C:\Xilinx\Vivado\2020.1\lib\win64.o\librdi_chipscopeimpl.dll
0x00007fff4c930000 - 0x00007fff4ca8b000 	C:\Xilinx\Vivado\2020.1\lib\win64.o\librdi_containers.dll
0x00007fff4ad00000 - 0x00007fff4c92a000 	C:\Xilinx\Vivado\2020.1\lib\win64.o\librdi_constraints.dll
0x00007fff4a620000 - 0x00007fff4acf9000 	C:\Xilinx\Vivado\2020.1\lib\win64.o\librdi_coregenipxact.dll
0x00007fff484b0000 - 0x00007fff4a61d000 	C:\Xilinx\Vivado\2020.1\lib\win64.o\librdi_coregen.dll
0x00007fff44180000 - 0x00007fff484ae000 	C:\Xilinx\Vivado\2020.1\lib\win64.o\librdi_designutils.dll
0x00007fff2bf60000 - 0x00007fff2c2ab000 	C:\Xilinx\Vivado\2020.1\lib\win64.o\librdi_dlyest.dll
0x00007fff2c2b0000 - 0x00007fff44180000 	C:\Xilinx\Vivado\2020.1\lib\win64.o\librdi_device.dll
0x00007fff564d0000 - 0x00007fff56594000 	C:\Xilinx\Vivado\2020.1\lib\win64.o\librdi_dsp.dll
0x00007fff2b940000 - 0x00007fff2bf5e000 	C:\Xilinx\Vivado\2020.1\lib\win64.o\librdi_drc.dll
0x00007fff2b620000 - 0x00007fff2b93c000 	C:\Xilinx\Vivado\2020.1\lib\win64.o\librdi_guitools.dll
0x00007fff2af90000 - 0x00007fff2b616000 	C:\Xilinx\Vivado\2020.1\lib\win64.o\librdi_filemgmt.dll
0x00007fff2ad30000 - 0x00007fff2af85000 	C:\Xilinx\Vivado\2020.1\lib\win64.o\librdi_hip_devdesign.dll
0x00007fff56fe0000 - 0x00007fff57057000 	C:\Xilinx\Vivado\2020.1\lib\win64.o\librdi_hdf.dll
0x00007fff2abe0000 - 0x00007fff2ad28000 	C:\Xilinx\Vivado\2020.1\lib\win64.o\librdi_hip_perf_analysis.dll
0x00007fff2a5a0000 - 0x00007fff2abde000 	C:\Xilinx\Vivado\2020.1\lib\win64.o\librdi_memdata.dll
0x00007fff540a0000 - 0x00007fff54114000 	C:\Xilinx\Vivado\2020.1\lib\win64.o\librdi_memoryarray.dll
0x00007fff28c50000 - 0x00007fff2a59a000 	C:\Xilinx\Vivado\2020.1\lib\win64.o\librdi_implflow.dll
0x00007fff25d80000 - 0x00007fff25dce000 	C:\Xilinx\Vivado\2020.1\lib\win64.o\librdi_pfi.dll
0x00007fff25dd0000 - 0x00007fff28c47000 	C:\Xilinx\Vivado\2020.1\lib\win64.o\librdi_mig.dll
0x00007fff25670000 - 0x00007fff25d73000 	C:\Xilinx\Vivado\2020.1\lib\win64.o\librdi_netlist.dll
0x00007fff222b0000 - 0x00007fff22ae4000 	C:\Xilinx\Vivado\2020.1\lib\win64.o\librdi_power.dll
0x00007fff22af0000 - 0x00007fff25661000 	C:\Xilinx\Vivado\2020.1\lib\win64.o\librdi_place.dll
0x00007fff21f50000 - 0x00007fff222a1000 	C:\Xilinx\Vivado\2020.1\lib\win64.o\librdi_platform.dll
0x00007fff21950000 - 0x00007fff21f45000 	C:\Xilinx\Vivado\2020.1\lib\win64.o\librdi_project.dll
0x00007fff21210000 - 0x00007fff2194c000 	C:\Xilinx\Vivado\2020.1\lib\win64.o\librdi_psta.dll
0x00007fff20d70000 - 0x00007fff2120a000 	C:\Xilinx\Vivado\2020.1\lib\win64.o\librdi_runs.dll
0x00007fff20600000 - 0x00007fff20d6f000 	C:\Xilinx\Vivado\2020.1\lib\win64.o\librdi_rsb.dll
0x00007fff204f0000 - 0x00007fff205f8000 	C:\Xilinx\Vivado\2020.1\lib\win64.o\librdi_runsbase.dll
0x00007fff203f0000 - 0x00007fff204ef000 	C:\Xilinx\Vivado\2020.1\lib\win64.o\librdi_xhub.dll
0x00007fff20170000 - 0x00007fff203e5000 	C:\Xilinx\Vivado\2020.1\lib\win64.o\librdi_simdata.dll
0x00007fff1f260000 - 0x00007fff2016a000 	C:\Xilinx\Vivado\2020.1\lib\win64.o\librdi_timing.dll
0x00007fff1f1b0000 - 0x00007fff1f258000 	C:\Xilinx\Vivado\2020.1\lib\win64.o\librdi_xhubtasks.dll
0x00007fff1efd0000 - 0x00007fff1f1a3000 	C:\Xilinx\Vivado\2020.1\lib\win64.o\librdi_advchipscopeimpl.dll
0x00007fff1ef80000 - 0x00007fff1efcc000 	C:\Xilinx\Vivado\2020.1\lib\win64.o\libboost_serialization.dll
0x00007fff1ee90000 - 0x00007fff1ef78000 	C:\Xilinx\Vivado\2020.1\lib\win64.o\librdi_ipconfig_readwrite.dll
0x00007fff1ee20000 - 0x00007fff1ee8c000 	C:\Xilinx\Vivado\2020.1\lib\win64.o\librdi_noc_frameworks.dll
0x00007fff1edd0000 - 0x00007fff1ee1d000 	C:\Xilinx\Vivado\2020.1\lib\win64.o\libboost_graph.dll
0x00007fff1ed80000 - 0x00007fff1edcc000 	C:\Xilinx\Vivado\2020.1\lib\win64.o\librdi_bva.dll
0x00007fff1eb80000 - 0x00007fff1ed73000 	C:\Xilinx\Vivado\2020.1\lib\win64.o\librdi_hip_config.dll
0x00007fff1e030000 - 0x00007fff1eb77000 	C:\Xilinx\Vivado\2020.1\lib\win64.o\libverific.dll
0x00007fff1dae0000 - 0x00007fff1e02e000 	C:\Xilinx\Vivado\2020.1\lib\win64.o\librdi_xdm.dll
0x00007fff1da90000 - 0x00007fff1dadb000 	C:\Xilinx\Vivado\2020.1\lib\win64.o\librdi_wavedata_SimpleApi.dll
0x00007fff1d9f0000 - 0x00007fff1da8e000 	C:\Xilinx\Vivado\2020.1\lib\win64.o\libise.dll

VM Arguments:
jvm_args: -Dsun.java2d.pmoffscreen=false -Dsun.java2d.xrender=false -Dsun.java2d.d3d=false -Dsun.awt.nopixfmt=true -Dsun.java2d.dpiaware=true -Dsun.java2d.uiScale.enabled=false -Xverify:none -Dswing.aatext=true -XX:-UsePerfData -Djdk.map.althashing.threshold=512 -XX:StringTableSize=4072 --add-opens=java.base/java.nio=ALL-UNNAMED --add-opens=java.desktop/sun.swing=ALL-UNNAMED --add-opens=java.desktop/javax.swing=ALL-UNNAMED --add-opens=java.desktop/javax.swing.tree=ALL-UNNAMED --add-opens=java.desktop/javax.swing.plaf.basic=ALL-UNNAMED --add-opens=java.desktop/javax.swing.plaf.synth=ALL-UNNAMED --add-opens=java.desktop/com.sun.awt=ALL-UNNAMED -XX:NewSize=60m -XX:MaxNewSize=60m -Xms128m -Xmx3072m -Xss5m 
java_command: <unknown>
java_class_path (initial): C:/Xilinx/Vivado/2020.1\lib\classes\alloy.jar;C:/Xilinx/Vivado/2020.1\lib\classes\ArchiveSummary.jar;C:/Xilinx/Vivado/2020.1\lib\classes\autoesl-models.jar;C:/Xilinx/Vivado/2020.1\lib\classes\autopilot.scelaborator.jar;C:/Xilinx/Vivado/2020.1\lib\classes\autopilot.sourceprocessor.jar;C:/Xilinx/Vivado/2020.1\lib\classes\autopilot.tbprocessor.jar;C:/Xilinx/Vivado/2020.1\lib\classes\batik-anim.jar;C:/Xilinx/Vivado/2020.1\lib\classes\batik-awt-util.jar;C:/Xilinx/Vivado/2020.1\lib\classes\batik-bridge.jar;C:/Xilinx/Vivado/2020.1\lib\classes\batik-codec.jar;C:/Xilinx/Vivado/2020.1\lib\classes\batik-css.jar;C:/Xilinx/Vivado/2020.1\lib\classes\batik-dom.jar;C:/Xilinx/Vivado/2020.1\lib\classes\batik-ext.jar;C:/Xilinx/Vivado/2020.1\lib\classes\batik-gui-util.jar;C:/Xilinx/Vivado/2020.1\lib\classes\batik-gvt.jar;C:/Xilinx/Vivado/2020.1\lib\classes\batik-parser.jar;C:/Xilinx/Vivado/2020.1\lib\classes\batik-script.jar;C:/Xilinx/Vivado/2020.1\lib\classes\batik-svg-dom.jar;C:/Xilinx/Vivado/2020.1\lib\classes\batik-swing.jar;C:/Xilinx/Vivado/2020.1\lib\classes\batik-transcoder.jar;C:/Xilinx/Vivado/2020.1\lib\classes\batik-util.jar;C:/Xilinx/Vivado/2020.1\lib\classes\batik-xml.jar;C:/Xilinx/Vivado/2020.1\lib\classes\com.google.gson_2.8.2.v20180104-1110.jar;C:/Xilinx/Vivado/2020.1\lib\classes\com.google.guava_27.1.0.v20190517-1946.jar;C:/Xilinx/Vivado/2020.1\lib\classes\com.ibm.icu_4.4.2.v20110208.jar;C:/Xilinx/Vivado/2020.1\lib\classes\com.sigasi.hdt.connection_4.8.0.202004151336.jar;C:/Xilinx/Vivado/2020.1\lib\classes\com.sigasi.hdt.epl_4.8.0.202004151336.jar;C:/Xilinx/Vivado/2020.1\lib\classes\com.sigasi.hdt.project_4.8.0.202004151336.jar;C:/Xilinx/Vivado/2020.1\lib\classes\com.sigasi.hdt.readonlyfilesystem_4.8.0.202004151336.jar;C:/Xilinx/Vivado/2020.1\lib\classes\com.sigasi.lcm_4.8.0.202004151336.jar;C:/Xilinx/Vivado/2020.1\lib\classes\com.sigasi.sdk.client_4.8.0.202004151336.jar;C:/Xilinx/Vivado/2020.1\lib\classes\com.xilinx.hls.services.jar;C:/Xili
Launcher Type: generic

Logging:
Log output configuration:
#0: stdout all=warning uptime,level,tags
#1: stderr all=off uptime,level,tags

Environment Variables:
JAVA_HOME=C:\Program Files\Java\jdk1.8.0_251
PATH=C:/Xilinx/Vivado/2020.1\gnuwin\bin;C:/Xilinx/Vivado/2020.1\gnu\microblaze\nt\bin;C:/Xilinx/Vivado/2020.1/bin;C:/Xilinx/Vivado/2020.1/lib/win64.o;C:/Xilinx/Vivado/2020.1/tps/win64/jre9.0.4/bin/server;C:/Xilinx/Vivado/2020.1/tps/win64/jre9.0.4/bin;C:/Xilinx/Vivado/2020.1/ids_lite/ISE/bin/nt64;C:/Xilinx/Vivado/2020.1/ids_lite/ISE/lib/nt64;C:\Program Files (x86)\Common Files\Oracle\Java\javapath;C:\Windows\system32;C:\Windows;C:\Windows\System32\Wbem;C:\Windows\System32\WindowsPowerShell\v1.0\;C:\Program Files (x86)\NVIDIA Corporation\PhysX\Common;C:\Program Files\Microsoft SQL Server\130\Tools\Binn\;C:\Program Files\dotnet\;C:\Program Files\MATLAB\R2017a\runtime\win64;C:\WINDOWS\System32\OpenSSH\;C:\Program Files\PuTTY\;C:\Program Files\MATLAB\R2017a\bin;C:\matlab\runtime\win64;C:\matlab\bin;C:\Program Files\MATLAB\R2017b\runtime\win64;C:\Program Files\MATLAB\R2017b\bin;C:\Program Files\MATLAB\MATLAB Production Server\R2015a\runtime\win64;C:\Program Files\MATLAB\MATLAB Production Server\R2015a\bin;C:\Program Files\MATLAB\MATLAB Production Server\R2015a\polyspace\bin;C:\MinGW\bin;C:\Program Files\MATLAB\R2019b\bin;C:\Program Files\Java\jdk1.8.0_251\bin;C:\Users\Klaudia\AppData\Local\Microsoft\WindowsApps;;C:\Users\Klaudia\AppData\Local\Programs\Microsoft VS Code\bin;C:\Users\Klaudia\AppData\Local\Programs\Microsoft VS Code\Microsoft VS Code\bin;C:/Xilinx/Vivado/2020.1\tps\mingw\6.2.0\win64.o\nt\bin;C:/Xilinx/Vivado/2020.1\tps\mingw\6.2.0\win64.o\nt\libexec\gcc\x86_64-w64-mingw32\6.2.0;C:/Xilinx/Vivado/2020.1\tps\win64\python-2.7.16;C:/Xilinx/Vivado/2020.1\tps\win64\python-2.7.16\bin;C:/Xilinx/Vivado/2020.1\tps\win64\python-2.7.16\lib;C:/Xilinx/Vivado/2020.1\tps\win64\python-2.7.16\Lib\lib-tk;C:/Xilinx/Vivado/2020.1\tps\win64\python-2.7.16\lib\site-packages
USERNAME=Klaudia
OS=Windows_NT
PROCESSOR_IDENTIFIER=Intel64 Family 6 Model 142 Stepping 9, GenuineIntel



---------------  S Y S T E M  ---------------

OS: Windows 10 , 64 bit Build 19041 (10.0.19041.546)

CPU:total 4 (initial active 4) (2 cores per cpu, 2 threads per core) family 6 model 142 stepping 9, cmov, cx8, fxsr, mmx, sse, sse2, sse3, ssse3, sse4.1, sse4.2, popcnt, avx, avx2, aes, clmul, erms, 3dnowpref, lzcnt, ht, tsc, tscinvbit, bmi1, bmi2, adx, fma

Memory: 4k page, physical 8193548k(546264k free), swap 8193548k(1128k free)

vm_info: Java HotSpot(TM) 64-Bit Server VM (9.0.4+11) for windows-amd64 JRE (9.0.4+11), built on Dec 20 2017 02:18:54 by "mach5one" with MS VC++ 12.0 (VS2013)

END.
