#
# There is insufficient memory for the Java Runtime Environment to continue.
# Native memory allocation (malloc) failed to allocate 2074096 bytes for Chunk::new
# Possible reasons:
#   The system is out of physical RAM or swap space
#   The process is running with CompressedOops enabled, and the Java Heap may be blocking the growth of the native heap
# Possible solutions:
#   Reduce memory load on the system
#   Increase physical memory or swap space
#   Check if swap backing store is full
#   Decrease Java heap size (-Xmx/-Xms)
#   Decrease number of Java threads
#   Decrease Java thread stack sizes (-Xss)
#   Set larger code cache with -XX:ReservedCodeCacheSize=
#   JVM is running with Zero Based Compressed Oops mode in which the Java heap is
#     placed in the first 32GB address space. The Java Heap base address is the
#     maximum limit for the native heap growth. Please use -XX:HeapBaseMinAddress
#     to set the Java Heap base and to place the Java Heap above 32GB virtual address.
# This output file may be truncated or incomplete.
#
#  Out of Memory Error (t:/workspace/hotspot/src/share/vm/memory/allocation.cpp:372), pid=1784, tid=4960
#
# JRE version: Java(TM) SE Runtime Environment (9.0+11) (build 9.0.4+11)
# Java VM: Java HotSpot(TM) 64-Bit Server VM (9.0.4+11, mixed mode, tiered, compressed oops, g1 gc, windows-amd64)
# No core dump will be written. Minidumps are not enabled by default on client versions of Windows
#

---------------  S U M M A R Y ------------

Command Line: -Dsun.java2d.pmoffscreen=false -Dsun.java2d.xrender=false -Dsun.java2d.d3d=false -Dsun.awt.nopixfmt=true -Dsun.java2d.dpiaware=true -Dsun.java2d.uiScale.enabled=false -Xverify:none -Dswing.aatext=true -XX:-UsePerfData -Djdk.map.althashing.threshold=512 -XX:StringTableSize=4072 --add-opens=java.base/java.nio=ALL-UNNAMED --add-opens=java.desktop/sun.swing=ALL-UNNAMED --add-opens=java.desktop/javax.swing=ALL-UNNAMED --add-opens=java.desktop/javax.swing.tree=ALL-UNNAMED --add-opens=java.desktop/javax.swing.plaf.basic=ALL-UNNAMED --add-opens=java.desktop/javax.swing.plaf.synth=ALL-UNNAMED --add-opens=java.desktop/com.sun.awt=ALL-UNNAMED -XX:NewSize=60m -XX:MaxNewSize=60m -Xms128m -Xmx3072m -Xss5m 

Host: Intel(R) Core(TM) i7-7500U CPU @ 2.70GHz, 4 cores, 7G,  Windows 10 , 64 bit Build 19041 (10.0.19041.662)
Time: Sun Dec 13 16:17:55 2020 Central European Standard Time elapsed time: 53 seconds (0d 0h 0m 53s)

---------------  T H R E A D  ---------------

Current thread (0x00000229e3d81800):  JavaThread "C2 CompilerThread0" daemon [_thread_in_native, id=4960, stack(0x0000007674200000,0x0000007674300000)]


Current CompileTask:
C2:  53156 7862       4       sun.swing.SwingUtilities2::getFontStringWidth (30 bytes)

Stack: [0x0000007674200000,0x0000007674300000]
Native frames: (J=compiled Java code, j=interpreted, Vv=VM code, C=native code)
V  [jvm.dll+0x587068]
V  [jvm.dll+0x69c25e]
V  [jvm.dll+0x69d17a]
V  [jvm.dll+0x69d7b3]
V  [jvm.dll+0x21d198]
V  [jvm.dll+0xa7aac]
V  [jvm.dll+0xa83ec]
V  [jvm.dll+0x320eac]
V  [jvm.dll+0x2e7aaa]
V  [jvm.dll+0x2e703a]
V  [jvm.dll+0x1e9ae1]
V  [jvm.dll+0x1e8d86]
V  [jvm.dll+0x1691cb]
V  [jvm.dll+0x1f6570]
V  [jvm.dll+0x1f51f6]
V  [jvm.dll+0x66b44f]
V  [jvm.dll+0x586490]
C  [MSVCR120.dll+0x24f6b]
C  [MSVCR120.dll+0x25098]
C  [KERNEL32.DLL+0x17034]
C  [ntdll.dll+0x4d0d1]


---------------  P R O C E S S  ---------------

Java Threads: ( => current thread )
  0x00000229c7ab8000 JavaThread "SyntheticaAnimation 50" daemon [_thread_blocked, id=13872, stack(0x0000007678e00000,0x0000007679300000)]
  0x00000229c7ab4800 JavaThread "Monitor HEventQueue Thread" [_thread_blocked, id=12168, stack(0x0000007678400000,0x0000007678900000)]
  0x00000229c7ab6800 JavaThread "SyntheticaCleanerThread" daemon [_thread_blocked, id=8444, stack(0x0000007676900000,0x0000007676e00000)]
  0x00000229c7ab6000 JavaThread "Batik CleanerThread" daemon [_thread_blocked, id=13264, stack(0x0000007677d00000,0x0000007678200000)]
  0x00000229d470a800 JavaThread "Process Messages Thread" [_thread_blocked, id=4312, stack(0x0000007677800000,0x0000007677d00000)]
  0x00000229d55b9000 JavaThread "Thread-1" [_thread_blocked, id=12836, stack(0x0000007670b00000,0x0000007671f00000)]
  0x00000229d48de800 JavaThread "AWT-EventQueue-0" [_thread_in_Java, id=13372, stack(0x0000007676e00000,0x0000007677300000)]
  0x00000229d470c800 JavaThread "AWT-Shutdown" [_thread_blocked, id=13384, stack(0x0000007675a00000,0x0000007675f00000)]
  0x00000229d4df9000 JavaThread "TimerQueue" daemon [_thread_blocked, id=13364, stack(0x0000007676400000,0x0000007676900000)]
  0x00000229e4e92800 JavaThread "AWT-Windows" daemon [_thread_in_native, id=8396, stack(0x0000007675f00000,0x0000007676400000)]
  0x00000229e4cbe000 JavaThread "Java2D Disposer" daemon [_thread_blocked, id=13528, stack(0x0000007675500000,0x0000007675a00000)]
  0x00000229e4a4f800 JavaThread "Service Thread" daemon [_thread_blocked, id=12512, stack(0x0000007674f00000,0x0000007675400000)]
  0x00000229caabb000 JavaThread "Common-Cleaner" daemon [_thread_blocked, id=6504, stack(0x0000007674a00000,0x0000007674f00000)]
  0x00000229c7ab7800 JavaThread "Sweeper thread" daemon [_thread_blocked, id=4112, stack(0x0000007674500000,0x0000007674a00000)]
  0x00000229e44c1800 JavaThread "C1 CompilerThread2" daemon [_thread_blocked, id=11444, stack(0x0000007674400000,0x0000007674500000)]
  0x00000229e446b800 JavaThread "C2 CompilerThread1" daemon [_thread_in_native, id=5004, stack(0x0000007674300000,0x0000007674400000)]
=>0x00000229e3d81800 JavaThread "C2 CompilerThread0" daemon [_thread_in_native, id=4960, stack(0x0000007674200000,0x0000007674300000)]
  0x00000229ab115800 JavaThread "Attach Listener" daemon [_thread_blocked, id=14260, stack(0x0000007673d00000,0x0000007674200000)]
  0x00000229e47e5800 JavaThread "Signal Dispatcher" daemon [_thread_blocked, id=13672, stack(0x0000007673800000,0x0000007673d00000)]
  0x00000229e3f58000 JavaThread "Finalizer" daemon [_thread_blocked, id=14264, stack(0x0000007673300000,0x0000007673800000)]
  0x00000229e3f57800 JavaThread "Reference Handler" daemon [_thread_blocked, id=13664, stack(0x0000007672e00000,0x0000007673300000)]
  0x00000229c8178800 JavaThread "main" [_thread_blocked, id=6444, stack(0x0000007670a00000,0x0000007670b00000)]

Other Threads:
  0x00000229c85b9000 VMThread "VM Thread" [stack: 0x0000007672d00000,0x0000007672e00000] [id=10940]
  0x00000229e49c3800 WatcherThread [stack: 0x0000007675400000,0x0000007675500000] [id=13688]
  0x00000229ad491800 GCTaskThread "GC Thread#0" [stack: 0x0000007672200000,0x0000007672300000] [id=13692]
  0x00000229ad7fa800 GCTaskThread "GC Thread#1" [stack: 0x0000007672300000,0x0000007672400000] [id=13388]
  0x00000229ad7fe800 GCTaskThread "GC Thread#2" [stack: 0x0000007672400000,0x0000007672500000] [id=6680]
  0x00000229ad800000 GCTaskThread "GC Thread#3" [stack: 0x0000007672500000,0x0000007672600000] [id=13392]
  0x00000229ad7b8800 ConcurrentGCThread "G1 Main Marker" [stack: 0x0000007672b00000,0x0000007672c00000] [id=10784]
  0x00000229ad7ff800 ConcurrentGCThread "G1 Marker#0" [stack: 0x0000007672c00000,0x0000007672d00000] [id=7188]
  0x00000229e3eec800 ConcurrentGCThread "G1 Refine#0" [stack: 0x0000007672900000,0x0000007672a00000] [id=10052]
  0x00000229e3eeb800 ConcurrentGCThread "G1 Refine#1" [stack: 0x0000007672800000,0x0000007672900000] [id=12476]
  0x00000229e4515800 ConcurrentGCThread "G1 Refine#2" [stack: 0x0000007672700000,0x0000007672800000] [id=1944]
  0x00000229e4152000 ConcurrentGCThread "G1 Refine#3" [stack: 0x0000007672600000,0x0000007672700000] [id=13748]
  0x00000229c8e33000 ConcurrentGCThread "G1 Young RemSet Sampling" [stack: 0x0000007672a00000,0x0000007672b00000] [id=7096]

Threads with active compile tasks:
C2 CompilerThread18022       4       org.apache.batik.css.parser.Scanner::nextChar (94 bytes)
C2 CompilerThread07862       4       sun.swing.SwingUtilities2::getFontStringWidth (30 bytes)

VM state:not at safepoint (normal execution)

VM Mutex/Monitor currently owned by a thread: None

Heap address: 0x0000000700000000, size: 3072 MB, Compressed Oops mode: Zero based, Oop shift amount: 3
Narrow klass base: 0x0000000000000000, Narrow klass shift: 3
Compressed class space size: 1073741824 Address: 0x00000007c0000000

Heap:
 garbage-first heap   total 131072K, used 84209K [0x0000000700000000, 0x0000000700100400, 0x00000007c0000000)
  region size 1024K, 19 young (19456K), 3 survivors (3072K)
 Metaspace       used 53450K, capacity 56133K, committed 56316K, reserved 1097728K
  class space    used 7070K, capacity 7598K, committed 7676K, reserved 1048576K
Heap Regions: E=young(eden), S=young(survivor), O=old, HS=humongous(starts), HC=humongous(continues), CS=collection set, F=free, A=archive, TS=gc time stamp, AC=allocation context, TAMS=top-at-mark-start (previous, next)
|   0|0x0000000700000000, 0x0000000700100000, 0x0000000700100000|100%| O|  |TS  0|AC  0|TAMS 0x0000000700100000, 0x0000000700100000|
|   1|0x0000000700100000, 0x0000000700200000, 0x0000000700200000|100%| O|  |TS  0|AC  0|TAMS 0x0000000700200000, 0x0000000700200000|
|   2|0x0000000700200000, 0x0000000700300000, 0x0000000700300000|100%|HS|  |TS  0|AC  0|TAMS 0x0000000700300000, 0x0000000700300000|
|   3|0x0000000700300000, 0x0000000700400000, 0x0000000700400000|100%|HC|  |TS  0|AC  0|TAMS 0x0000000700400000, 0x0000000700400000|
|   4|0x0000000700400000, 0x0000000700500000, 0x0000000700500000|100%|HS|  |TS  0|AC  0|TAMS 0x0000000700500000, 0x0000000700500000|
|   5|0x0000000700500000, 0x0000000700600000, 0x0000000700600000|100%| O|  |TS  0|AC  0|TAMS 0x0000000700600000, 0x0000000700600000|
|   6|0x0000000700600000, 0x0000000700700000, 0x0000000700700000|100%| O|  |TS  0|AC  0|TAMS 0x0000000700700000, 0x0000000700700000|
|   7|0x0000000700700000, 0x0000000700800000, 0x0000000700800000|100%| O|  |TS  0|AC  0|TAMS 0x0000000700800000, 0x0000000700800000|
|   8|0x0000000700800000, 0x0000000700900000, 0x0000000700900000|100%| O|  |TS  0|AC  0|TAMS 0x0000000700900000, 0x0000000700900000|
|   9|0x0000000700900000, 0x0000000700a00000, 0x0000000700a00000|100%| O|  |TS  0|AC  0|TAMS 0x0000000700a00000, 0x0000000700a00000|
|  10|0x0000000700a00000, 0x0000000700b00000, 0x0000000700b00000|100%| O|  |TS  0|AC  0|TAMS 0x0000000700b00000, 0x0000000700b00000|
|  11|0x0000000700b00000, 0x0000000700c00000, 0x0000000700c00000|100%| O|  |TS  0|AC  0|TAMS 0x0000000700c00000, 0x0000000700c00000|
|  12|0x0000000700c00000, 0x0000000700d00000, 0x0000000700d00000|100%| O|  |TS  0|AC  0|TAMS 0x0000000700d00000, 0x0000000700d00000|
|  13|0x0000000700d00000, 0x0000000700e00000, 0x0000000700e00000|100%| O|  |TS  0|AC  0|TAMS 0x0000000700e00000, 0x0000000700e00000|
|  14|0x0000000700e00000, 0x0000000700f00000, 0x0000000700f00000|100%| O|  |TS  0|AC  0|TAMS 0x0000000700f00000, 0x0000000700f00000|
|  15|0x0000000700f00000, 0x0000000701000000, 0x0000000701000000|100%| O|  |TS  0|AC  0|TAMS 0x0000000701000000, 0x0000000701000000|
|  16|0x0000000701000000, 0x0000000701000000, 0x0000000701100000|  0%| F|  |TS  0|AC  0|TAMS 0x0000000701000000, 0x0000000701000000|
|  17|0x0000000701100000, 0x0000000701100000, 0x0000000701200000|  0%| F|  |TS  0|AC  0|TAMS 0x0000000701100000, 0x0000000701100000|
|  18|0x0000000701200000, 0x0000000701300000, 0x0000000701300000|100%| O|  |TS  0|AC  0|TAMS 0x0000000701300000, 0x0000000701300000|
|  19|0x0000000701300000, 0x0000000701400000, 0x0000000701400000|100%| O|  |TS  0|AC  0|TAMS 0x0000000701400000, 0x0000000701400000|
|  20|0x0000000701400000, 0x0000000701500000, 0x0000000701500000|100%| O|  |TS  0|AC  0|TAMS 0x0000000701500000, 0x0000000701500000|
|  21|0x0000000701500000, 0x0000000701600000, 0x0000000701600000|100%|HS|  |TS  0|AC  0|TAMS 0x0000000701600000, 0x0000000701600000|
|  22|0x0000000701600000, 0x0000000701700000, 0x0000000701700000|100%|HS|  |TS  0|AC  0|TAMS 0x0000000701700000, 0x0000000701700000|
|  23|0x0000000701700000, 0x0000000701700000, 0x0000000701800000|  0%| F|  |TS  0|AC  0|TAMS 0x0000000701700000, 0x0000000701700000|
|  24|0x0000000701800000, 0x0000000701800000, 0x0000000701900000|  0%| F|  |TS  0|AC  0|TAMS 0x0000000701800000, 0x0000000701800000|
|  25|0x0000000701900000, 0x0000000701a00000, 0x0000000701a00000|100%| O|  |TS  0|AC  0|TAMS 0x0000000701a00000, 0x0000000701a00000|
|  26|0x0000000701a00000, 0x0000000701b00000, 0x0000000701b00000|100%| O|  |TS  0|AC  0|TAMS 0x0000000701b00000, 0x0000000701b00000|
|  27|0x0000000701b00000, 0x0000000701c00000, 0x0000000701c00000|100%| O|  |TS  0|AC  0|TAMS 0x0000000701c00000, 0x0000000701c00000|
|  28|0x0000000701c00000, 0x0000000701d00000, 0x0000000701d00000|100%| O|  |TS  0|AC  0|TAMS 0x0000000701d00000, 0x0000000701d00000|
|  29|0x0000000701d00000, 0x0000000701e00000, 0x0000000701e00000|100%| O|  |TS  0|AC  0|TAMS 0x0000000701e00000, 0x0000000701e00000|
|  30|0x0000000701e00000, 0x0000000701f00000, 0x0000000701f00000|100%| O|  |TS  0|AC  0|TAMS 0x0000000701f00000, 0x0000000701f00000|
|  31|0x0000000701f00000, 0x0000000702000000, 0x0000000702000000|100%| O|  |TS  0|AC  0|TAMS 0x0000000702000000, 0x0000000702000000|
|  32|0x0000000702000000, 0x0000000702100000, 0x0000000702100000|100%| O|  |TS  0|AC  0|TAMS 0x0000000702100000, 0x0000000702100000|
|  33|0x0000000702100000, 0x0000000702200000, 0x0000000702200000|100%| O|  |TS  0|AC  0|TAMS 0x0000000702200000, 0x0000000702200000|
|  34|0x0000000702200000, 0x0000000702300000, 0x0000000702300000|100%| O|  |TS  0|AC  0|TAMS 0x0000000702300000, 0x0000000702300000|
|  35|0x0000000702300000, 0x0000000702400000, 0x0000000702400000|100%| O|  |TS  0|AC  0|TAMS 0x0000000702400000, 0x0000000702400000|
|  36|0x0000000702400000, 0x0000000702500000, 0x0000000702500000|100%| O|  |TS  0|AC  0|TAMS 0x0000000702500000, 0x0000000702500000|
|  37|0x0000000702500000, 0x0000000702600000, 0x0000000702600000|100%| O|  |TS  0|AC  0|TAMS 0x0000000702600000, 0x0000000702600000|
|  38|0x0000000702600000, 0x0000000702700000, 0x0000000702700000|100%| O|  |TS  0|AC  0|TAMS 0x0000000702700000, 0x0000000702700000|
|  39|0x0000000702700000, 0x0000000702800000, 0x0000000702800000|100%| O|  |TS  0|AC  0|TAMS 0x0000000702800000, 0x0000000702800000|
|  40|0x0000000702800000, 0x0000000702900000, 0x0000000702900000|100%| O|  |TS  0|AC  0|TAMS 0x0000000702900000, 0x0000000702900000|
|  41|0x0000000702900000, 0x0000000702a00000, 0x0000000702a00000|100%| O|  |TS  0|AC  0|TAMS 0x0000000702a00000, 0x0000000702a00000|
|  42|0x0000000702a00000, 0x0000000702b00000, 0x0000000702b00000|100%| O|  |TS  0|AC  0|TAMS 0x0000000702b00000, 0x0000000702b00000|
|  43|0x0000000702b00000, 0x0000000702c00000, 0x0000000702c00000|100%| O|  |TS  0|AC  0|TAMS 0x0000000702c00000, 0x0000000702c00000|
|  44|0x0000000702c00000, 0x0000000702d00000, 0x0000000702d00000|100%|HS|  |TS  0|AC  0|TAMS 0x0000000702c00000, 0x0000000702c00000|
|  45|0x0000000702d00000, 0x0000000702d00000, 0x0000000702e00000|  0%| F|  |TS  0|AC  0|TAMS 0x0000000702d00000, 0x0000000702d00000|
|  46|0x0000000702e00000, 0x0000000702e00000, 0x0000000702f00000|  0%| F|  |TS  0|AC  0|TAMS 0x0000000702e00000, 0x0000000702e00000|
|  47|0x0000000702f00000, 0x0000000702f00000, 0x0000000703000000|  0%| F|  |TS  0|AC  0|TAMS 0x0000000702f00000, 0x0000000702f00000|
|  48|0x0000000703000000, 0x0000000703100000, 0x0000000703100000|100%| O|  |TS  0|AC  0|TAMS 0x0000000703100000, 0x0000000703100000|
|  49|0x0000000703100000, 0x0000000703200000, 0x0000000703200000|100%| O|  |TS  0|AC  0|TAMS 0x0000000703200000, 0x0000000703200000|
|  50|0x0000000703200000, 0x0000000703300000, 0x0000000703300000|100%| O|  |TS  0|AC  0|TAMS 0x0000000703300000, 0x0000000703300000|
|  51|0x0000000703300000, 0x0000000703400000, 0x0000000703400000|100%| O|  |TS  0|AC  0|TAMS 0x0000000703400000, 0x0000000703400000|
|  52|0x0000000703400000, 0x0000000703500000, 0x0000000703500000|100%| O|  |TS  0|AC  0|TAMS 0x0000000703500000, 0x0000000703500000|
|  53|0x0000000703500000, 0x0000000703600000, 0x0000000703600000|100%| O|  |TS  0|AC  0|TAMS 0x0000000703600000, 0x0000000703600000|
|  54|0x0000000703600000, 0x0000000703600000, 0x0000000703700000|  0%| F|  |TS  0|AC  0|TAMS 0x0000000703600000, 0x0000000703600000|
|  55|0x0000000703700000, 0x0000000703800000, 0x0000000703800000|100%| O|  |TS  0|AC  0|TAMS 0x0000000703800000, 0x0000000703800000|
|  56|0x0000000703800000, 0x0000000703900000, 0x0000000703900000|100%| O|  |TS  0|AC  0|TAMS 0x0000000703900000, 0x0000000703900000|
|  57|0x0000000703900000, 0x0000000703a00000, 0x0000000703a00000|100%| O|  |TS  0|AC  0|TAMS 0x0000000703a00000, 0x0000000703a00000|
|  58|0x0000000703a00000, 0x0000000703b00000, 0x0000000703b00000|100%| O|  |TS  0|AC  0|TAMS 0x0000000703b00000, 0x0000000703b00000|
|  59|0x0000000703b00000, 0x0000000703c00000, 0x0000000703c00000|100%| O|  |TS  0|AC  0|TAMS 0x0000000703c00000, 0x0000000703c00000|
|  60|0x0000000703c00000, 0x0000000703c00000, 0x0000000703d00000|  0%| F|  |TS  0|AC  0|TAMS 0x0000000703c00000, 0x0000000703c00000|
|  61|0x0000000703d00000, 0x0000000703d00000, 0x0000000703e00000|  0%| F|  |TS  0|AC  0|TAMS 0x0000000703d00000, 0x0000000703d00000|
|  62|0x0000000703e00000, 0x0000000703e00000, 0x0000000703f00000|  0%| F|  |TS  0|AC  0|TAMS 0x0000000703e00000, 0x0000000703e00000|
|  63|0x0000000703f00000, 0x0000000703f3c400, 0x0000000704000000| 23%| O|  |TS  0|AC  0|TAMS 0x0000000703f3c400, 0x0000000703f3c400|
|  64|0x0000000704000000, 0x0000000704100000, 0x0000000704100000|100%|HS|  |TS  0|AC  0|TAMS 0x0000000704000000, 0x0000000704000000|
|  65|0x0000000704100000, 0x0000000704200000, 0x0000000704200000|100%|HC|  |TS  0|AC  0|TAMS 0x0000000704100000, 0x0000000704100000|
|  66|0x0000000704200000, 0x0000000704300000, 0x0000000704300000|100%|HC|  |TS  0|AC  0|TAMS 0x0000000704200000, 0x0000000704200000|
|  67|0x0000000704300000, 0x0000000704400000, 0x0000000704400000|100%|HC|  |TS  0|AC  0|TAMS 0x0000000704300000, 0x0000000704300000|
|  68|0x0000000704400000, 0x0000000704500000, 0x0000000704500000|100%|HC|  |TS  0|AC  0|TAMS 0x0000000704400000, 0x0000000704400000|
|  69|0x0000000704500000, 0x0000000704600000, 0x0000000704600000|100%|HC|  |TS  0|AC  0|TAMS 0x0000000704500000, 0x0000000704500000|
|  70|0x0000000704600000, 0x0000000704700000, 0x0000000704700000|100%|HC|  |TS  0|AC  0|TAMS 0x0000000704600000, 0x0000000704600000|
|  71|0x0000000704700000, 0x0000000704800000, 0x0000000704800000|100%|HC|  |TS  0|AC  0|TAMS 0x0000000704700000, 0x0000000704700000|
|  72|0x0000000704800000, 0x0000000704900000, 0x0000000704900000|100%|HC|  |TS  0|AC  0|TAMS 0x0000000704800000, 0x0000000704800000|
|  73|0x0000000704900000, 0x0000000704a00000, 0x0000000704a00000|100%|HC|  |TS  0|AC  0|TAMS 0x0000000704900000, 0x0000000704900000|
|  74|0x0000000704a00000, 0x0000000704b00000, 0x0000000704b00000|100%|HC|  |TS  0|AC  0|TAMS 0x0000000704a00000, 0x0000000704a00000|
|  75|0x0000000704b00000, 0x0000000704c00000, 0x0000000704c00000|100%|HC|  |TS  0|AC  0|TAMS 0x0000000704b00000, 0x0000000704b00000|
|  76|0x0000000704c00000, 0x0000000704c00000, 0x0000000704d00000|  0%| F|  |TS  0|AC  0|TAMS 0x0000000704c00000, 0x0000000704c00000|
|  77|0x0000000704d00000, 0x0000000704d00000, 0x0000000704e00000|  0%| F|  |TS  0|AC  0|TAMS 0x0000000704d00000, 0x0000000704d00000|
|  78|0x0000000704e00000, 0x0000000704e00000, 0x0000000704f00000|  0%| F|  |TS  0|AC  0|TAMS 0x0000000704e00000, 0x0000000704e00000|
|  79|0x0000000704f00000, 0x0000000704f00000, 0x0000000705000000|  0%| F|  |TS  0|AC  0|TAMS 0x0000000704f00000, 0x0000000704f00000|
|  80|0x0000000705000000, 0x0000000705000000, 0x0000000705100000|  0%| F|  |TS  0|AC  0|TAMS 0x0000000705000000, 0x0000000705000000|
|  81|0x0000000705100000, 0x0000000705100000, 0x0000000705200000|  0%| F|  |TS  0|AC  0|TAMS 0x0000000705100000, 0x0000000705100000|
|  82|0x0000000705200000, 0x0000000705200000, 0x0000000705300000|  0%| F|  |TS  0|AC  0|TAMS 0x0000000705200000, 0x0000000705200000|
|  83|0x0000000705300000, 0x0000000705300000, 0x0000000705400000|  0%| F|  |TS  0|AC  0|TAMS 0x0000000705300000, 0x0000000705300000|
|  84|0x0000000705400000, 0x0000000705400000, 0x0000000705500000|  0%| F|  |TS  0|AC  0|TAMS 0x0000000705400000, 0x0000000705400000|
|  85|0x0000000705500000, 0x0000000705500000, 0x0000000705600000|  0%| F|  |TS  0|AC  0|TAMS 0x0000000705500000, 0x0000000705500000|
|  86|0x0000000705600000, 0x0000000705600000, 0x0000000705700000|  0%| F|  |TS  0|AC  0|TAMS 0x0000000705600000, 0x0000000705600000|
|  87|0x0000000705700000, 0x0000000705700000, 0x0000000705800000|  0%| F|  |TS  0|AC  0|TAMS 0x0000000705700000, 0x0000000705700000|
|  88|0x0000000705800000, 0x0000000705800000, 0x0000000705900000|  0%| F|  |TS  0|AC  0|TAMS 0x0000000705800000, 0x0000000705800000|
|  89|0x0000000705900000, 0x0000000705900000, 0x0000000705a00000|  0%| F|  |TS  0|AC  0|TAMS 0x0000000705900000, 0x0000000705900000|
|  90|0x0000000705a00000, 0x0000000705a00000, 0x0000000705b00000|  0%| F|  |TS  0|AC  0|TAMS 0x0000000705a00000, 0x0000000705a00000|
|  91|0x0000000705b00000, 0x0000000705b00000, 0x0000000705c00000|  0%| F|  |TS  0|AC  0|TAMS 0x0000000705b00000, 0x0000000705b00000|
|  92|0x0000000705c00000, 0x0000000705c00000, 0x0000000705d00000|  0%| F|  |TS  0|AC  0|TAMS 0x0000000705c00000, 0x0000000705c00000|
|  93|0x0000000705d00000, 0x0000000705d00000, 0x0000000705e00000|  0%| F|  |TS  0|AC  0|TAMS 0x0000000705d00000, 0x0000000705d00000|
|  94|0x0000000705e00000, 0x0000000705e00000, 0x0000000705f00000|  0%| F|  |TS  0|AC  0|TAMS 0x0000000705e00000, 0x0000000705e00000|
|  95|0x0000000705f00000, 0x0000000705f00000, 0x0000000706000000|  0%| F|  |TS  0|AC  0|TAMS 0x0000000705f00000, 0x0000000705f00000|
|  96|0x0000000706000000, 0x0000000706000000, 0x0000000706100000|  0%| F|  |TS  0|AC  0|TAMS 0x0000000706000000, 0x0000000706000000|
|  97|0x0000000706100000, 0x0000000706100000, 0x0000000706200000|  0%| F|  |TS  0|AC  0|TAMS 0x0000000706100000, 0x0000000706100000|
|  98|0x0000000706200000, 0x0000000706200000, 0x0000000706300000|  0%| F|  |TS  0|AC  0|TAMS 0x0000000706200000, 0x0000000706200000|
|  99|0x0000000706300000, 0x0000000706300000, 0x0000000706400000|  0%| F|  |TS  0|AC  0|TAMS 0x0000000706300000, 0x0000000706300000|
| 100|0x0000000706400000, 0x0000000706400000, 0x0000000706500000|  0%| F|  |TS  0|AC  0|TAMS 0x0000000706400000, 0x0000000706400000|
| 101|0x0000000706500000, 0x0000000706500000, 0x0000000706600000|  0%| F|  |TS  0|AC  0|TAMS 0x0000000706500000, 0x0000000706500000|
| 102|0x0000000706600000, 0x0000000706600000, 0x0000000706700000|  0%| F|  |TS  0|AC  0|TAMS 0x0000000706600000, 0x0000000706600000|
| 103|0x0000000706700000, 0x0000000706700000, 0x0000000706800000|  0%| F|  |TS  0|AC  0|TAMS 0x0000000706700000, 0x0000000706700000|
| 104|0x0000000706800000, 0x0000000706800000, 0x0000000706900000|  0%| F|  |TS  0|AC  0|TAMS 0x0000000706800000, 0x0000000706800000|
| 105|0x0000000706900000, 0x0000000706900000, 0x0000000706a00000|  0%| F|  |TS  0|AC  0|TAMS 0x0000000706900000, 0x0000000706900000|
| 106|0x0000000706a00000, 0x0000000706a00000, 0x0000000706b00000|  0%| F|  |TS  0|AC  0|TAMS 0x0000000706a00000, 0x0000000706a00000|
| 107|0x0000000706b00000, 0x0000000706b00000, 0x0000000706c00000|  0%| F|  |TS  0|AC  0|TAMS 0x0000000706b00000, 0x0000000706b00000|
| 108|0x0000000706c00000, 0x0000000706c00000, 0x0000000706d00000|  0%| F|  |TS  0|AC  0|TAMS 0x0000000706c00000, 0x0000000706c00000|
| 109|0x0000000706d00000, 0x0000000706d80800, 0x0000000706e00000| 50%| E|  |TS  0|AC  0|TAMS 0x0000000706d00000, 0x0000000706d00000|
| 110|0x0000000706e00000, 0x0000000706f00000, 0x0000000706f00000|100%| E|CS|TS  0|AC  0|TAMS 0x0000000706e00000, 0x0000000706e00000|
| 111|0x0000000706f00000, 0x0000000707000000, 0x0000000707000000|100%| E|CS|TS  0|AC  0|TAMS 0x0000000706f00000, 0x0000000706f00000|
| 112|0x0000000707000000, 0x0000000707100000, 0x0000000707100000|100%| E|CS|TS  0|AC  0|TAMS 0x0000000707000000, 0x0000000707000000|
| 113|0x0000000707100000, 0x0000000707200000, 0x0000000707200000|100%| E|CS|TS  0|AC  0|TAMS 0x0000000707100000, 0x0000000707100000|
| 114|0x0000000707200000, 0x0000000707300000, 0x0000000707300000|100%| S|CS|TS  0|AC  0|TAMS 0x0000000707200000, 0x0000000707200000|
| 115|0x0000000707300000, 0x0000000707400000, 0x0000000707400000|100%| S|CS|TS  0|AC  0|TAMS 0x0000000707300000, 0x0000000707300000|
| 116|0x0000000707400000, 0x0000000707500000, 0x0000000707500000|100%| S|CS|TS  0|AC  0|TAMS 0x0000000707400000, 0x0000000707400000|
| 117|0x0000000707500000, 0x0000000707600000, 0x0000000707600000|100%| E|CS|TS  0|AC  0|TAMS 0x0000000707500000, 0x0000000707500000|
| 118|0x0000000707600000, 0x0000000707700000, 0x0000000707700000|100%| E|CS|TS  0|AC  0|TAMS 0x0000000707600000, 0x0000000707600000|
| 119|0x0000000707700000, 0x0000000707800000, 0x0000000707800000|100%| E|CS|TS  0|AC  0|TAMS 0x0000000707700000, 0x0000000707700000|
| 120|0x0000000707800000, 0x0000000707900000, 0x0000000707900000|100%| E|CS|TS  0|AC  0|TAMS 0x0000000707800000, 0x0000000707800000|
| 121|0x0000000707900000, 0x0000000707a00000, 0x0000000707a00000|100%| E|CS|TS  0|AC  0|TAMS 0x0000000707900000, 0x0000000707900000|
| 122|0x0000000707a00000, 0x0000000707b00000, 0x0000000707b00000|100%| E|CS|TS  0|AC  0|TAMS 0x0000000707a00000, 0x0000000707a00000|
| 123|0x0000000707b00000, 0x0000000707c00000, 0x0000000707c00000|100%| E|CS|TS  0|AC  0|TAMS 0x0000000707b00000, 0x0000000707b00000|
| 124|0x0000000707c00000, 0x0000000707d00000, 0x0000000707d00000|100%| E|CS|TS  0|AC  0|TAMS 0x0000000707c00000, 0x0000000707c00000|
| 125|0x0000000707d00000, 0x0000000707e00000, 0x0000000707e00000|100%| E|CS|TS  0|AC  0|TAMS 0x0000000707d00000, 0x0000000707d00000|
| 126|0x0000000707e00000, 0x0000000707f00000, 0x0000000707f00000|100%| E|CS|TS  0|AC  0|TAMS 0x0000000707e00000, 0x0000000707e00000|
| 127|0x0000000707f00000, 0x0000000708000000, 0x0000000708000000|100%| E|CS|TS  0|AC  0|TAMS 0x0000000707f00000, 0x0000000707f00000|

Card table byte_map: [0x00000229c6080000,0x00000229c6680000] byte_map_base: 0x00000229c2880000

Marking Bits (Prev, Next): (CMBitMap*) 0x00000229cb70e768, (CMBitMap*) 0x00000229cb70e730
 Prev Bits: [0x00000229ce720000, 0x00000229d1720000)
 Next Bits: [0x00000229cb720000, 0x00000229ce720000)

Polling page: 0x00000229a88e0000

CodeHeap 'non-profiled nmethods': size=120064Kb used=4970Kb max_used=4970Kb free=115093Kb
 bounds [0x00000229bdd20000, 0x00000229be200000, 0x00000229c5260000]
CodeHeap 'profiled nmethods': size=120000Kb used=18382Kb max_used=18382Kb free=101617Kb
 bounds [0x00000229b67f0000, 0x00000229b7a00000, 0x00000229bdd20000]
CodeHeap 'non-nmethods': size=5696Kb used=1603Kb max_used=1625Kb free=4092Kb
 bounds [0x00000229b6260000, 0x00000229b64d0000, 0x00000229b67f0000]
 total_blobs=11305 nmethods=7135 adapters=864
 compilation: enabled

Compilation events (10 events):
Event: 53.138 Thread 0x00000229e44c1800 8028       3       org.apache.batik.dom.svg.SVGOMElement::getCascadedXMLBase (193 bytes)
Event: 53.139 Thread 0x00000229e44c1800 nmethod 8028 0x00000229b79b3210 code [0x00000229b79b3540, 0x00000229b79b4bc0]
Event: 53.140 Thread 0x00000229e44c1800 8029   !   3       java.awt.geom.Point2D::clone (15 bytes)
Event: 53.141 Thread 0x00000229e44c1800 nmethod 8029 0x00000229b79b5090 code [0x00000229b79b5260, 0x00000229b79b54e0]
Event: 53.141 Thread 0x00000229e44c1800 8030       1       org.apache.batik.util.ParsedURL::getGlobalUserAgent (4 bytes)
Event: 53.141 Thread 0x00000229e44c1800 nmethod 8030 0x00000229be1f0c10 code [0x00000229be1f0dc0, 0x00000229be1f0eb8]
Event: 53.145 Thread 0x00000229e44c1800 8031       1       org.apache.batik.css.parser.CSSSACMediaList::getLength (5 bytes)
Event: 53.145 Thread 0x00000229e44c1800 nmethod 8031 0x00000229be1f0f10 code [0x00000229be1f10c0, 0x00000229be1f11d8]
Event: 53.148 Thread 0x00000229e44c1800 8032   !   3       org.apache.batik.bridge.SVGUtilities::getChainableAttributeNS (247 bytes)
Event: 53.151 Thread 0x00000229e44c1800 nmethod 8032 0x00000229b79b5610 code [0x00000229b79b5a60, 0x00000229b79b8430]

GC Heap History (10 events):
Event: 27.473 GC heap before
{Heap before GC invocations=9 (full 0):
 garbage-first heap   total 131072K, used 88984K [0x0000000700000000, 0x0000000700100400, 0x00000007c0000000)
  region size 1024K, 60 young (61440K), 4 survivors (4096K)
 Metaspace       used 40284K, capacity 42212K, committed 42492K, reserved 1087488K
  class space    used 4888K, capacity 5259K, committed 5372K, reserved 1048576K
}
Event: 27.503 GC heap after
{Heap after GC invocations=10 (full 0):
 garbage-first heap   total 131072K, used 40607K [0x0000000700000000, 0x0000000700100400, 0x00000007c0000000)
  region size 1024K, 8 young (8192K), 8 survivors (8192K)
 Metaspace       used 40284K, capacity 42212K, committed 42492K, reserved 1087488K
  class space    used 4888K, capacity 5259K, committed 5372K, reserved 1048576K
}
Event: 33.539 GC heap before
{Heap before GC invocations=10 (full 0):
 garbage-first heap   total 131072K, used 93855K [0x0000000700000000, 0x0000000700100400, 0x00000007c0000000)
  region size 1024K, 60 young (61440K), 8 survivors (8192K)
 Metaspace       used 45218K, capacity 47315K, committed 47612K, reserved 1091584K
  class space    used 5672K, capacity 6083K, committed 6140K, reserved 1048576K
}
Event: 33.572 GC heap after
{Heap after GC invocations=11 (full 0):
 garbage-first heap   total 131072K, used 48585K [0x0000000700000000, 0x0000000700100400, 0x00000007c0000000)
  region size 1024K, 8 young (8192K), 8 survivors (8192K)
 Metaspace       used 45218K, capacity 47315K, committed 47612K, reserved 1091584K
  class space    used 5672K, capacity 6083K, committed 6140K, reserved 1048576K
}
Event: 43.166 GC heap before
{Heap before GC invocations=11 (full 0):
 garbage-first heap   total 131072K, used 101833K [0x0000000700000000, 0x0000000700100400, 0x00000007c0000000)
  region size 1024K, 60 young (61440K), 8 survivors (8192K)
 Metaspace       used 46269K, capacity 48347K, committed 48508K, reserved 1091584K
  class space    used 5809K, capacity 6214K, committed 6268K, reserved 1048576K
}
Event: 43.182 GC heap after
{Heap after GC invocations=12 (full 0):
 garbage-first heap   total 131072K, used 49809K [0x0000000700000000, 0x0000000700100400, 0x00000007c0000000)
  region size 1024K, 5 young (5120K), 5 survivors (5120K)
 Metaspace       used 46269K, capacity 48347K, committed 48508K, reserved 1091584K
  class space    used 5809K, capacity 6214K, committed 6268K, reserved 1048576K
}
Event: 45.255 GC heap before
{Heap before GC invocations=12 (full 0):
 garbage-first heap   total 131072K, used 110225K [0x0000000700000000, 0x0000000700100400, 0x00000007c0000000)
  region size 1024K, 60 young (61440K), 5 survivors (5120K)
 Metaspace       used 52263K, capacity 54471K, committed 54652K, reserved 1097728K
  class space    used 6836K, capacity 7243K, committed 7292K, reserved 1048576K
}
Event: 45.283 GC heap after
{Heap after GC invocations=13 (full 0):
 garbage-first heap   total 131072K, used 59618K [0x0000000700000000, 0x0000000700100400, 0x00000007c0000000)
  region size 1024K, 8 young (8192K), 8 survivors (8192K)
 Metaspace       used 52263K, capacity 54471K, committed 54652K, reserved 1097728K
  class space    used 6836K, capacity 7243K, committed 7292K, reserved 1048576K
}
Event: 51.408 GC heap before
{Heap before GC invocations=13 (full 0):
 garbage-first heap   total 131072K, used 73954K [0x0000000700000000, 0x0000000700100400, 0x00000007c0000000)
  region size 1024K, 19 young (19456K), 8 survivors (8192K)
 Metaspace       used 52974K, capacity 55585K, committed 55676K, reserved 1097728K
  class space    used 7020K, capacity 7502K, committed 7548K, reserved 1048576K
}
Event: 51.424 GC heap after
{Heap after GC invocations=14 (full 0):
 garbage-first heap   total 131072K, used 59633K [0x0000000700000000, 0x0000000700100400, 0x00000007c0000000)
  region size 1024K, 3 young (3072K), 3 survivors (3072K)
 Metaspace       used 52974K, capacity 55585K, committed 55676K, reserved 1097728K
  class space    used 7020K, capacity 7502K, committed 7548K, reserved 1048576K
}

Deoptimization events (10 events):
Event: 53.011 Thread 0x00000229d48de800 Uncommon trap: reason=unstable_if action=reinterpret pc=0x00000229bde573b0 method=com.sun.org.apache.xerces.internal.impl.XMLEntityScanner.scanLiteral(ILcom/sun/org/apache/xerces/internal/xni/XMLString;Z)I @ 587 c2
Event: 53.011 Thread 0x00000229d48de800 Uncommon trap: reason=unstable_if action=reinterpret pc=0x00000229bde4fcb4 method=com.sun.org.apache.xerces.internal.impl.XMLScanner.scanAttributeValue(Lcom/sun/org/apache/xerces/internal/xni/XMLString;Lcom/sun/org/apache/xerces/internal/xni/XMLString;Lja
Event: 53.012 Thread 0x00000229d48de800 Uncommon trap: reason=unstable_if action=reinterpret pc=0x00000229bde4aea8 method=com.sun.org.apache.xerces.internal.impl.XMLEntityScanner.scanLiteral(ILcom/sun/org/apache/xerces/internal/xni/XMLString;Z)I @ 587 c2
Event: 53.024 Thread 0x00000229d48de800 Uncommon trap: reason=unstable_if action=reinterpret pc=0x00000229bddd1fbc method=com.sun.org.apache.xerces.internal.impl.XMLEntityScanner.scanChar(Lcom/sun/org/apache/xerces/internal/impl/XMLScanner$NameType;)I @ 59 c2
Event: 53.029 Thread 0x00000229d48de800 Uncommon trap: reason=class_check action=maybe_recompile pc=0x00000229bdd7dd40 method=org.apache.batik.util.io.StreamNormalizingReader.read()I @ 55 c2
Event: 53.029 Thread 0x00000229d48de800 Uncommon trap: reason=class_check action=maybe_recompile pc=0x00000229bdd7dd40 method=org.apache.batik.util.io.StreamNormalizingReader.read()I @ 55 c2
Event: 53.029 Thread 0x00000229d48de800 Uncommon trap: reason=class_check action=maybe_recompile pc=0x00000229bdd7dd40 method=org.apache.batik.util.io.StreamNormalizingReader.read()I @ 55 c2
Event: 53.029 Thread 0x00000229d48de800 Uncommon trap: reason=class_check action=maybe_recompile pc=0x00000229bdd7dd40 method=org.apache.batik.util.io.StreamNormalizingReader.read()I @ 55 c2
Event: 53.029 Thread 0x00000229d48de800 Uncommon trap: reason=class_check action=maybe_recompile pc=0x00000229bdfe28a8 method=org.apache.batik.util.io.StreamNormalizingReader.read()I @ 55 c2
Event: 53.037 Thread 0x00000229d48de800 Uncommon trap: reason=unstable_if action=reinterpret pc=0x00000229bde941c0 method=org.apache.batik.css.engine.sac.CSSElementSelector.match(Lorg/w3c/dom/Element;Ljava/lang/String;)Z @ 6 c2

Classes redefined (0 events):
No events

Internal exceptions (10 events):
Event: 51.289 Thread 0x00000229d48de800 Exception <a 'java/lang/NoSuchMethodError'{0x0000000707735fa8}: java.lang.invoke.DirectMethodHandle$Holder.invokeStatic(Ljava/lang/Object;Ljava/lang/Object;Ljava/lang/Object;Ljava/lang/Object;Ljava/lang/Object;IILjava/lang/Object;)Ljava/lang/Object;> (0x0
Event: 51.314 Thread 0x00000229d48de800 Exception <a 'java/lang/NoSuchMethodError'{0x00000007077f4bf0}: java.lang.invoke.DirectMethodHandle$Holder.invokeSpecial(Ljava/lang/Object;Ljava/lang/Object;IIILjava/lang/Object;III)Ljava/lang/Object;> (0x00000007077f4bf0) thrown at [t:/workspace/hotspot/
Event: 51.314 Thread 0x00000229d48de800 Exception <a 'java/lang/NoSuchMethodError'{0x00000007077f80b8}: java.lang.invoke.DelegatingMethodHandle$Holder.reinvoke_L(Ljava/lang/Object;IIILjava/lang/Object;III)Ljava/lang/Object;> (0x00000007077f80b8) thrown at [t:/workspace/hotspot/src/share/vm/inte
Event: 51.316 Thread 0x00000229d48de800 Exception <a 'java/lang/NoSuchMethodError'{0x0000000707628738}: method resolution failed> (0x0000000707628738) thrown at [t:/workspace/hotspot/src/share/vm/prims/methodHandles.cpp, line 1256]
Event: 51.323 Thread 0x00000229d48de800 Exception <a 'java/lang/NoSuchMethodError'{0x00000007076b9dd0}: method resolution failed> (0x00000007076b9dd0) thrown at [t:/workspace/hotspot/src/share/vm/prims/methodHandles.cpp, line 1256]
Event: 51.324 Thread 0x00000229d48de800 Exception <a 'java/lang/NoSuchMethodError'{0x00000007076bde58}: java.lang.invoke.DelegatingMethodHandle$Holder.reinvoke_L(Ljava/lang/Object;Ljava/lang/Object;IILjava/lang/Object;IIILjava/lang/Object;Ljava/lang/Object;II)Ljava/lang/Object;> (0x00000007076b
Event: 51.356 Thread 0x00000229d48de800 Exception <a 'java/lang/NoSuchMethodError'{0x00000007075304b0}: java.lang.invoke.DirectMethodHandle$Holder.invokeSpecial(Ljava/lang/Object;Ljava/lang/Object;IILjava/lang/Object;IIILjava/lang/Object;Ljava/lang/Object;II)Ljava/lang/Object;> (0x0000000707530
Event: 51.357 Thread 0x00000229d48de800 Exception <a 'java/lang/NoSuchMethodError'{0x0000000707533ea8}: java.lang.invoke.DelegatingMethodHandle$Holder.reinvoke_L(Ljava/lang/Object;IILjava/lang/Object;IIILjava/lang/Object;Ljava/lang/Object;II)Ljava/lang/Object;> (0x0000000707533ea8) thrown at [t
Event: 51.359 Thread 0x00000229d48de800 Exception <a 'java/lang/NoSuchMethodError'{0x000000070758edd8}: method resolution failed> (0x000000070758edd8) thrown at [t:/workspace/hotspot/src/share/vm/prims/methodHandles.cpp, line 1256]
Event: 51.359 Thread 0x00000229d48de800 Exception <a 'java/lang/NoSuchMethodError'{0x0000000707592988}: java.lang.invoke.DelegatingMethodHandle$Holder.reinvoke_L(Ljava/lang/Object;Ljava/lang/Object;IIILjava/lang/Object;Ljava/lang/Object;II)Ljava/lang/Object;> (0x0000000707592988) thrown at [t:/

Events (10 events):
Event: 53.037 loading class org/apache/batik/dom/util/IntTable$Entry done
Event: 53.037 loading class org/apache/batik/dom/events/EventListenerList$Entry
Event: 53.037 loading class org/apache/batik/dom/events/EventListenerList$Entry done
Event: 53.037 Thread 0x00000229d48de800 Uncommon trap: trap_request=0xffffff5d fr.pc=0x00000229bde941c0 relative=0x0000000000000220
Event: 53.037 Thread 0x00000229d48de800 DEOPT PACKING pc=0x00000229bde941c0 sp=0x00000076772f5800
Event: 53.049 Thread 0x00000229d48de800 DEOPT UNPACKING pc=0x00000229b62adf29 sp=0x00000076772f5790 mode 2
Event: 53.153 loading class org/apache/batik/dom/events/DocumentEventSupport
Event: 53.153 loading class org/apache/batik/dom/events/DocumentEventSupport done
Event: 53.153 loading class org/apache/batik/dom/events/DocumentEventSupport$SimpleEventFactory
Event: 53.153 loading class org/apache/batik/dom/events/DocumentEventSupport$SimpleEventFactory done


Dynamic libraries:
0x00007ff6360f0000 - 0x00007ff636120000 	C:\Xilinx\Vivado\2020.1\bin\unwrapped\win64.o\vivado.exe
0x00007ffe01ab0000 - 0x00007ffe01ca6000 	C:\WINDOWS\SYSTEM32\ntdll.dll
0x00007ffe00610000 - 0x00007ffe006cd000 	C:\WINDOWS\System32\KERNEL32.DLL
0x00007ffdff460000 - 0x00007ffdff729000 	C:\WINDOWS\System32\KERNELBASE.dll
0x00007ffdff730000 - 0x00007ffdff830000 	C:\WINDOWS\System32\ucrtbase.dll
0x00007ffdb0250000 - 0x00007ffdb0264000 	C:\Xilinx\Vivado\2020.1\lib\win64.o\libboost_signals.dll
0x00007ffdaf180000 - 0x00007ffdb0246000 	C:\Xilinx\Vivado\2020.1\lib\win64.o\librdi_common.dll
0x00007ffe00ef0000 - 0x00007ffe01090000 	C:\WINDOWS\System32\USER32.dll
0x00007ffdffae0000 - 0x00007ffdffb02000 	C:\WINDOWS\System32\win32u.dll
0x00007ffdaf160000 - 0x00007ffdaf17a000 	C:\Xilinx\Vivado\2020.1\lib\win64.o\librdi_commonmain.dll
0x00007ffe006d0000 - 0x00007ffe006fa000 	C:\WINDOWS\System32\GDI32.dll
0x00007ffdff350000 - 0x00007ffdff459000 	C:\WINDOWS\System32\gdi32full.dll
0x00007ffdf9390000 - 0x00007ffdf942d000 	C:\WINDOWS\SYSTEM32\MSVCP140.dll
0x00007ffdff9f0000 - 0x00007ffdffa8d000 	C:\WINDOWS\System32\msvcp_win.dll
0x00007ffe01960000 - 0x00007ffe01a0c000 	C:\WINDOWS\System32\ADVAPI32.dll
0x00007ffe000a0000 - 0x00007ffe0013e000 	C:\WINDOWS\System32\msvcrt.dll
0x00007ffdf9060000 - 0x00007ffdf9077000 	C:\WINDOWS\SYSTEM32\VCRUNTIME140.dll
0x00007ffe00e50000 - 0x00007ffe00eec000 	C:\WINDOWS\System32\sechost.dll
0x00007ffe01230000 - 0x00007ffe0135b000 	C:\WINDOWS\System32\RPCRT4.dll
0x00007ffe00700000 - 0x00007ffe00e42000 	C:\WINDOWS\System32\SHELL32.dll
0x00007ffe01090000 - 0x00007ffe010fb000 	C:\WINDOWS\System32\WS2_32.dll
0x00007ffdff940000 - 0x00007ffdff967000 	C:\WINDOWS\System32\bcrypt.dll
0x00007ffdaec10000 - 0x00007ffdaef7e000 	C:\Xilinx\Vivado\2020.1\lib\win64.o\libCOIN-all.dll
0x00007ffdaeb70000 - 0x00007ffdaeb84000 	C:\Xilinx\Vivado\2020.1\lib\win64.o\libboost_date_time.dll
0x00007ffdaf130000 - 0x00007ffdaf156000 	C:\Xilinx\Vivado\2020.1\lib\win64.o\libboost_filesystem.dll
0x00007ffdaeb90000 - 0x00007ffdaec0f000 	C:\Xilinx\Vivado\2020.1\lib\win64.o\libboost_program_options.dll
0x00007ffdaea50000 - 0x00007ffdaeb64000 	C:\Xilinx\Vivado\2020.1\lib\win64.o\libboost_regex.dll
0x00007ffdaea20000 - 0x00007ffdaea41000 	C:\Xilinx\Vivado\2020.1\lib\win64.o\libboost_thread.dll
0x00007ffdc91e0000 - 0x00007ffdc91eb000 	C:\Xilinx\Vivado\2020.1\lib\win64.o\libboost_system.dll
0x00007ffdc8b40000 - 0x00007ffdc8b4f000 	C:\Xilinx\Vivado\2020.1\lib\win64.o\libboost_xilinx.dll
0x00007ffdae990000 - 0x00007ffdaea12000 	C:\Xilinx\Vivado\2020.1\lib\win64.o\libhdlpsolve.dll
0x00007ffdae8e0000 - 0x00007ffdae985000 	C:\Xilinx\Vivado\2020.1\lib\win64.o\libhdxml.dll
0x00007ffdac960000 - 0x00007ffdad615a00 	C:\Xilinx\Vivado\2020.1\lib\win64.o\libisl_iostreams.dll
0x00007ffdae840000 - 0x00007ffdae8a5000 	C:\Xilinx\Vivado\2020.1\lib\win64.o\liblmx6.0.dll
0x00007ffdae8b0000 - 0x00007ffdae8de000 	C:\Xilinx\Vivado\2020.1\lib\win64.o\libisl_sysinfo.dll
0x00007ffdae820000 - 0x00007ffdae83a000 	C:\Xilinx\Vivado\2020.1\lib\win64.o\pthreadVC2.dll
0x00007ffdaef80000 - 0x00007ffdaf121000 	C:\Xilinx\Vivado\2020.1\lib\win64.o\librdi_commonxillic.dll
0x00007ffdae7d0000 - 0x00007ffdae7ec000 	C:\Xilinx\Vivado\2020.1\lib\win64.o\librdiconfig.dll
0x00007ffdae7f0000 - 0x00007ffdae811000 	C:\Xilinx\Vivado\2020.1\lib\win64.o\librdizlib.dll
0x0000000012000000 - 0x0000000012270000 	C:\Xilinx\Vivado\2020.1\lib\win64.o\xerces-c_3_1.dll
0x000000005e6e0000 - 0x000000005e80b000 	C:\Xilinx\Vivado\2020.1\lib\win64.o\tcl85t.dll
0x00007ffdce030000 - 0x00007ffdce03a000 	C:\Xilinx\Vivado\2020.1\lib\win64.o\librdi_commonversion.dll
0x00007ffde9f10000 - 0x00007ffde9f28000 	C:\WINDOWS\SYSTEM32\NETAPI32.dll
0x00007ffdea9e0000 - 0x00007ffdeaeba000 	C:\WINDOWS\SYSTEM32\WININET.dll
0x00007ffdf0830000 - 0x00007ffdf0930000 	C:\WINDOWS\SYSTEM32\WINHTTP.dll
0x00007ffdedcc0000 - 0x00007ffdedead000 	C:\WINDOWS\SYSTEM32\urlmon.dll
0x00007ffdf9280000 - 0x00007ffdf9289000 	C:\WINDOWS\SYSTEM32\WSOCK32.dll
0x00007ffdae4c0000 - 0x00007ffdae4ee000 	C:\WINDOWS\SYSTEM32\VCOMP140.DLL
0x00007ffdad620000 - 0x00007ffdae4b1000 	C:\Xilinx\Vivado\2020.1\lib\win64.o\gurobi65.dll
0x00007ffdc8850000 - 0x00007ffdc885d000 	C:\Xilinx\Vivado\2020.1\lib\win64.o\libboost_chrono.dll
0x00007ffdac910000 - 0x00007ffdac92b000 	C:\Xilinx\Vivado\2020.1\lib\win64.o\libboost_iostreams.dll
0x00007ffdac930000 - 0x00007ffdac955000 	C:\Xilinx\Vivado\2020.1\lib\win64.o\libisl_iosutils.dll
0x00007ffdee1e0000 - 0x00007ffdee490000 	C:\WINDOWS\SYSTEM32\iertutil.dll
0x00007ffdffb90000 - 0x00007ffdffee6000 	C:\WINDOWS\System32\combase.dll
0x00007ffe01480000 - 0x00007ffe0152e000 	C:\WINDOWS\System32\shcore.dll
0x00007ffdae4f0000 - 0x00007ffdae7cb000 	C:\Xilinx\Vivado\2020.1\lib\win64.o\libXil_lmgr11.dll
0x00007ffe01530000 - 0x00007ffe0160b000 	C:\WINDOWS\System32\COMDLG32.dll
0x00007ffe01810000 - 0x00007ffe01865000 	C:\WINDOWS\System32\SHLWAPI.dll
0x00007ffe01610000 - 0x00007ffe016dd000 	C:\WINDOWS\System32\OLEAUT32.dll
0x00007ffe016e0000 - 0x00007ffe0180a000 	C:\WINDOWS\System32\ole32.dll
0x00007ffdfe6c0000 - 0x00007ffdfe6cc000 	C:\WINDOWS\SYSTEM32\NETUTILS.DLL
0x00007ffdff830000 - 0x00007ffdff890000 	C:\WINDOWS\System32\WINTRUST.dll
0x00007ffdff1f0000 - 0x00007ffdff34d000 	C:\WINDOWS\System32\CRYPT32.dll
0x00007ffdf61b0000 - 0x00007ffdf6260000 	C:\WINDOWS\WinSxS\amd64_microsoft.windows.common-controls_6595b64144ccf1df_5.82.19041.488_none_4238de57f6b64d28\COMCTL32.dll
0x00007ffdf62b0000 - 0x00007ffdf62cd000 	C:\WINDOWS\SYSTEM32\dhcpcsvc.DLL
0x00007ffdfe9e0000 - 0x00007ffdfea4a000 	C:\WINDOWS\SYSTEM32\MSWSOCK.DLL
0x00007ffe01a40000 - 0x00007ffe01a70000 	C:\WINDOWS\System32\IMM32.DLL
0x00007ffdfede0000 - 0x00007ffdfedf2000 	C:\WINDOWS\SYSTEM32\MSASN1.dll
0x00007ffdfdad0000 - 0x00007ffdfdae2000 	C:\WINDOWS\SYSTEM32\kernel.appcore.dll
0x00007ffdac410000 - 0x00007ffdac90c000 	C:\Xilinx\Vivado\2020.1\lib\win64.o\librdi_commontasks.dll
0x000000005dcb0000 - 0x000000005e6d5000 	C:\Xilinx\Vivado\2020.1\tps\win64\jre9.0.4\bin\server\jvm.dll
0x00007ffe01a30000 - 0x00007ffe01a38000 	C:\WINDOWS\System32\PSAPI.DLL
0x00007ffdac120000 - 0x00007ffdac404000 	C:\Xilinx\Vivado\2020.1\lib\win64.o\librdi_sio.dll
0x00007ffdf62a0000 - 0x00007ffdf62aa000 	C:\WINDOWS\SYSTEM32\VERSION.dll
0x00007ffdf3810000 - 0x00007ffdf3837000 	C:\WINDOWS\SYSTEM32\WINMM.dll
0x00007ffde9e20000 - 0x00007ffde9f0f000 	C:\WINDOWS\SYSTEM32\MSVCR120.dll
0x00007ffdfe680000 - 0x00007ffdfe6bb000 	C:\WINDOWS\SYSTEM32\IPHLPAPI.DLL
0x00007ffdfd1b0000 - 0x00007ffdfd945000 	C:\WINDOWS\SYSTEM32\windows.storage.dll
0x00007ffdfec60000 - 0x00007ffdfec8c000 	C:\WINDOWS\SYSTEM32\Wldp.dll
0x00007ffda9a80000 - 0x00007ffdac115000 	C:\Xilinx\Vivado\2020.1\lib\win64.o\librdi_tcltasks.dll
0x00007ffda93f0000 - 0x00007ffda98b6000 	C:\Xilinx\Vivado\2020.1\lib\win64.o\librdi_bitstream.dll
0x00007ffda98c0000 - 0x00007ffda9a73000 	C:\Xilinx\Vivado\2020.1\lib\win64.o\librdi_board.dll
0x00007ffdf9170000 - 0x00007ffdf91eb000 	C:\Xilinx\Vivado\2020.1\lib\win64.o\librdi_boarddep.dll
0x00007ffda92f0000 - 0x00007ffda93e6000 	C:\Xilinx\Vivado\2020.1\lib\win64.o\librdi_chipscope.dll
0x00007ffda7390000 - 0x00007ffda8fba000 	C:\Xilinx\Vivado\2020.1\lib\win64.o\librdi_constraints.dll
0x00007ffda8fc0000 - 0x00007ffda9181000 	C:\Xilinx\Vivado\2020.1\lib\win64.o\librdi_chipscopeimpl.dll
0x00007ffda4b40000 - 0x00007ffda6cad000 	C:\Xilinx\Vivado\2020.1\lib\win64.o\librdi_coregen.dll
0x00007ffda6cb0000 - 0x00007ffda7389000 	C:\Xilinx\Vivado\2020.1\lib\win64.o\librdi_coregenipxact.dll
0x00007ffda0810000 - 0x00007ffda4b3e000 	C:\Xilinx\Vivado\2020.1\lib\win64.o\librdi_designutils.dll
0x00007ffd88940000 - 0x00007ffda0810000 	C:\Xilinx\Vivado\2020.1\lib\win64.o\librdi_device.dll
0x00007ffda9190000 - 0x00007ffda92eb000 	C:\Xilinx\Vivado\2020.1\lib\win64.o\librdi_containers.dll
0x00007ffd885f0000 - 0x00007ffd8893b000 	C:\Xilinx\Vivado\2020.1\lib\win64.o\librdi_dlyest.dll
0x00007ffd87fd0000 - 0x00007ffd885ee000 	C:\Xilinx\Vivado\2020.1\lib\win64.o\librdi_drc.dll
0x00007ffd87f00000 - 0x00007ffd87fc4000 	C:\Xilinx\Vivado\2020.1\lib\win64.o\librdi_dsp.dll
0x00007ffd87b60000 - 0x00007ffd87e7c000 	C:\Xilinx\Vivado\2020.1\lib\win64.o\librdi_guitools.dll
0x00007ffd874d0000 - 0x00007ffd87b56000 	C:\Xilinx\Vivado\2020.1\lib\win64.o\librdi_filemgmt.dll
0x00007ffd87e80000 - 0x00007ffd87ef7000 	C:\Xilinx\Vivado\2020.1\lib\win64.o\librdi_hdf.dll
0x00007ffd87270000 - 0x00007ffd874c5000 	C:\Xilinx\Vivado\2020.1\lib\win64.o\librdi_hip_devdesign.dll
0x00007ffd87120000 - 0x00007ffd87268000 	C:\Xilinx\Vivado\2020.1\lib\win64.o\librdi_hip_perf_analysis.dll
0x00007ffd85110000 - 0x00007ffd86a5a000 	C:\Xilinx\Vivado\2020.1\lib\win64.o\librdi_implflow.dll
0x00007ffd86a60000 - 0x00007ffd8709e000 	C:\Xilinx\Vivado\2020.1\lib\win64.o\librdi_memdata.dll
0x00007ffd870a0000 - 0x00007ffd87114000 	C:\Xilinx\Vivado\2020.1\lib\win64.o\librdi_memoryarray.dll
0x00007ffd82290000 - 0x00007ffd85107000 	C:\Xilinx\Vivado\2020.1\lib\win64.o\librdi_mig.dll
0x00007ffd81b30000 - 0x00007ffd82233000 	C:\Xilinx\Vivado\2020.1\lib\win64.o\librdi_netlist.dll
0x00007ffd82240000 - 0x00007ffd8228e000 	C:\Xilinx\Vivado\2020.1\lib\win64.o\librdi_pfi.dll
0x00007ffd7e410000 - 0x00007ffd80f81000 	C:\Xilinx\Vivado\2020.1\lib\win64.o\librdi_place.dll
0x00007ffd80f90000 - 0x00007ffd817c4000 	C:\Xilinx\Vivado\2020.1\lib\win64.o\librdi_power.dll
0x00007ffd7de10000 - 0x00007ffd7e405000 	C:\Xilinx\Vivado\2020.1\lib\win64.o\librdi_project.dll
0x00007ffd7d6d0000 - 0x00007ffd7de0c000 	C:\Xilinx\Vivado\2020.1\lib\win64.o\librdi_psta.dll
0x00007ffd7cf60000 - 0x00007ffd7d6cf000 	C:\Xilinx\Vivado\2020.1\lib\win64.o\librdi_rsb.dll
0x00007ffd7c9b0000 - 0x00007ffd7cab8000 	C:\Xilinx\Vivado\2020.1\lib\win64.o\librdi_runsbase.dll
0x00007ffd7cac0000 - 0x00007ffd7cf5a000 	C:\Xilinx\Vivado\2020.1\lib\win64.o\librdi_runs.dll
0x00007ffd7c730000 - 0x00007ffd7c9a5000 	C:\Xilinx\Vivado\2020.1\lib\win64.o\librdi_simdata.dll
0x00007ffd7c630000 - 0x00007ffd7c72f000 	C:\Xilinx\Vivado\2020.1\lib\win64.o\librdi_xhub.dll
0x00007ffd7b670000 - 0x00007ffd7c57a000 	C:\Xilinx\Vivado\2020.1\lib\win64.o\librdi_timing.dll
0x00007ffd7c580000 - 0x00007ffd7c628000 	C:\Xilinx\Vivado\2020.1\lib\win64.o\librdi_xhubtasks.dll
0x00007ffd7b490000 - 0x00007ffd7b663000 	C:\Xilinx\Vivado\2020.1\lib\win64.o\librdi_advchipscopeimpl.dll
0x00007ffd7b440000 - 0x00007ffd7b48c000 	C:\Xilinx\Vivado\2020.1\lib\win64.o\libboost_serialization.dll
0x00007ffd7b2e0000 - 0x00007ffd7b3c8000 	C:\Xilinx\Vivado\2020.1\lib\win64.o\librdi_ipconfig_readwrite.dll
0x00007ffd7b3d0000 - 0x00007ffd7b43c000 	C:\Xilinx\Vivado\2020.1\lib\win64.o\librdi_noc_frameworks.dll
0x00007ffd7b290000 - 0x00007ffd7b2dd000 	C:\Xilinx\Vivado\2020.1\lib\win64.o\libboost_graph.dll
0x00007ffd7b240000 - 0x00007ffd7b28c000 	C:\Xilinx\Vivado\2020.1\lib\win64.o\librdi_bva.dll
0x00007ffd817d0000 - 0x00007ffd81b21000 	C:\Xilinx\Vivado\2020.1\lib\win64.o\librdi_platform.dll
0x00007ffd7a4f0000 - 0x00007ffd7b037000 	C:\Xilinx\Vivado\2020.1\lib\win64.o\libverific.dll
0x00007ffd7b040000 - 0x00007ffd7b233000 	C:\Xilinx\Vivado\2020.1\lib\win64.o\librdi_hip_config.dll
0x00007ffd79fa0000 - 0x00007ffd7a4ee000 	C:\Xilinx\Vivado\2020.1\lib\win64.o\librdi_xdm.dll
0x00007ffd79f00000 - 0x00007ffd79f9e000 	C:\Xilinx\Vivado\2020.1\lib\win64.o\libise.dll
0x00007ffd79890000 - 0x00007ffd79eae000 	C:\Xilinx\Vivado\2020.1\lib\win64.o\librdi_wavedata.dll

VM Arguments:
jvm_args: -Dsun.java2d.pmoffscreen=false -Dsun.java2d.xrender=false -Dsun.java2d.d3d=false -Dsun.awt.nopixfmt=true -Dsun.java2d.dpiaware=true -Dsun.java2d.uiScale.enabled=false -Xverify:none -Dswing.aatext=true -XX:-UsePerfData -Djdk.map.althashing.threshold=512 -XX:StringTableSize=4072 --add-opens=java.base/java.nio=ALL-UNNAMED --add-opens=java.desktop/sun.swing=ALL-UNNAMED --add-opens=java.desktop/javax.swing=ALL-UNNAMED --add-opens=java.desktop/javax.swing.tree=ALL-UNNAMED --add-opens=java.desktop/javax.swing.plaf.basic=ALL-UNNAMED --add-opens=java.desktop/javax.swing.plaf.synth=ALL-UNNAMED --add-opens=java.desktop/com.sun.awt=ALL-UNNAMED -XX:NewSize=60m -XX:MaxNewSize=60m -Xms128m -Xmx3072m -Xss5m 
java_command: <unknown>
java_class_path (initial): C:/Xilinx/Vivado/2020.1\lib\classes\alloy.jar;C:/Xilinx/Vivado/2020.1\lib\classes\ArchiveSummary.jar;C:/Xilinx/Vivado/2020.1\lib\classes\autoesl-models.jar;C:/Xilinx/Vivado/2020.1\lib\classes\autopilot.scelaborator.jar;C:/Xilinx/Vivado/2020.1\lib\classes\autopilot.sourceprocessor.jar;C:/Xilinx/Vivado/2020.1\lib\classes\autopilot.tbprocessor.jar;C:/Xilinx/Vivado/2020.1\lib\classes\batik-anim.jar;C:/Xilinx/Vivado/2020.1\lib\classes\batik-awt-util.jar;C:/Xilinx/Vivado/2020.1\lib\classes\batik-bridge.jar;C:/Xilinx/Vivado/2020.1\lib\classes\batik-codec.jar;C:/Xilinx/Vivado/2020.1\lib\classes\batik-css.jar;C:/Xilinx/Vivado/2020.1\lib\classes\batik-dom.jar;C:/Xilinx/Vivado/2020.1\lib\classes\batik-ext.jar;C:/Xilinx/Vivado/2020.1\lib\classes\batik-gui-util.jar;C:/Xilinx/Vivado/2020.1\lib\classes\batik-gvt.jar;C:/Xilinx/Vivado/2020.1\lib\classes\batik-parser.jar;C:/Xilinx/Vivado/2020.1\lib\classes\batik-script.jar;C:/Xilinx/Vivado/2020.1\lib\classes\batik-svg-dom.jar;C:/Xilinx/Vivado/2020.1\lib\classes\batik-swing.jar;C:/Xilinx/Vivado/2020.1\lib\classes\batik-transcoder.jar;C:/Xilinx/Vivado/2020.1\lib\classes\batik-util.jar;C:/Xilinx/Vivado/2020.1\lib\classes\batik-xml.jar;C:/Xilinx/Vivado/2020.1\lib\classes\com.google.gson_2.8.2.v20180104-1110.jar;C:/Xilinx/Vivado/2020.1\lib\classes\com.google.guava_27.1.0.v20190517-1946.jar;C:/Xilinx/Vivado/2020.1\lib\classes\com.ibm.icu_4.4.2.v20110208.jar;C:/Xilinx/Vivado/2020.1\lib\classes\com.sigasi.hdt.connection_4.8.0.202004151336.jar;C:/Xilinx/Vivado/2020.1\lib\classes\com.sigasi.hdt.epl_4.8.0.202004151336.jar;C:/Xilinx/Vivado/2020.1\lib\classes\com.sigasi.hdt.project_4.8.0.202004151336.jar;C:/Xilinx/Vivado/2020.1\lib\classes\com.sigasi.hdt.readonlyfilesystem_4.8.0.202004151336.jar;C:/Xilinx/Vivado/2020.1\lib\classes\com.sigasi.lcm_4.8.0.202004151336.jar;C:/Xilinx/Vivado/2020.1\lib\classes\com.sigasi.sdk.client_4.8.0.202004151336.jar;C:/Xilinx/Vivado/2020.1\lib\classes\com.xilinx.hls.services.jar;C:/Xili
Launcher Type: generic

Logging:
Log output configuration:
#0: stdout all=warning uptime,level,tags
#1: stderr all=off uptime,level,tags

Environment Variables:
JAVA_HOME=C:\Program Files\Java\jdk1.8.0_251
PATH=C:/Xilinx/Vivado/2020.1\gnuwin\bin;C:/Xilinx/Vivado/2020.1\gnu\microblaze\nt\bin;C:/Xilinx/Vivado/2020.1/bin;C:/Xilinx/Vivado/2020.1/lib/win64.o;C:/Xilinx/Vivado/2020.1/tps/win64/jre9.0.4/bin/server;C:/Xilinx/Vivado/2020.1/tps/win64/jre9.0.4/bin;C:/Xilinx/Vivado/2020.1/ids_lite/ISE/bin/nt64;C:/Xilinx/Vivado/2020.1/ids_lite/ISE/lib/nt64;C:\Program Files (x86)\Common Files\Oracle\Java\javapath;C:\Windows\system32;C:\Windows;C:\Windows\System32\Wbem;C:\Windows\System32\WindowsPowerShell\v1.0\;C:\Program Files (x86)\NVIDIA Corporation\PhysX\Common;C:\Program Files\Microsoft SQL Server\130\Tools\Binn\;C:\Program Files\dotnet\;C:\Program Files\MATLAB\R2017a\runtime\win64;C:\WINDOWS\System32\OpenSSH\;C:\Program Files\PuTTY\;C:\Program Files\MATLAB\R2017a\bin;C:\matlab\runtime\win64;C:\matlab\bin;C:\Program Files\MATLAB\R2017b\runtime\win64;C:\Program Files\MATLAB\R2017b\bin;C:\Program Files\MATLAB\MATLAB Production Server\R2015a\runtime\win64;C:\Program Files\MATLAB\MATLAB Production Server\R2015a\bin;C:\Program Files\MATLAB\MATLAB Production Server\R2015a\polyspace\bin;C:\MinGW\bin;C:\Program Files\MATLAB\R2019b\bin;C:\Program Files\Java\jdk1.8.0_251\bin;C:\Users\Klaudia\AppData\Local\Microsoft\WindowsApps;;C:\Users\Klaudia\AppData\Local\Programs\Microsoft VS Code\bin;C:\Users\Klaudia\AppData\Local\Programs\Microsoft VS Code\Microsoft VS Code\bin;C:/Xilinx/Vivado/2020.1\tps\mingw\6.2.0\win64.o\nt\bin;C:/Xilinx/Vivado/2020.1\tps\mingw\6.2.0\win64.o\nt\libexec\gcc\x86_64-w64-mingw32\6.2.0;C:/Xilinx/Vivado/2020.1\tps\win64\python-2.7.16;C:/Xilinx/Vivado/2020.1\tps\win64\python-2.7.16\bin;C:/Xilinx/Vivado/2020.1\tps\win64\python-2.7.16\lib;C:/Xilinx/Vivado/2020.1\tps\win64\python-2.7.16\Lib\lib-tk;C:/Xilinx/Vivado/2020.1\tps\win64\python-2.7.16\lib\site-packages
USERNAME=Klaudia
OS=Windows_NT
PROCESSOR_IDENTIFIER=Intel64 Family 6 Model 142 Stepping 9, GenuineIntel



---------------  S Y S T E M  ---------------

OS: Windows 10 , 64 bit Build 19041 (10.0.19041.662)

CPU:total 4 (initial active 4) (2 cores per cpu, 2 threads per core) family 6 model 142 stepping 9, cmov, cx8, fxsr, mmx, sse, sse2, sse3, ssse3, sse4.1, sse4.2, popcnt, avx, avx2, aes, clmul, erms, 3dnowpref, lzcnt, ht, tsc, tscinvbit, bmi1, bmi2, adx, fma

Memory: 4k page, physical 8193548k(1195888k free), swap 8193548k(4204k free)

vm_info: Java HotSpot(TM) 64-Bit Server VM (9.0.4+11) for windows-amd64 JRE (9.0.4+11), built on Dec 20 2017 02:18:54 by "mach5one" with MS VC++ 12.0 (VS2013)

END.
