#
# There is insufficient memory for the Java Runtime Environment to continue.
# Native memory allocation (malloc) failed to allocate 1829776 bytes for Chunk::new
# Possible reasons:
#   The system is out of physical RAM or swap space
#   The process is running with CompressedOops enabled, and the Java Heap may be blocking the growth of the native heap
# Possible solutions:
#   Reduce memory load on the system
#   Increase physical memory or swap space
#   Check if swap backing store is full
#   Decrease Java heap size (-Xmx/-Xms)
#   Decrease number of Java threads
#   Decrease Java thread stack sizes (-Xss)
#   Set larger code cache with -XX:ReservedCodeCacheSize=
#   JVM is running with Zero Based Compressed Oops mode in which the Java heap is
#     placed in the first 32GB address space. The Java Heap base address is the
#     maximum limit for the native heap growth. Please use -XX:HeapBaseMinAddress
#     to set the Java Heap base and to place the Java Heap above 32GB virtual address.
# This output file may be truncated or incomplete.
#
#  Out of Memory Error (t:/workspace/hotspot/src/share/vm/memory/allocation.cpp:372), pid=9912, tid=13468
#
# JRE version: Java(TM) SE Runtime Environment (9.0+11) (build 9.0.4+11)
# Java VM: Java HotSpot(TM) 64-Bit Server VM (9.0.4+11, mixed mode, tiered, compressed oops, g1 gc, windows-amd64)
# No core dump will be written. Minidumps are not enabled by default on client versions of Windows
#

---------------  S U M M A R Y ------------

Command Line: -Dsun.java2d.pmoffscreen=false -Dsun.java2d.xrender=false -Dsun.java2d.d3d=false -Dsun.awt.nopixfmt=true -Dsun.java2d.dpiaware=true -Dsun.java2d.uiScale.enabled=false -Xverify:none -Dswing.aatext=true -XX:-UsePerfData -Djdk.map.althashing.threshold=512 -XX:StringTableSize=4072 --add-opens=java.base/java.nio=ALL-UNNAMED --add-opens=java.desktop/sun.swing=ALL-UNNAMED --add-opens=java.desktop/javax.swing=ALL-UNNAMED --add-opens=java.desktop/javax.swing.tree=ALL-UNNAMED --add-opens=java.desktop/javax.swing.plaf.basic=ALL-UNNAMED --add-opens=java.desktop/javax.swing.plaf.synth=ALL-UNNAMED --add-opens=java.desktop/com.sun.awt=ALL-UNNAMED -XX:NewSize=60m -XX:MaxNewSize=60m -Xms128m -Xmx3072m -Xss5m 

Host: Intel(R) Core(TM) i7-7500U CPU @ 2.70GHz, 4 cores, 7G,  Windows 10 , 64 bit Build 19041 (10.0.19041.662)
Time: Sun Dec 13 16:17:54 2020 Central European Standard Time elapsed time: 88 seconds (0d 0h 1m 28s)

---------------  T H R E A D  ---------------

Current thread (0x0000027e6f740800):  JavaThread "C2 CompilerThread0" daemon [_thread_in_native, id=13468, stack(0x000000c96c100000,0x000000c96c200000)]


Current CompileTask:
C2:  88122 10748   !   4       java.awt.Component::reshape (312 bytes)

Stack: [0x000000c96c100000,0x000000c96c200000]
Native frames: (J=compiled Java code, j=interpreted, Vv=VM code, C=native code)
V  [jvm.dll+0x587068]

[error occurred during error reporting (printing native stack), id 0xe0000001]


---------------  P R O C E S S  ---------------

Java Threads: ( => current thread )
  0x0000027e72b59800 JavaThread "Update Runs Swing Worker Thread" [_thread_blocked, id=13032, stack(0x000000c972900000,0x000000c972e00000)]
  0x0000027e72b57000 JavaThread "hw_ila_monitor" [_thread_blocked, id=6520, stack(0x000000c971f00000,0x000000c972400000)]
  0x0000027e534cd000 JavaThread "Refresh Filesets Swing Worker Thread" [_thread_blocked, id=7504, stack(0x000000c971a00000,0x000000c971f00000)]
  0x0000027e534c8800 JavaThread "SyntheticaAnimation 70" daemon [_thread_blocked, id=9940, stack(0x000000c971500000,0x000000c971a00000)]
  0x0000027e534cc800 JavaThread "Open Project Thread" [_thread_blocked, id=2980, stack(0x000000c971000000,0x000000c971500000)]
  0x0000027e534cb800 JavaThread "SyntheticaAnimation 25" daemon [_thread_blocked, id=13556, stack(0x000000c970b00000,0x000000c971000000)]
  0x0000027e534cb000 JavaThread "SyntheticaAnimation 50" daemon [_thread_blocked, id=4316, stack(0x000000c970600000,0x000000c970b00000)]
  0x0000027e534c8000 JavaThread "Monitor HEventQueue Thread" [_thread_in_vm, id=5400, stack(0x000000c96f200000,0x000000c96f700000)]
  0x0000027e534c9800 JavaThread "SyntheticaCleanerThread" daemon [_thread_blocked, id=10996, stack(0x000000c970100000,0x000000c970600000)]
  0x0000027e534c6800 JavaThread "Batik CleanerThread" daemon [_thread_blocked, id=13628, stack(0x000000c96fc00000,0x000000c970100000)]
  0x0000027e4eb39800 JavaThread "Process Messages Thread" [_thread_in_vm, id=13552, stack(0x000000c96f700000,0x000000c96fc00000)]
  0x0000027e4e639000 JavaThread "Thread-1" [_thread_in_native, id=10752, stack(0x000000c968a00000,0x000000c969e00000)]
  0x0000027e3ffaa800 JavaThread "AWT-EventQueue-0" [_thread_in_Java, id=13544, stack(0x000000c96ed00000,0x000000c96f200000)]
  0x0000027e3ffec800 JavaThread "AWT-Shutdown" [_thread_blocked, id=13540, stack(0x000000c96d900000,0x000000c96de00000)]
  0x0000027e3ffae800 JavaThread "TimerQueue" daemon [_thread_blocked, id=13532, stack(0x000000c96e300000,0x000000c96e800000)]
  0x0000027e3fe36000 JavaThread "AWT-Windows" daemon [_thread_in_native, id=13524, stack(0x000000c96de00000,0x000000c96e300000)]
  0x0000027e3faf1000 JavaThread "Java2D Disposer" daemon [_thread_blocked, id=13516, stack(0x000000c96d400000,0x000000c96d900000)]
  0x0000027e3f6f1800 JavaThread "Service Thread" daemon [_thread_blocked, id=13508, stack(0x000000c96ce00000,0x000000c96d300000)]
  0x0000027e564fd000 JavaThread "Common-Cleaner" daemon [_thread_blocked, id=13484, stack(0x000000c96c900000,0x000000c96ce00000)]
  0x0000027e534c7000 JavaThread "Sweeper thread" daemon [_thread_in_vm, id=13480, stack(0x000000c96c400000,0x000000c96c900000)]
  0x0000027e55fd8800 JavaThread "C1 CompilerThread2" daemon [_thread_in_vm, id=13476, stack(0x000000c96c300000,0x000000c96c400000)]
  0x0000027e6f129000 JavaThread "C2 CompilerThread1" daemon [_thread_in_native, id=13472, stack(0x000000c96c200000,0x000000c96c300000)]
=>0x0000027e6f740800 JavaThread "C2 CompilerThread0" daemon [_thread_in_native, id=13468, stack(0x000000c96c100000,0x000000c96c200000)]
  0x0000027e37a80800 JavaThread "Attach Listener" daemon [_thread_blocked, id=13464, stack(0x000000c96bc00000,0x000000c96c100000)]
  0x0000027e562d0800 JavaThread "Signal Dispatcher" daemon [_thread_blocked, id=13460, stack(0x000000c96b700000,0x000000c96bc00000)]
  0x0000027e3a2f8800 JavaThread "Finalizer" daemon [_thread_blocked, id=13456, stack(0x000000c96b200000,0x000000c96b700000)]
  0x0000027e3a2f8000 JavaThread "Reference Handler" daemon [_thread_blocked, id=13452, stack(0x000000c96ad00000,0x000000c96b200000)]
  0x0000027e5393e800 JavaThread "main" [_thread_blocked, id=13400, stack(0x000000c96a000000,0x000000c96a100000)]

Other Threads:
  0x0000027e53946800 VMThread "VM Thread" [stack: 0x000000c96ac00000,0x000000c96ad00000] [id=13448]
  0x0000027e3f761800 WatcherThread [stack: 0x000000c96d300000,0x000000c96d400000] [id=13512]
  0x0000027e53348800 GCTaskThread "GC Thread#0" [stack: 0x000000c96a100000,0x000000c96a200000] [id=13404]
  0x0000027e5393f800 GCTaskThread "GC Thread#1" [stack: 0x000000c96a200000,0x000000c96a300000] [id=13408]
  0x0000027e56c56800 GCTaskThread "GC Thread#2" [stack: 0x000000c96a300000,0x000000c96a400000] [id=13412]
  0x0000027e56c57800 GCTaskThread "GC Thread#3" [stack: 0x000000c96a400000,0x000000c96a500000] [id=13416]
  0x0000027e6f328800 ConcurrentGCThread "G1 Main Marker" [stack: 0x000000c96aa00000,0x000000c96ab00000] [id=13440]
  0x0000027e6faed000 ConcurrentGCThread "G1 Marker#0" [stack: 0x000000c96ab00000,0x000000c96ac00000] [id=13444]
  0x0000027e700a9000 ConcurrentGCThread "G1 Refine#0" [stack: 0x000000c96a800000,0x000000c96a900000] [id=13432]
  0x0000027e700a8800 ConcurrentGCThread "G1 Refine#1" [stack: 0x000000c96a700000,0x000000c96a800000] [id=13428]
  0x0000027e6f9fd800 ConcurrentGCThread "G1 Refine#2" [stack: 0x000000c96a600000,0x000000c96a700000] [id=13424]
  0x0000027e70889000 ConcurrentGCThread "G1 Refine#3" [stack: 0x000000c96a500000,0x000000c96a600000] [id=13420]
  0x0000027e53321800 ConcurrentGCThread "G1 Young RemSet Sampling" [stack: 0x000000c96a900000,0x000000c96aa00000] [id=13436]

Threads with active compile tasks:
C1 CompilerThread210856       3       javax.swing.text.DefaultStyledDocument$ElementBuffer::join (373 bytes)
C2 CompilerThread110797       4       javax.swing.JComponent::reshape (10 bytes)
C2 CompilerThread010748   !   4       java.awt.Component::reshape (312 bytes)

VM state:not at safepoint (normal execution)

VM Mutex/Monitor currently owned by a thread:  ([mutex/lock_event])
[0x0000027e70d2dfd0] CodeCache_lock - owner thread: 0x0000000000000000
[0x0000027e70d2ede0] CompiledIC_lock - owner thread: 0x0000000000000000
[0x0000027e70d306a0] Compile_lock - owner thread: 0x0000027e55fd8800
[0x0000027e70d31030] MethodCompileQueue_lock - owner thread: 0x0000027e55fd8800

Heap address: 0x0000000700000000, size: 3072 MB, Compressed Oops mode: Zero based, Oop shift amount: 3
Narrow klass base: 0x0000000000000000, Narrow klass shift: 3
Compressed class space size: 1073741824 Address: 0x00000007c0000000

Heap:
 garbage-first heap   total 157696K, used 90650K [0x0000000700000000, 0x00000007001004d0, 0x00000007c0000000)
  region size 1024K, 24 young (24576K), 5 survivors (5120K)
 Metaspace       used 67090K, capacity 70501K, committed 70860K, reserved 1110016K
  class space    used 9442K, capacity 10076K, committed 10188K, reserved 1048576K
Heap Regions: E=young(eden), S=young(survivor), O=old, HS=humongous(starts), HC=humongous(continues), CS=collection set, F=free, A=archive, TS=gc time stamp, AC=allocation context, TAMS=top-at-mark-start (previous, next)
|   0|0x0000000700000000, 0x00000007000ffff8, 0x0000000700100000| 99%| O|  |TS  0|AC  0|TAMS 0x0000000700000000, 0x0000000700000000|
|   1|0x0000000700100000, 0x00000007001fb470, 0x0000000700200000| 98%| O|  |TS  0|AC  0|TAMS 0x0000000700100000, 0x0000000700100000|
|   2|0x0000000700200000, 0x0000000700300000, 0x0000000700300000|100%|HS|  |TS  0|AC  0|TAMS 0x0000000700200000, 0x0000000700200000|
|   3|0x0000000700300000, 0x0000000700400000, 0x0000000700400000|100%|HC|  |TS  0|AC  0|TAMS 0x0000000700300000, 0x0000000700300000|
|   4|0x0000000700400000, 0x0000000700500000, 0x0000000700500000|100%|HS|  |TS  0|AC  0|TAMS 0x0000000700400000, 0x0000000700400000|
|   5|0x0000000700500000, 0x00000007005da120, 0x0000000700600000| 85%| O|  |TS  0|AC  0|TAMS 0x0000000700500000, 0x0000000700500000|
|   6|0x0000000700600000, 0x00000007006fd548, 0x0000000700700000| 98%| O|  |TS  0|AC  0|TAMS 0x0000000700600000, 0x0000000700600000|
|   7|0x0000000700700000, 0x0000000700800000, 0x0000000700800000|100%| O|  |TS  0|AC  0|TAMS 0x0000000700700000, 0x0000000700700000|
|   8|0x0000000700800000, 0x00000007008e92a8, 0x0000000700900000| 91%| O|  |TS  0|AC  0|TAMS 0x0000000700800000, 0x0000000700800000|
|   9|0x0000000700900000, 0x00000007009f43a8, 0x0000000700a00000| 95%| O|  |TS  0|AC  0|TAMS 0x0000000700900000, 0x0000000700900000|
|  10|0x0000000700a00000, 0x0000000700af8a48, 0x0000000700b00000| 97%| O|  |TS  0|AC  0|TAMS 0x0000000700a00000, 0x0000000700a00000|
|  11|0x0000000700b00000, 0x0000000700c00000, 0x0000000700c00000|100%| O|  |TS  0|AC  0|TAMS 0x0000000700b00000, 0x0000000700b00000|
|  12|0x0000000700c00000, 0x0000000700cfffd8, 0x0000000700d00000| 99%| O|  |TS  0|AC  0|TAMS 0x0000000700c00000, 0x0000000700c00000|
|  13|0x0000000700d00000, 0x0000000700e00000, 0x0000000700e00000|100%| O|  |TS  0|AC  0|TAMS 0x0000000700d00000, 0x0000000700d00000|
|  14|0x0000000700e00000, 0x0000000700effff0, 0x0000000700f00000| 99%| O|  |TS  0|AC  0|TAMS 0x0000000700e00000, 0x0000000700e00000|
|  15|0x0000000700f00000, 0x0000000700fffff0, 0x0000000701000000| 99%| O|  |TS  0|AC  0|TAMS 0x0000000700f00000, 0x0000000700f00000|
|  16|0x0000000701000000, 0x0000000701100000, 0x0000000701100000|100%| O|  |TS  0|AC  0|TAMS 0x0000000701000000, 0x0000000701000000|
|  17|0x0000000701100000, 0x00000007011fffe8, 0x0000000701200000| 99%| O|  |TS  0|AC  0|TAMS 0x0000000701100000, 0x0000000701100000|
|  18|0x0000000701200000, 0x00000007012ffff8, 0x0000000701300000| 99%| O|  |TS  0|AC  0|TAMS 0x0000000701200000, 0x0000000701200000|
|  19|0x0000000701300000, 0x00000007013fffd8, 0x0000000701400000| 99%| O|  |TS  0|AC  0|TAMS 0x0000000701300000, 0x0000000701300000|
|  20|0x0000000701400000, 0x00000007014fffe8, 0x0000000701500000| 99%| O|  |TS  0|AC  0|TAMS 0x0000000701400000, 0x0000000701400000|
|  21|0x0000000701500000, 0x0000000701600000, 0x0000000701600000|100%|HS|  |TS  0|AC  0|TAMS 0x0000000701500000, 0x0000000701500000|
|  22|0x0000000701600000, 0x0000000701700000, 0x0000000701700000|100%|HS|  |TS  0|AC  0|TAMS 0x0000000701600000, 0x0000000701600000|
|  23|0x0000000701700000, 0x00000007017fffe8, 0x0000000701800000| 99%| O|  |TS  0|AC  0|TAMS 0x0000000701700000, 0x0000000701700000|
|  24|0x0000000701800000, 0x0000000701900000, 0x0000000701900000|100%| O|  |TS  0|AC  0|TAMS 0x0000000701800000, 0x0000000701800000|
|  25|0x0000000701900000, 0x00000007019fffb0, 0x0000000701a00000| 99%| O|  |TS  0|AC  0|TAMS 0x0000000701900000, 0x0000000701900000|
|  26|0x0000000701a00000, 0x0000000701afffd8, 0x0000000701b00000| 99%| O|  |TS  0|AC  0|TAMS 0x0000000701a00000, 0x0000000701a00000|
|  27|0x0000000701b00000, 0x0000000701c00000, 0x0000000701c00000|100%| O|  |TS  0|AC  0|TAMS 0x0000000701b00000, 0x0000000701b00000|
|  28|0x0000000701c00000, 0x0000000701cffff0, 0x0000000701d00000| 99%| O|  |TS  0|AC  0|TAMS 0x0000000701c00000, 0x0000000701c00000|
|  29|0x0000000701d00000, 0x0000000701dffd30, 0x0000000701e00000| 99%| O|  |TS  0|AC  0|TAMS 0x0000000701d00000, 0x0000000701d00000|
|  30|0x0000000701e00000, 0x0000000701efffe8, 0x0000000701f00000| 99%| O|  |TS  0|AC  0|TAMS 0x0000000701e00000, 0x0000000701e00000|
|  31|0x0000000701f00000, 0x0000000701ffffe0, 0x0000000702000000| 99%| O|  |TS  0|AC  0|TAMS 0x0000000701f00000, 0x0000000701f00000|
|  32|0x0000000702000000, 0x00000007020fffe0, 0x0000000702100000| 99%| O|  |TS  0|AC  0|TAMS 0x0000000702000000, 0x0000000702000000|
|  33|0x0000000702100000, 0x00000007021fffe0, 0x0000000702200000| 99%| O|  |TS  0|AC  0|TAMS 0x0000000702100000, 0x0000000702100000|
|  34|0x0000000702200000, 0x00000007022ffff8, 0x0000000702300000| 99%| O|  |TS  0|AC  0|TAMS 0x0000000702200000, 0x0000000702200000|
|  35|0x0000000702300000, 0x00000007023fffe0, 0x0000000702400000| 99%| O|  |TS  0|AC  0|TAMS 0x0000000702300000, 0x0000000702300000|
|  36|0x0000000702400000, 0x0000000702500000, 0x0000000702500000|100%| O|  |TS  0|AC  0|TAMS 0x0000000702400000, 0x0000000702400000|
|  37|0x0000000702500000, 0x00000007025fffe8, 0x0000000702600000| 99%| O|  |TS  0|AC  0|TAMS 0x0000000702500000, 0x0000000702500000|
|  38|0x0000000702600000, 0x00000007026fffc8, 0x0000000702700000| 99%| O|  |TS  0|AC  0|TAMS 0x0000000702600000, 0x0000000702600000|
|  39|0x0000000702700000, 0x00000007027ffff0, 0x0000000702800000| 99%| O|  |TS  0|AC  0|TAMS 0x0000000702700000, 0x0000000702700000|
|  40|0x0000000702800000, 0x00000007028fcfa8, 0x0000000702900000| 98%| O|  |TS  0|AC  0|TAMS 0x0000000702800000, 0x0000000702800000|
|  41|0x0000000702900000, 0x00000007029fffc8, 0x0000000702a00000| 99%| O|  |TS  0|AC  0|TAMS 0x0000000702900000, 0x0000000702900000|
|  42|0x0000000702a00000, 0x0000000702afffd0, 0x0000000702b00000| 99%| O|  |TS  0|AC  0|TAMS 0x0000000702a00000, 0x0000000702a00000|
|  43|0x0000000702b00000, 0x0000000702bf1128, 0x0000000702c00000| 94%| O|  |TS  0|AC  0|TAMS 0x0000000702b00000, 0x0000000702b00000|
|  44|0x0000000702c00000, 0x0000000702cc9f40, 0x0000000702d00000| 78%| O|  |TS  0|AC  0|TAMS 0x0000000702c00000, 0x0000000702c00000|
|  45|0x0000000702d00000, 0x0000000702df15f8, 0x0000000702e00000| 94%| O|  |TS  0|AC  0|TAMS 0x0000000702d00000, 0x0000000702d00000|
|  46|0x0000000702e00000, 0x0000000702ea85c8, 0x0000000702f00000| 65%| O|  |TS  0|AC  0|TAMS 0x0000000702e00000, 0x0000000702e00000|
|  47|0x0000000702f00000, 0x0000000702ff5448, 0x0000000703000000| 95%| O|  |TS  0|AC  0|TAMS 0x0000000702f00000, 0x0000000702f00000|
|  48|0x0000000703000000, 0x00000007030fffe0, 0x0000000703100000| 99%| O|  |TS  0|AC  0|TAMS 0x0000000703000000, 0x0000000703000000|
|  49|0x0000000703100000, 0x0000000703140e18, 0x0000000703200000| 25%| O|  |TS  0|AC  0|TAMS 0x0000000703100000, 0x0000000703100000|
|  50|0x0000000703200000, 0x0000000703300000, 0x0000000703300000|100%| O|  |TS  3|AC  0|TAMS 0x0000000703200000, 0x0000000703200000|
|  51|0x0000000703300000, 0x0000000703400000, 0x0000000703400000|100%| O|  |TS  5|AC  0|TAMS 0x0000000703300000, 0x0000000703300000|
|  52|0x0000000703400000, 0x0000000703500000, 0x0000000703500000|100%| O|  |TS  5|AC  0|TAMS 0x0000000703400000, 0x0000000703400000|
|  53|0x0000000703500000, 0x0000000703600000, 0x0000000703600000|100%|HS|  |TS  0|AC  0|TAMS 0x0000000703500000, 0x0000000703500000|
|  54|0x0000000703600000, 0x0000000703700000, 0x0000000703700000|100%|HC|  |TS  0|AC  0|TAMS 0x0000000703600000, 0x0000000703600000|
|  55|0x0000000703700000, 0x0000000703800000, 0x0000000703800000|100%|HC|  |TS  0|AC  0|TAMS 0x0000000703700000, 0x0000000703700000|
|  56|0x0000000703800000, 0x0000000703900000, 0x0000000703900000|100%|HC|  |TS  0|AC  0|TAMS 0x0000000703800000, 0x0000000703800000|
|  57|0x0000000703900000, 0x0000000703a00000, 0x0000000703a00000|100%|HC|  |TS  0|AC  0|TAMS 0x0000000703900000, 0x0000000703900000|
|  58|0x0000000703a00000, 0x0000000703b00000, 0x0000000703b00000|100%|HC|  |TS  0|AC  0|TAMS 0x0000000703a00000, 0x0000000703a00000|
|  59|0x0000000703b00000, 0x0000000703c00000, 0x0000000703c00000|100%|HC|  |TS  0|AC  0|TAMS 0x0000000703b00000, 0x0000000703b00000|
|  60|0x0000000703c00000, 0x0000000703d00000, 0x0000000703d00000|100%|HC|  |TS  0|AC  0|TAMS 0x0000000703c00000, 0x0000000703c00000|
|  61|0x0000000703d00000, 0x0000000703e00000, 0x0000000703e00000|100%|HC|  |TS  0|AC  0|TAMS 0x0000000703d00000, 0x0000000703d00000|
|  62|0x0000000703e00000, 0x0000000703f00000, 0x0000000703f00000|100%|HC|  |TS  0|AC  0|TAMS 0x0000000703e00000, 0x0000000703e00000|
|  63|0x0000000703f00000, 0x0000000704000000, 0x0000000704000000|100%|HC|  |TS  0|AC  0|TAMS 0x0000000703f00000, 0x0000000703f00000|
|  64|0x0000000704000000, 0x0000000704100000, 0x0000000704100000|100%|HC|  |TS  0|AC  0|TAMS 0x0000000704000000, 0x0000000704000000|
|  65|0x0000000704100000, 0x0000000704200000, 0x0000000704200000|100%| O|  |TS  5|AC  0|TAMS 0x0000000704100000, 0x0000000704100000|
|  66|0x0000000704200000, 0x0000000704300000, 0x0000000704300000|100%| O|  |TS  5|AC  0|TAMS 0x0000000704200000, 0x0000000704200000|
|  67|0x0000000704300000, 0x0000000704356600, 0x0000000704400000| 33%| O|  |TS  5|AC  0|TAMS 0x0000000704300000, 0x0000000704300000|
|  68|0x0000000704400000, 0x0000000704400000, 0x0000000704500000|  0%| F|  |TS  0|AC  0|TAMS 0x0000000704400000, 0x0000000704400000|
|  69|0x0000000704500000, 0x0000000704500000, 0x0000000704600000|  0%| F|  |TS  0|AC  0|TAMS 0x0000000704500000, 0x0000000704500000|
|  70|0x0000000704600000, 0x0000000704600000, 0x0000000704700000|  0%| F|  |TS  0|AC  0|TAMS 0x0000000704600000, 0x0000000704600000|
|  71|0x0000000704700000, 0x0000000704700000, 0x0000000704800000|  0%| F|  |TS  0|AC  0|TAMS 0x0000000704700000, 0x0000000704700000|
|  72|0x0000000704800000, 0x0000000704800000, 0x0000000704900000|  0%| F|  |TS  0|AC  0|TAMS 0x0000000704800000, 0x0000000704800000|
|  73|0x0000000704900000, 0x0000000704900000, 0x0000000704a00000|  0%| F|  |TS  0|AC  0|TAMS 0x0000000704900000, 0x0000000704900000|
|  74|0x0000000704a00000, 0x0000000704a00000, 0x0000000704b00000|  0%| F|  |TS  0|AC  0|TAMS 0x0000000704a00000, 0x0000000704a00000|
|  75|0x0000000704b00000, 0x0000000704b00000, 0x0000000704c00000|  0%| F|  |TS  0|AC  0|TAMS 0x0000000704b00000, 0x0000000704b00000|
|  76|0x0000000704c00000, 0x0000000704c00000, 0x0000000704d00000|  0%| F|  |TS  0|AC  0|TAMS 0x0000000704c00000, 0x0000000704c00000|
|  77|0x0000000704d00000, 0x0000000704d00000, 0x0000000704e00000|  0%| F|  |TS  0|AC  0|TAMS 0x0000000704d00000, 0x0000000704d00000|
|  78|0x0000000704e00000, 0x0000000704e00000, 0x0000000704f00000|  0%| F|  |TS  0|AC  0|TAMS 0x0000000704e00000, 0x0000000704e00000|
|  79|0x0000000704f00000, 0x0000000704f00000, 0x0000000705000000|  0%| F|  |TS  0|AC  0|TAMS 0x0000000704f00000, 0x0000000704f00000|
|  80|0x0000000705000000, 0x0000000705000000, 0x0000000705100000|  0%| F|  |TS  0|AC  0|TAMS 0x0000000705000000, 0x0000000705000000|
|  81|0x0000000705100000, 0x0000000705100000, 0x0000000705200000|  0%| F|  |TS  0|AC  0|TAMS 0x0000000705100000, 0x0000000705100000|
|  82|0x0000000705200000, 0x0000000705200000, 0x0000000705300000|  0%| F|  |TS  0|AC  0|TAMS 0x0000000705200000, 0x0000000705200000|
|  83|0x0000000705300000, 0x0000000705300000, 0x0000000705400000|  0%| F|  |TS  0|AC  0|TAMS 0x0000000705300000, 0x0000000705300000|
|  84|0x0000000705400000, 0x0000000705400000, 0x0000000705500000|  0%| F|  |TS  0|AC  0|TAMS 0x0000000705400000, 0x0000000705400000|
|  85|0x0000000705500000, 0x0000000705500000, 0x0000000705600000|  0%| F|  |TS  0|AC  0|TAMS 0x0000000705500000, 0x0000000705500000|
|  86|0x0000000705600000, 0x0000000705600000, 0x0000000705700000|  0%| F|  |TS  0|AC  0|TAMS 0x0000000705600000, 0x0000000705600000|
|  87|0x0000000705700000, 0x0000000705700000, 0x0000000705800000|  0%| F|  |TS  5|AC  0|TAMS 0x0000000705700000, 0x0000000705700000|
|  88|0x0000000705800000, 0x0000000705800000, 0x0000000705900000|  0%| F|  |TS  3|AC  0|TAMS 0x0000000705800000, 0x0000000705800000|
|  89|0x0000000705900000, 0x0000000705900000, 0x0000000705a00000|  0%| F|  |TS  3|AC  0|TAMS 0x0000000705900000, 0x0000000705900000|
|  90|0x0000000705a00000, 0x0000000705b00000, 0x0000000705b00000|100%| S|CS|TS  5|AC  0|TAMS 0x0000000705a00000, 0x0000000705a00000|
|  91|0x0000000705b00000, 0x0000000705c00000, 0x0000000705c00000|100%| S|CS|TS  5|AC  0|TAMS 0x0000000705b00000, 0x0000000705b00000|
|  92|0x0000000705c00000, 0x0000000705d00000, 0x0000000705d00000|100%| S|CS|TS  5|AC  0|TAMS 0x0000000705c00000, 0x0000000705c00000|
|  93|0x0000000705d00000, 0x0000000705e00000, 0x0000000705e00000|100%| S|CS|TS  5|AC  0|TAMS 0x0000000705d00000, 0x0000000705d00000|
|  94|0x0000000705e00000, 0x0000000705e00000, 0x0000000705f00000|  0%| F|  |TS  5|AC  0|TAMS 0x0000000705e00000, 0x0000000705e00000|
|  95|0x0000000705f00000, 0x0000000705f00000, 0x0000000706000000|  0%| F|  |TS  5|AC  0|TAMS 0x0000000705f00000, 0x0000000705f00000|
|  96|0x0000000706000000, 0x0000000706000000, 0x0000000706100000|  0%| F|  |TS  5|AC  0|TAMS 0x0000000706000000, 0x0000000706000000|
|  97|0x0000000706100000, 0x0000000706100000, 0x0000000706200000|  0%| F|  |TS  5|AC  0|TAMS 0x0000000706100000, 0x0000000706100000|
|  98|0x0000000706200000, 0x0000000706200000, 0x0000000706300000|  0%| F|  |TS  5|AC  0|TAMS 0x0000000706200000, 0x0000000706200000|
|  99|0x0000000706300000, 0x0000000706300000, 0x0000000706400000|  0%| F|  |TS  5|AC  0|TAMS 0x0000000706300000, 0x0000000706300000|
| 100|0x0000000706400000, 0x0000000706500000, 0x0000000706500000|100%| S|CS|TS  5|AC  0|TAMS 0x0000000706400000, 0x0000000706400000|
| 101|0x0000000706500000, 0x0000000706500000, 0x0000000706600000|  0%| F|  |TS  5|AC  0|TAMS 0x0000000706500000, 0x0000000706500000|
| 102|0x0000000706600000, 0x0000000706600000, 0x0000000706700000|  0%| F|  |TS  5|AC  0|TAMS 0x0000000706600000, 0x0000000706600000|
| 103|0x0000000706700000, 0x0000000706700000, 0x0000000706800000|  0%| F|  |TS  5|AC  0|TAMS 0x0000000706700000, 0x0000000706700000|
| 104|0x0000000706800000, 0x0000000706800000, 0x0000000706900000|  0%| F|  |TS  5|AC  0|TAMS 0x0000000706800000, 0x0000000706800000|
| 105|0x0000000706900000, 0x0000000706900000, 0x0000000706a00000|  0%| F|  |TS  5|AC  0|TAMS 0x0000000706900000, 0x0000000706900000|
| 106|0x0000000706a00000, 0x0000000706a00000, 0x0000000706b00000|  0%| F|  |TS  5|AC  0|TAMS 0x0000000706a00000, 0x0000000706a00000|
| 107|0x0000000706b00000, 0x0000000706b00000, 0x0000000706c00000|  0%| F|  |TS  5|AC  0|TAMS 0x0000000706b00000, 0x0000000706b00000|
| 108|0x0000000706c00000, 0x0000000706c00000, 0x0000000706d00000|  0%| F|  |TS  5|AC  0|TAMS 0x0000000706c00000, 0x0000000706c00000|
| 109|0x0000000706d00000, 0x0000000706d00000, 0x0000000706e00000|  0%| F|  |TS  5|AC  0|TAMS 0x0000000706d00000, 0x0000000706d00000|
| 110|0x0000000706e00000, 0x0000000706e00000, 0x0000000706f00000|  0%| F|  |TS  5|AC  0|TAMS 0x0000000706e00000, 0x0000000706e00000|
| 111|0x0000000706f00000, 0x0000000706f00000, 0x0000000707000000|  0%| F|  |TS  5|AC  0|TAMS 0x0000000706f00000, 0x0000000706f00000|
| 112|0x0000000707000000, 0x0000000707000000, 0x0000000707100000|  0%| F|  |TS  5|AC  0|TAMS 0x0000000707000000, 0x0000000707000000|
| 113|0x0000000707100000, 0x0000000707100000, 0x0000000707200000|  0%| F|  |TS  5|AC  0|TAMS 0x0000000707100000, 0x0000000707100000|
| 114|0x0000000707200000, 0x0000000707200000, 0x0000000707300000|  0%| F|  |TS  5|AC  0|TAMS 0x0000000707200000, 0x0000000707200000|
| 115|0x0000000707300000, 0x0000000707300000, 0x0000000707400000|  0%| F|  |TS  5|AC  0|TAMS 0x0000000707300000, 0x0000000707300000|
| 116|0x0000000707400000, 0x0000000707400000, 0x0000000707500000|  0%| F|  |TS  5|AC  0|TAMS 0x0000000707400000, 0x0000000707400000|
| 117|0x0000000707500000, 0x0000000707500000, 0x0000000707600000|  0%| F|  |TS  5|AC  0|TAMS 0x0000000707500000, 0x0000000707500000|
| 118|0x0000000707600000, 0x0000000707600000, 0x0000000707700000|  0%| F|  |TS  5|AC  0|TAMS 0x0000000707600000, 0x0000000707600000|
| 119|0x0000000707700000, 0x0000000707700000, 0x0000000707800000|  0%| F|  |TS  5|AC  0|TAMS 0x0000000707700000, 0x0000000707700000|
| 120|0x0000000707800000, 0x0000000707800000, 0x0000000707900000|  0%| F|  |TS  5|AC  0|TAMS 0x0000000707800000, 0x0000000707800000|
| 121|0x0000000707900000, 0x0000000707900000, 0x0000000707a00000|  0%| F|  |TS  5|AC  0|TAMS 0x0000000707900000, 0x0000000707900000|
| 122|0x0000000707a00000, 0x0000000707a00000, 0x0000000707b00000|  0%| F|  |TS  5|AC  0|TAMS 0x0000000707a00000, 0x0000000707a00000|
| 123|0x0000000707b00000, 0x0000000707b00000, 0x0000000707c00000|  0%| F|  |TS  5|AC  0|TAMS 0x0000000707b00000, 0x0000000707b00000|
| 124|0x0000000707c00000, 0x0000000707c00000, 0x0000000707d00000|  0%| F|  |TS  5|AC  0|TAMS 0x0000000707c00000, 0x0000000707c00000|
| 125|0x0000000707d00000, 0x0000000707d00000, 0x0000000707e00000|  0%| F|  |TS  5|AC  0|TAMS 0x0000000707d00000, 0x0000000707d00000|
| 126|0x0000000707e00000, 0x0000000707e00000, 0x0000000707f00000|  0%| F|  |TS  5|AC  0|TAMS 0x0000000707e00000, 0x0000000707e00000|
| 127|0x0000000707f00000, 0x0000000707f00000, 0x0000000708000000|  0%| F|  |TS  5|AC  0|TAMS 0x0000000707f00000, 0x0000000707f00000|
| 128|0x0000000708000000, 0x0000000708000000, 0x0000000708100000|  0%| F|  |TS  5|AC  0|TAMS 0x0000000708000000, 0x0000000708000000|
| 129|0x0000000708100000, 0x0000000708100000, 0x0000000708200000|  0%| F|  |TS  5|AC  0|TAMS 0x0000000708100000, 0x0000000708100000|
| 130|0x0000000708200000, 0x0000000708200000, 0x0000000708300000|  0%| F|  |TS  5|AC  0|TAMS 0x0000000708200000, 0x0000000708200000|
| 131|0x0000000708300000, 0x0000000708300000, 0x0000000708400000|  0%| F|  |TS  5|AC  0|TAMS 0x0000000708300000, 0x0000000708300000|
| 132|0x0000000708400000, 0x0000000708400000, 0x0000000708500000|  0%| F|  |TS  5|AC  0|TAMS 0x0000000708400000, 0x0000000708400000|
| 133|0x0000000708500000, 0x0000000708500000, 0x0000000708600000|  0%| F|  |TS  5|AC  0|TAMS 0x0000000708500000, 0x0000000708500000|
| 134|0x0000000708600000, 0x0000000708600000, 0x0000000708700000|  0%| F|  |TS  5|AC  0|TAMS 0x0000000708600000, 0x0000000708600000|
| 135|0x0000000708700000, 0x0000000708780800, 0x0000000708800000| 50%| E|  |TS  5|AC  0|TAMS 0x0000000708700000, 0x0000000708700000|
| 136|0x0000000708800000, 0x0000000708900000, 0x0000000708900000|100%| E|CS|TS  5|AC  0|TAMS 0x0000000708800000, 0x0000000708800000|
| 137|0x0000000708900000, 0x0000000708a00000, 0x0000000708a00000|100%| E|CS|TS  5|AC  0|TAMS 0x0000000708900000, 0x0000000708900000|
| 138|0x0000000708a00000, 0x0000000708b00000, 0x0000000708b00000|100%| E|CS|TS  5|AC  0|TAMS 0x0000000708a00000, 0x0000000708a00000|
| 139|0x0000000708b00000, 0x0000000708c00000, 0x0000000708c00000|100%| E|CS|TS  5|AC  0|TAMS 0x0000000708b00000, 0x0000000708b00000|
| 140|0x0000000708c00000, 0x0000000708d00000, 0x0000000708d00000|100%| E|CS|TS  5|AC  0|TAMS 0x0000000708c00000, 0x0000000708c00000|
| 141|0x0000000708d00000, 0x0000000708e00000, 0x0000000708e00000|100%| E|CS|TS  5|AC  0|TAMS 0x0000000708d00000, 0x0000000708d00000|
| 142|0x0000000708e00000, 0x0000000708f00000, 0x0000000708f00000|100%| E|CS|TS  5|AC  0|TAMS 0x0000000708e00000, 0x0000000708e00000|
| 143|0x0000000708f00000, 0x0000000709000000, 0x0000000709000000|100%| E|CS|TS  5|AC  0|TAMS 0x0000000708f00000, 0x0000000708f00000|
| 144|0x0000000709000000, 0x0000000709100000, 0x0000000709100000|100%| E|CS|TS  5|AC  0|TAMS 0x0000000709000000, 0x0000000709000000|
| 145|0x0000000709100000, 0x0000000709200000, 0x0000000709200000|100%| E|CS|TS  5|AC  0|TAMS 0x0000000709100000, 0x0000000709100000|
| 146|0x0000000709200000, 0x0000000709300000, 0x0000000709300000|100%| E|CS|TS  5|AC  0|TAMS 0x0000000709200000, 0x0000000709200000|
| 147|0x0000000709300000, 0x0000000709400000, 0x0000000709400000|100%| E|CS|TS  5|AC  0|TAMS 0x0000000709300000, 0x0000000709300000|
| 148|0x0000000709400000, 0x0000000709500000, 0x0000000709500000|100%| E|CS|TS  5|AC  0|TAMS 0x0000000709400000, 0x0000000709400000|
| 149|0x0000000709500000, 0x0000000709600000, 0x0000000709600000|100%| E|CS|TS  5|AC  0|TAMS 0x0000000709500000, 0x0000000709500000|
| 150|0x0000000709600000, 0x0000000709700000, 0x0000000709700000|100%| E|CS|TS  5|AC  0|TAMS 0x0000000709600000, 0x0000000709600000|
| 151|0x0000000709700000, 0x0000000709800000, 0x0000000709800000|100%| E|CS|TS  5|AC  0|TAMS 0x0000000709700000, 0x0000000709700000|
| 152|0x0000000709800000, 0x0000000709900000, 0x0000000709900000|100%| E|CS|TS  5|AC  0|TAMS 0x0000000709800000, 0x0000000709800000|
| 153|0x0000000709900000, 0x0000000709a00000, 0x0000000709a00000|100%| E|CS|TS  5|AC  0|TAMS 0x0000000709900000, 0x0000000709900000|

Card table byte_map: [0x0000027e3bca0000,0x0000027e3c2a0000] byte_map_base: 0x0000027e384a0000

Marking Bits (Prev, Next): (CMBitMap*) 0x0000027e6f7d7768, (CMBitMap*) 0x0000027e6f7d7730
 Prev Bits: [0x0000027e49c70000, 0x0000027e4cc70000)
 Next Bits: [0x0000027e46c70000, 0x0000027e49c70000)

Polling page: 0x0000027e35900000

CodeHeap 'non-profiled nmethods': size=120064Kb used=8334Kb max_used=8432Kb free=111729Kb
 bounds [0x0000027e5e720000, 0x0000027e5ef60000, 0x0000027e65c60000]
CodeHeap 'profiled nmethods': size=120000Kb used=27212Kb max_used=27404Kb free=92787Kb
 bounds [0x0000027e571f0000, 0x0000027e58cc0000, 0x0000027e5e720000]
CodeHeap 'non-nmethods': size=5696Kb used=1651Kb max_used=1722Kb free=4044Kb
 bounds [0x0000027e56c60000, 0x0000027e56ed0000, 0x0000027e571f0000]
 total_blobs=15208 nmethods=9998 adapters=930
 compilation: disabled (not enough contiguous free space left)

Compilation events (10 events):
Event: 87.903 Thread 0x0000027e55fd8800 10811       3       ui.views.c.dF::fXU (156 bytes)
Event: 87.904 Thread 0x0000027e55fd8800 nmethod 10811 0x0000027e58ca4890 code [0x0000027e58ca4ba0, 0x0000027e58ca5ad0]
Event: 87.904 Thread 0x0000027e55fd8800 10812       3       javax.swing.DefaultComboBoxModel::getElementAt (26 bytes)
Event: 87.904 Thread 0x0000027e55fd8800 nmethod 10812 0x0000027e58ca5e10 code [0x0000027e58ca5fe0, 0x0000027e58ca64b0]
Event: 87.908 Thread 0x0000027e6f129000 nmethod 10796 0x0000027e5ef5a190 code [0x0000027e5ef5a3a0, 0x0000027e5ef5b358]
Event: 87.908 Thread 0x0000027e6f129000 10797       4       javax.swing.JComponent::reshape (10 bytes)
Event: 87.941 Thread 0x0000027e55fd8800 10813       1       javax.swing.JTree::getModel (5 bytes)
Event: 87.941 Thread 0x0000027e55fd8800 nmethod 10813 0x0000027e5ef5b710 code [0x0000027e5ef5b8c0, 0x0000027e5ef5b9d8]
Event: 87.945 Thread 0x0000027e55fd8800 10814       3       javax.swing.text.html.CSS$FontSize::getValue (164 bytes)
Event: 87.946 Thread 0x0000027e55fd8800 nmethod 10814 0x0000027e58ca6610 code [0x0000027e58ca68a0, 0x0000027e58ca73a0]

GC Heap History (10 events):
Event: 32.952 GC heap before
{Heap before GC invocations=13 (full 0):
 garbage-first heap   total 157696K, used 127942K [0x0000000700000000, 0x00000007001004d0, 0x00000007c0000000)
  region size 1024K, 60 young (61440K), 6 survivors (6144K)
 Metaspace       used 52585K, capacity 54785K, committed 54988K, reserved 1097728K
  class space    used 6867K, capacity 7282K, committed 7372K, reserved 1048576K
}
Event: 32.978 GC heap after
{Heap after GC invocations=14 (full 0):
 garbage-first heap   total 157696K, used 72174K [0x0000000700000000, 0x00000007001004d0, 0x00000007c0000000)
  region size 1024K, 8 young (8192K), 8 survivors (8192K)
 Metaspace       used 52585K, capacity 54785K, committed 54988K, reserved 1097728K
  class space    used 6867K, capacity 7282K, committed 7372K, reserved 1048576K
}
Event: 39.553 GC heap before
{Heap before GC invocations=14 (full 0):
 garbage-first heap   total 157696K, used 124398K [0x0000000700000000, 0x00000007001004d0, 0x00000007c0000000)
  region size 1024K, 57 young (58368K), 8 survivors (8192K)
 Metaspace       used 54743K, capacity 57717K, committed 57804K, reserved 1099776K
  class space    used 7255K, capacity 7806K, committed 7884K, reserved 1048576K
}
Event: 39.819 GC heap after
{Heap after GC invocations=15 (full 1):
 garbage-first heap   total 157696K, used 61632K [0x0000000700000000, 0x00000007001004d0, 0x00000007c0000000)
  region size 1024K, 0 young (0K), 0 survivors (0K)
 Metaspace       used 54743K, capacity 57717K, committed 57804K, reserved 1099776K
  class space    used 7255K, capacity 7806K, committed 7884K, reserved 1048576K
}
Event: 59.119 GC heap before
{Heap before GC invocations=15 (full 1):
 garbage-first heap   total 157696K, used 123072K [0x0000000700000000, 0x00000007001004d0, 0x00000007c0000000)
  region size 1024K, 60 young (61440K), 0 survivors (0K)
 Metaspace       used 61170K, capacity 64465K, committed 64844K, reserved 1105920K
  class space    used 8316K, capacity 8952K, committed 9036K, reserved 1048576K
}
Event: 59.129 GC heap after
{Heap after GC invocations=16 (full 1):
 garbage-first heap   total 157696K, used 67122K [0x0000000700000000, 0x00000007001004d0, 0x00000007c0000000)
  region size 1024K, 6 young (6144K), 6 survivors (6144K)
 Metaspace       used 61170K, capacity 64465K, committed 64844K, reserved 1105920K
  class space    used 8316K, capacity 8952K, committed 9036K, reserved 1048576K
}
Event: 77.994 GC heap before
{Heap before GC invocations=16 (full 1):
 garbage-first heap   total 157696K, used 122418K [0x0000000700000000, 0x00000007001004d0, 0x00000007c0000000)
  region size 1024K, 60 young (61440K), 6 survivors (6144K)
 Metaspace       used 64224K, capacity 67537K, committed 67916K, reserved 1107968K
  class space    used 8881K, capacity 9486K, committed 9548K, reserved 1048576K
}
Event: 78.009 GC heap after
{Heap after GC invocations=17 (full 1):
 garbage-first heap   total 157696K, used 69670K [0x0000000700000000, 0x00000007001004d0, 0x00000007c0000000)
  region size 1024K, 7 young (7168K), 7 survivors (7168K)
 Metaspace       used 64224K, capacity 67537K, committed 67916K, reserved 1107968K
  class space    used 8881K, capacity 9486K, committed 9548K, reserved 1048576K
}
Event: 87.533 GC heap before
{Heap before GC invocations=17 (full 1):
 garbage-first heap   total 157696K, used 123942K [0x0000000700000000, 0x00000007001004d0, 0x00000007c0000000)
  region size 1024K, 60 young (61440K), 7 survivors (7168K)
 Metaspace       used 66603K, capacity 69989K, committed 70220K, reserved 1110016K
  class space    used 9340K, capacity 9948K, committed 10060K, reserved 1048576K
}
Event: 87.551 GC heap after
{Heap after GC invocations=18 (full 1):
 garbage-first heap   total 157696K, used 72218K [0x0000000700000000, 0x00000007001004d0, 0x00000007c0000000)
  region size 1024K, 5 young (5120K), 5 survivors (5120K)
 Metaspace       used 66603K, capacity 69989K, committed 70220K, reserved 1110016K
  class space    used 9340K, capacity 9948K, committed 10060K, reserved 1048576K
}

Deoptimization events (10 events):
Event: 83.928 Thread 0x0000027e3ffaa800 Uncommon trap: reason=unstable_if action=reinterpret pc=0x0000027e5ee512f0 method=java.beans.ChangeListenerMap.remove(Ljava/lang/String;Ljava/util/EventListener;)V @ 128 c2
Event: 84.534 Thread 0x0000027e3ffaa800 Uncommon trap: reason=unstable_if action=reinterpret pc=0x0000027e5eda6110 method=java.awt.Component.getHWPeerAboveMe()Ljava/awt/peer/ComponentPeer; @ 42 c2
Event: 85.124 Thread 0x0000027e3ffaa800 Uncommon trap: reason=class_check action=maybe_recompile pc=0x0000027e5eeee4a4 method=java.awt.Component.setForeground(Ljava/awt/Color;)V @ 20 c2
Event: 85.124 Thread 0x0000027e3ffaa800 Uncommon trap: reason=class_check action=maybe_recompile pc=0x0000027e5eeee4a4 method=java.awt.Component.setForeground(Ljava/awt/Color;)V @ 20 c2
Event: 85.124 Thread 0x0000027e3ffaa800 Uncommon trap: reason=bimorphic_or_optimized_type_check action=maybe_recompile pc=0x0000027e5eea289c method=java.awt.Component.setFont(Ljava/awt/Font;)V @ 32 c2
Event: 85.128 Thread 0x0000027e3ffaa800 Uncommon trap: reason=class_check action=maybe_recompile pc=0x0000027e5eeee4a4 method=java.awt.Component.setForeground(Ljava/awt/Color;)V @ 20 c2
Event: 85.128 Thread 0x0000027e3ffaa800 Uncommon trap: reason=class_check action=maybe_recompile pc=0x0000027e5eeee4a4 method=java.awt.Component.setForeground(Ljava/awt/Color;)V @ 20 c2
Event: 85.128 Thread 0x0000027e3ffaa800 Uncommon trap: reason=bimorphic_or_optimized_type_check action=maybe_recompile pc=0x0000027e5eea289c method=java.awt.Component.setFont(Ljava/awt/Font;)V @ 32 c2
Event: 85.180 Thread 0x0000027e3ffaa800 Uncommon trap: reason=class_check action=maybe_recompile pc=0x0000027e5eeedec0 method=java.awt.Component.setForeground(Ljava/awt/Color;)V @ 20 c2
Event: 87.902 Thread 0x0000027e3ffaa800 Uncommon trap: reason=predicate action=maybe_recompile pc=0x0000027e5ef589bc method=java.util.AbstractCollection.toArray([Ljava/lang/Object;)[Ljava/lang/Object; @ 46 c2

Classes redefined (0 events):
No events

Internal exceptions (10 events):
Event: 77.789 Thread 0x0000027e3ffaa800 Exception <a 'java/io/FileNotFoundException'{0x0000000706a578b0}> (0x0000000706a578b0) thrown at [t:/workspace/hotspot/src/share/vm/prims/jni.cpp, line 604]
Event: 77.790 Thread 0x0000027e3ffaa800 Exception <a 'java/io/FileNotFoundException'{0x0000000706a5ceb8}> (0x0000000706a5ceb8) thrown at [t:/workspace/hotspot/src/share/vm/prims/jni.cpp, line 604]
Event: 77.867 Thread 0x0000027e3ffaa800 Exception <a 'java/io/FileNotFoundException'{0x0000000706810100}> (0x0000000706810100) thrown at [t:/workspace/hotspot/src/share/vm/prims/jni.cpp, line 604]
Event: 77.869 Thread 0x0000027e3ffaa800 Exception <a 'java/io/FileNotFoundException'{0x0000000706815870}> (0x0000000706815870) thrown at [t:/workspace/hotspot/src/share/vm/prims/jni.cpp, line 604]
Event: 77.985 Thread 0x0000027e3ffaa800 Implicit null exception at 0x0000027e5ee6236c to 0x0000027e5ee62529
Event: 78.218 Thread 0x0000027e72b58000 Exception <a 'java/lang/InterruptedException'{0x0000000709616fb8}: sleep interrupted> (0x0000000709616fb8) thrown at [t:/workspace/hotspot/src/share/vm/prims/jvm.cpp, line 2984]
Event: 78.225 Thread 0x0000027e72b58000 Exception <a 'java/lang/InterruptedException'{0x0000000709105820}: sleep interrupted> (0x0000000709105820) thrown at [t:/workspace/hotspot/src/share/vm/prims/jvm.cpp, line 2984]
Event: 78.997 Thread 0x0000027e3ffaa800 Implicit null exception at 0x0000027e5ee72e06 to 0x0000027e5ee734d5
Event: 81.929 Thread 0x0000027e72b58000 Exception <a 'java/lang/InterruptedException'{0x0000000709112fd0}: sleep interrupted> (0x0000000709112fd0) thrown at [t:/workspace/hotspot/src/share/vm/prims/jvm.cpp, line 2984]
Event: 81.930 Thread 0x0000027e72b5b000 Exception <a 'java/lang/InterruptedException'{0x0000000708917928}: sleep interrupted> (0x0000000708917928) thrown at [t:/workspace/hotspot/src/share/vm/prims/jvm.cpp, line 2984]

Events (10 events):
Event: 87.939 loading class ui/utils/swing/x/D
Event: 87.939 loading class ui/utils/swing/x/D done
Event: 87.940 loading class ui/views/R/b/x
Event: 87.940 loading class ui/views/R/b/x done
Event: 87.940 loading class ui/views/R/b/B
Event: 87.940 loading class ui/views/R/b/B done
Event: 87.941 loading class ui/views/R/b/h
Event: 87.941 loading class ui/views/R/b/h done
Event: 87.941 loading class ui/views/R/b/d
Event: 87.941 loading class ui/views/R/b/d done


Dynamic libraries:
0x00007ff6360f0000 - 0x00007ff636120000 	C:\Xilinx\Vivado\2020.1\bin\unwrapped\win64.o\vivado.exe
0x00007ffe01ab0000 - 0x00007ffe01ca6000 	C:\WINDOWS\SYSTEM32\ntdll.dll
0x00007ffe00610000 - 0x00007ffe006cd000 	C:\WINDOWS\System32\KERNEL32.DLL
0x00007ffdff460000 - 0x00007ffdff729000 	C:\WINDOWS\System32\KERNELBASE.dll
0x00007ffdff730000 - 0x00007ffdff830000 	C:\WINDOWS\System32\ucrtbase.dll
0x00007ffdf9390000 - 0x00007ffdf942d000 	C:\WINDOWS\SYSTEM32\MSVCP140.dll
0x00007ffdaf160000 - 0x00007ffdaf17a000 	C:\Xilinx\Vivado\2020.1\lib\win64.o\librdi_commonmain.dll
0x00007ffdb0250000 - 0x00007ffdb0264000 	C:\Xilinx\Vivado\2020.1\lib\win64.o\libboost_signals.dll
0x00007ffdaf180000 - 0x00007ffdb0246000 	C:\Xilinx\Vivado\2020.1\lib\win64.o\librdi_common.dll
0x00007ffdf9060000 - 0x00007ffdf9077000 	C:\WINDOWS\SYSTEM32\VCRUNTIME140.dll
0x00007ffdaf130000 - 0x00007ffdaf156000 	C:\Xilinx\Vivado\2020.1\lib\win64.o\libboost_filesystem.dll
0x00007ffdce030000 - 0x00007ffdce03a000 	C:\Xilinx\Vivado\2020.1\lib\win64.o\librdi_commonversion.dll
0x00007ffe01960000 - 0x00007ffe01a0c000 	C:\WINDOWS\System32\ADVAPI32.dll
0x00007ffe000a0000 - 0x00007ffe0013e000 	C:\WINDOWS\System32\msvcrt.dll
0x00007ffdaef80000 - 0x00007ffdaf121000 	C:\Xilinx\Vivado\2020.1\lib\win64.o\librdi_commonxillic.dll
0x00007ffe00e50000 - 0x00007ffe00eec000 	C:\WINDOWS\System32\sechost.dll
0x00007ffe00ef0000 - 0x00007ffe01090000 	C:\WINDOWS\System32\USER32.dll
0x00007ffdffae0000 - 0x00007ffdffb02000 	C:\WINDOWS\System32\win32u.dll
0x00007ffe01230000 - 0x00007ffe0135b000 	C:\WINDOWS\System32\RPCRT4.dll
0x00007ffe006d0000 - 0x00007ffe006fa000 	C:\WINDOWS\System32\GDI32.dll
0x00007ffdff350000 - 0x00007ffdff459000 	C:\WINDOWS\System32\gdi32full.dll
0x00007ffdff9f0000 - 0x00007ffdffa8d000 	C:\WINDOWS\System32\msvcp_win.dll
0x00007ffe01090000 - 0x00007ffe010fb000 	C:\WINDOWS\System32\WS2_32.dll
0x000000005e6e0000 - 0x000000005e80b000 	C:\Xilinx\Vivado\2020.1\lib\win64.o\tcl85t.dll
0x00007ffdff940000 - 0x00007ffdff967000 	C:\WINDOWS\System32\bcrypt.dll
0x00007ffdaec10000 - 0x00007ffdaef7e000 	C:\Xilinx\Vivado\2020.1\lib\win64.o\libCOIN-all.dll
0x00007ffdaeb70000 - 0x00007ffdaeb84000 	C:\Xilinx\Vivado\2020.1\lib\win64.o\libboost_date_time.dll
0x00007ffdaeb90000 - 0x00007ffdaec0f000 	C:\Xilinx\Vivado\2020.1\lib\win64.o\libboost_program_options.dll
0x00007ffdaea50000 - 0x00007ffdaeb64000 	C:\Xilinx\Vivado\2020.1\lib\win64.o\libboost_regex.dll
0x00007ffdc91e0000 - 0x00007ffdc91eb000 	C:\Xilinx\Vivado\2020.1\lib\win64.o\libboost_system.dll
0x00007ffdaea20000 - 0x00007ffdaea41000 	C:\Xilinx\Vivado\2020.1\lib\win64.o\libboost_thread.dll
0x00007ffdae990000 - 0x00007ffdaea12000 	C:\Xilinx\Vivado\2020.1\lib\win64.o\libhdlpsolve.dll
0x00007ffdc8b40000 - 0x00007ffdc8b4f000 	C:\Xilinx\Vivado\2020.1\lib\win64.o\libboost_xilinx.dll
0x00007ffe00700000 - 0x00007ffe00e42000 	C:\WINDOWS\System32\SHELL32.dll
0x00007ffdae8e0000 - 0x00007ffdae985000 	C:\Xilinx\Vivado\2020.1\lib\win64.o\libhdxml.dll
0x00007ffdae840000 - 0x00007ffdae8a5000 	C:\Xilinx\Vivado\2020.1\lib\win64.o\liblmx6.0.dll
0x00007ffdae8b0000 - 0x00007ffdae8de000 	C:\Xilinx\Vivado\2020.1\lib\win64.o\libisl_sysinfo.dll
0x00007ffdae820000 - 0x00007ffdae83a000 	C:\Xilinx\Vivado\2020.1\lib\win64.o\pthreadVC2.dll
0x00007ffdae7f0000 - 0x00007ffdae811000 	C:\Xilinx\Vivado\2020.1\lib\win64.o\librdizlib.dll
0x00007ffdae7d0000 - 0x00007ffdae7ec000 	C:\Xilinx\Vivado\2020.1\lib\win64.o\librdiconfig.dll
0x0000000012000000 - 0x0000000012270000 	C:\Xilinx\Vivado\2020.1\lib\win64.o\xerces-c_3_1.dll
0x00007ffdae4f0000 - 0x00007ffdae7cb000 	C:\Xilinx\Vivado\2020.1\lib\win64.o\libXil_lmgr11.dll
0x00007ffe01530000 - 0x00007ffe0160b000 	C:\WINDOWS\System32\COMDLG32.dll
0x00007ffdffb90000 - 0x00007ffdffee6000 	C:\WINDOWS\System32\combase.dll
0x00007ffe01480000 - 0x00007ffe0152e000 	C:\WINDOWS\System32\shcore.dll
0x00007ffe01810000 - 0x00007ffe01865000 	C:\WINDOWS\System32\SHLWAPI.dll
0x00007ffe01610000 - 0x00007ffe016dd000 	C:\WINDOWS\System32\OLEAUT32.dll
0x00007ffe016e0000 - 0x00007ffe0180a000 	C:\WINDOWS\System32\ole32.dll
0x00007ffdff830000 - 0x00007ffdff890000 	C:\WINDOWS\System32\WINTRUST.dll
0x00007ffdff1f0000 - 0x00007ffdff34d000 	C:\WINDOWS\System32\CRYPT32.dll
0x00007ffde9f10000 - 0x00007ffde9f28000 	C:\WINDOWS\SYSTEM32\NETAPI32.dll
0x00007ffdf0830000 - 0x00007ffdf0930000 	C:\WINDOWS\SYSTEM32\WINHTTP.dll
0x00007ffdea9e0000 - 0x00007ffdeaeba000 	C:\WINDOWS\SYSTEM32\WININET.dll
0x00007ffdedcc0000 - 0x00007ffdedead000 	C:\WINDOWS\SYSTEM32\urlmon.dll
0x00007ffdc8850000 - 0x00007ffdc885d000 	C:\Xilinx\Vivado\2020.1\lib\win64.o\libboost_chrono.dll
0x00007ffdf9280000 - 0x00007ffdf9289000 	C:\WINDOWS\SYSTEM32\WSOCK32.dll
0x00007ffdae4c0000 - 0x00007ffdae4ee000 	C:\WINDOWS\SYSTEM32\VCOMP140.DLL
0x00007ffdf61b0000 - 0x00007ffdf6260000 	C:\WINDOWS\WinSxS\amd64_microsoft.windows.common-controls_6595b64144ccf1df_5.82.19041.488_none_4238de57f6b64d28\COMCTL32.dll
0x00007ffdf62b0000 - 0x00007ffdf62cd000 	C:\WINDOWS\SYSTEM32\dhcpcsvc.DLL
0x00007ffdee1e0000 - 0x00007ffdee490000 	C:\WINDOWS\SYSTEM32\iertutil.dll
0x00007ffdad620000 - 0x00007ffdae4b1000 	C:\Xilinx\Vivado\2020.1\lib\win64.o\gurobi65.dll
0x00007ffdac960000 - 0x00007ffdad615a00 	C:\Xilinx\Vivado\2020.1\lib\win64.o\libisl_iostreams.dll
0x00007ffdac930000 - 0x00007ffdac955000 	C:\Xilinx\Vivado\2020.1\lib\win64.o\libisl_iosutils.dll
0x00007ffdac910000 - 0x00007ffdac92b000 	C:\Xilinx\Vivado\2020.1\lib\win64.o\libboost_iostreams.dll
0x00007ffdfe6c0000 - 0x00007ffdfe6cc000 	C:\WINDOWS\SYSTEM32\NETUTILS.DLL
0x00007ffdfe9e0000 - 0x00007ffdfea4a000 	C:\WINDOWS\SYSTEM32\MSWSOCK.DLL
0x00007ffe01a40000 - 0x00007ffe01a70000 	C:\WINDOWS\System32\IMM32.DLL
0x00007ffdfede0000 - 0x00007ffdfedf2000 	C:\WINDOWS\SYSTEM32\MSASN1.dll
0x00007ffdfdad0000 - 0x00007ffdfdae2000 	C:\WINDOWS\SYSTEM32\kernel.appcore.dll
0x00007ffdac410000 - 0x00007ffdac90c000 	C:\Xilinx\Vivado\2020.1\lib\win64.o\librdi_commontasks.dll
0x00007ffdf62a0000 - 0x00007ffdf62aa000 	C:\WINDOWS\SYSTEM32\VERSION.dll
0x000000005dcb0000 - 0x000000005e6d5000 	C:\Xilinx\Vivado\2020.1\tps\win64\jre9.0.4\bin\server\jvm.dll
0x00007ffe01a30000 - 0x00007ffe01a38000 	C:\WINDOWS\System32\PSAPI.DLL
0x00007ffde9e20000 - 0x00007ffde9f0f000 	C:\WINDOWS\SYSTEM32\MSVCR120.dll
0x00007ffdf3810000 - 0x00007ffdf3837000 	C:\WINDOWS\SYSTEM32\WINMM.dll
0x00007ffdac120000 - 0x00007ffdac404000 	C:\Xilinx\Vivado\2020.1\lib\win64.o\librdi_sio.dll
0x00007ffdfe680000 - 0x00007ffdfe6bb000 	C:\WINDOWS\SYSTEM32\IPHLPAPI.DLL
0x00007ffdfd1b0000 - 0x00007ffdfd945000 	C:\WINDOWS\SYSTEM32\windows.storage.dll
0x00007ffdfec60000 - 0x00007ffdfec8c000 	C:\WINDOWS\SYSTEM32\Wldp.dll
0x00007ffda9a80000 - 0x00007ffdac115000 	C:\Xilinx\Vivado\2020.1\lib\win64.o\librdi_tcltasks.dll
0x00007ffda93f0000 - 0x00007ffda98b6000 	C:\Xilinx\Vivado\2020.1\lib\win64.o\librdi_bitstream.dll
0x00007ffda98c0000 - 0x00007ffda9a73000 	C:\Xilinx\Vivado\2020.1\lib\win64.o\librdi_board.dll
0x00007ffda7390000 - 0x00007ffda8fba000 	C:\Xilinx\Vivado\2020.1\lib\win64.o\librdi_constraints.dll
0x00007ffdf9170000 - 0x00007ffdf91eb000 	C:\Xilinx\Vivado\2020.1\lib\win64.o\librdi_boarddep.dll
0x00007ffda92f0000 - 0x00007ffda93e6000 	C:\Xilinx\Vivado\2020.1\lib\win64.o\librdi_chipscope.dll
0x00007ffda4b40000 - 0x00007ffda6cad000 	C:\Xilinx\Vivado\2020.1\lib\win64.o\librdi_coregen.dll
0x00007ffda0810000 - 0x00007ffda4b3e000 	C:\Xilinx\Vivado\2020.1\lib\win64.o\librdi_designutils.dll
0x00007ffda8fc0000 - 0x00007ffda9181000 	C:\Xilinx\Vivado\2020.1\lib\win64.o\librdi_chipscopeimpl.dll
0x00007ffda9190000 - 0x00007ffda92eb000 	C:\Xilinx\Vivado\2020.1\lib\win64.o\librdi_containers.dll
0x00007ffd87fd0000 - 0x00007ffd885ee000 	C:\Xilinx\Vivado\2020.1\lib\win64.o\librdi_drc.dll
0x00007ffda6cb0000 - 0x00007ffda7389000 	C:\Xilinx\Vivado\2020.1\lib\win64.o\librdi_coregenipxact.dll
0x00007ffd87f00000 - 0x00007ffd87fc4000 	C:\Xilinx\Vivado\2020.1\lib\win64.o\librdi_dsp.dll
0x00007ffd88940000 - 0x00007ffda0810000 	C:\Xilinx\Vivado\2020.1\lib\win64.o\librdi_device.dll
0x00007ffd885f0000 - 0x00007ffd8893b000 	C:\Xilinx\Vivado\2020.1\lib\win64.o\librdi_dlyest.dll
0x00007ffd87b60000 - 0x00007ffd87e7c000 	C:\Xilinx\Vivado\2020.1\lib\win64.o\librdi_guitools.dll
0x00007ffd87e80000 - 0x00007ffd87ef7000 	C:\Xilinx\Vivado\2020.1\lib\win64.o\librdi_hdf.dll
0x00007ffd874d0000 - 0x00007ffd87b56000 	C:\Xilinx\Vivado\2020.1\lib\win64.o\librdi_filemgmt.dll
0x00007ffd87270000 - 0x00007ffd874c5000 	C:\Xilinx\Vivado\2020.1\lib\win64.o\librdi_hip_devdesign.dll
0x00007ffd87120000 - 0x00007ffd87268000 	C:\Xilinx\Vivado\2020.1\lib\win64.o\librdi_hip_perf_analysis.dll
0x00007ffd86a60000 - 0x00007ffd8709e000 	C:\Xilinx\Vivado\2020.1\lib\win64.o\librdi_memdata.dll
0x00007ffd81b30000 - 0x00007ffd82233000 	C:\Xilinx\Vivado\2020.1\lib\win64.o\librdi_netlist.dll
0x00007ffd85110000 - 0x00007ffd86a5a000 	C:\Xilinx\Vivado\2020.1\lib\win64.o\librdi_implflow.dll
0x00007ffd870a0000 - 0x00007ffd87114000 	C:\Xilinx\Vivado\2020.1\lib\win64.o\librdi_memoryarray.dll
0x00007ffd82290000 - 0x00007ffd85107000 	C:\Xilinx\Vivado\2020.1\lib\win64.o\librdi_mig.dll
0x00007ffd82240000 - 0x00007ffd8228e000 	C:\Xilinx\Vivado\2020.1\lib\win64.o\librdi_pfi.dll
0x00007ffd817d0000 - 0x00007ffd81b21000 	C:\Xilinx\Vivado\2020.1\lib\win64.o\librdi_platform.dll
0x00007ffd80f90000 - 0x00007ffd817c4000 	C:\Xilinx\Vivado\2020.1\lib\win64.o\librdi_power.dll
0x00007ffd7de10000 - 0x00007ffd7e405000 	C:\Xilinx\Vivado\2020.1\lib\win64.o\librdi_project.dll
0x00007ffd7d6d0000 - 0x00007ffd7de0c000 	C:\Xilinx\Vivado\2020.1\lib\win64.o\librdi_psta.dll
0x00007ffd7e410000 - 0x00007ffd80f81000 	C:\Xilinx\Vivado\2020.1\lib\win64.o\librdi_place.dll
0x00007ffd7cf60000 - 0x00007ffd7d6cf000 	C:\Xilinx\Vivado\2020.1\lib\win64.o\librdi_rsb.dll
0x00007ffd7b670000 - 0x00007ffd7c57a000 	C:\Xilinx\Vivado\2020.1\lib\win64.o\librdi_timing.dll
0x00007ffd7cac0000 - 0x00007ffd7cf5a000 	C:\Xilinx\Vivado\2020.1\lib\win64.o\librdi_runs.dll
0x00007ffd7c9b0000 - 0x00007ffd7cab8000 	C:\Xilinx\Vivado\2020.1\lib\win64.o\librdi_runsbase.dll
0x00007ffd7c730000 - 0x00007ffd7c9a5000 	C:\Xilinx\Vivado\2020.1\lib\win64.o\librdi_simdata.dll
0x00007ffd7c580000 - 0x00007ffd7c628000 	C:\Xilinx\Vivado\2020.1\lib\win64.o\librdi_xhubtasks.dll
0x00007ffd7c630000 - 0x00007ffd7c72f000 	C:\Xilinx\Vivado\2020.1\lib\win64.o\librdi_xhub.dll
0x00007ffd7b440000 - 0x00007ffd7b48c000 	C:\Xilinx\Vivado\2020.1\lib\win64.o\libboost_serialization.dll
0x00007ffd7b2e0000 - 0x00007ffd7b3c8000 	C:\Xilinx\Vivado\2020.1\lib\win64.o\librdi_ipconfig_readwrite.dll
0x00007ffd7b3d0000 - 0x00007ffd7b43c000 	C:\Xilinx\Vivado\2020.1\lib\win64.o\librdi_noc_frameworks.dll
0x00007ffd7b490000 - 0x00007ffd7b663000 	C:\Xilinx\Vivado\2020.1\lib\win64.o\librdi_advchipscopeimpl.dll
0x00007ffd7b290000 - 0x00007ffd7b2dd000 	C:\Xilinx\Vivado\2020.1\lib\win64.o\libboost_graph.dll
0x00007ffd7b040000 - 0x00007ffd7b233000 	C:\Xilinx\Vivado\2020.1\lib\win64.o\librdi_hip_config.dll
0x00007ffd79fa0000 - 0x00007ffd7a4ee000 	C:\Xilinx\Vivado\2020.1\lib\win64.o\librdi_xdm.dll
0x00007ffd7b240000 - 0x00007ffd7b28c000 	C:\Xilinx\Vivado\2020.1\lib\win64.o\librdi_bva.dll
0x00007ffd7a4f0000 - 0x00007ffd7b037000 	C:\Xilinx\Vivado\2020.1\lib\win64.o\libverific.dll
0x00007ffd79f00000 - 0x00007ffd79f9e000 	C:\Xilinx\Vivado\2020.1\lib\win64.o\libise.dll
0x00007ffd79890000 - 0x00007ffd79eae000 	C:\Xilinx\Vivado\2020.1\lib\win64.o\librdi_wavedata.dll

VM Arguments:
jvm_args: -Dsun.java2d.pmoffscreen=false -Dsun.java2d.xrender=false -Dsun.java2d.d3d=false -Dsun.awt.nopixfmt=true -Dsun.java2d.dpiaware=true -Dsun.java2d.uiScale.enabled=false -Xverify:none -Dswing.aatext=true -XX:-UsePerfData -Djdk.map.althashing.threshold=512 -XX:StringTableSize=4072 --add-opens=java.base/java.nio=ALL-UNNAMED --add-opens=java.desktop/sun.swing=ALL-UNNAMED --add-opens=java.desktop/javax.swing=ALL-UNNAMED --add-opens=java.desktop/javax.swing.tree=ALL-UNNAMED --add-opens=java.desktop/javax.swing.plaf.basic=ALL-UNNAMED --add-opens=java.desktop/javax.swing.plaf.synth=ALL-UNNAMED --add-opens=java.desktop/com.sun.awt=ALL-UNNAMED -XX:NewSize=60m -XX:MaxNewSize=60m -Xms128m -Xmx3072m -Xss5m 
java_command: <unknown>
java_class_path (initial): C:/Xilinx/Vivado/2020.1\lib\classes\alloy.jar;C:/Xilinx/Vivado/2020.1\lib\classes\ArchiveSummary.jar;C:/Xilinx/Vivado/2020.1\lib\classes\autoesl-models.jar;C:/Xilinx/Vivado/2020.1\lib\classes\autopilot.scelaborator.jar;C:/Xilinx/Vivado/2020.1\lib\classes\autopilot.sourceprocessor.jar;C:/Xilinx/Vivado/2020.1\lib\classes\autopilot.tbprocessor.jar;C:/Xilinx/Vivado/2020.1\lib\classes\batik-anim.jar;C:/Xilinx/Vivado/2020.1\lib\classes\batik-awt-util.jar;C:/Xilinx/Vivado/2020.1\lib\classes\batik-bridge.jar;C:/Xilinx/Vivado/2020.1\lib\classes\batik-codec.jar;C:/Xilinx/Vivado/2020.1\lib\classes\batik-css.jar;C:/Xilinx/Vivado/2020.1\lib\classes\batik-dom.jar;C:/Xilinx/Vivado/2020.1\lib\classes\batik-ext.jar;C:/Xilinx/Vivado/2020.1\lib\classes\batik-gui-util.jar;C:/Xilinx/Vivado/2020.1\lib\classes\batik-gvt.jar;C:/Xilinx/Vivado/2020.1\lib\classes\batik-parser.jar;C:/Xilinx/Vivado/2020.1\lib\classes\batik-script.jar;C:/Xilinx/Vivado/2020.1\lib\classes\batik-svg-dom.jar;C:/Xilinx/Vivado/2020.1\lib\classes\batik-swing.jar;C:/Xilinx/Vivado/2020.1\lib\classes\batik-transcoder.jar;C:/Xilinx/Vivado/2020.1\lib\classes\batik-util.jar;C:/Xilinx/Vivado/2020.1\lib\classes\batik-xml.jar;C:/Xilinx/Vivado/2020.1\lib\classes\com.google.gson_2.8.2.v20180104-1110.jar;C:/Xilinx/Vivado/2020.1\lib\classes\com.google.guava_27.1.0.v20190517-1946.jar;C:/Xilinx/Vivado/2020.1\lib\classes\com.ibm.icu_4.4.2.v20110208.jar;C:/Xilinx/Vivado/2020.1\lib\classes\com.sigasi.hdt.connection_4.8.0.202004151336.jar;C:/Xilinx/Vivado/2020.1\lib\classes\com.sigasi.hdt.epl_4.8.0.202004151336.jar;C:/Xilinx/Vivado/2020.1\lib\classes\com.sigasi.hdt.project_4.8.0.202004151336.jar;C:/Xilinx/Vivado/2020.1\lib\classes\com.sigasi.hdt.readonlyfilesystem_4.8.0.202004151336.jar;C:/Xilinx/Vivado/2020.1\lib\classes\com.sigasi.lcm_4.8.0.202004151336.jar;C:/Xilinx/Vivado/2020.1\lib\classes\com.sigasi.sdk.client_4.8.0.202004151336.jar;C:/Xilinx/Vivado/2020.1\lib\classes\com.xilinx.hls.services.jar;C:/Xili
Launcher Type: generic

Logging:
Log output configuration:
#0: stdout all=warning uptime,level,tags
#1: stderr all=off uptime,level,tags

Environment Variables:
JAVA_HOME=C:\Program Files\Java\jdk1.8.0_251
PATH=C:/Xilinx/Vivado/2020.1\gnuwin\bin;C:/Xilinx/Vivado/2020.1\gnu\microblaze\nt\bin;C:/Xilinx/Vivado/2020.1/bin;C:/Xilinx/Vivado/2020.1/lib/win64.o;C:/Xilinx/Vivado/2020.1/tps/win64/jre9.0.4/bin/server;C:/Xilinx/Vivado/2020.1/tps/win64/jre9.0.4/bin;C:/Xilinx/Vivado/2020.1/ids_lite/ISE/bin/nt64;C:/Xilinx/Vivado/2020.1/ids_lite/ISE/lib/nt64;C:\Program Files (x86)\Common Files\Oracle\Java\javapath;C:\Windows\system32;C:\Windows;C:\Windows\System32\Wbem;C:\Windows\System32\WindowsPowerShell\v1.0\;C:\Program Files (x86)\NVIDIA Corporation\PhysX\Common;C:\Program Files\Microsoft SQL Server\130\Tools\Binn\;C:\Program Files\dotnet\;C:\Program Files\MATLAB\R2017a\runtime\win64;C:\WINDOWS\System32\OpenSSH\;C:\Program Files\PuTTY\;C:\Program Files\MATLAB\R2017a\bin;C:\matlab\runtime\win64;C:\matlab\bin;C:\Program Files\MATLAB\R2017b\runtime\win64;C:\Program Files\MATLAB\R2017b\bin;C:\Program Files\MATLAB\MATLAB Production Server\R2015a\runtime\win64;C:\Program Files\MATLAB\MATLAB Production Server\R2015a\bin;C:\Program Files\MATLAB\MATLAB Production Server\R2015a\polyspace\bin;C:\MinGW\bin;C:\Program Files\MATLAB\R2019b\bin;C:\Program Files\Java\jdk1.8.0_251\bin;C:\Users\Klaudia\AppData\Local\Microsoft\WindowsApps;;C:\Users\Klaudia\AppData\Local\Programs\Microsoft VS Code\bin;C:\Users\Klaudia\AppData\Local\Programs\Microsoft VS Code\Microsoft VS Code\bin;C:/Xilinx/Vivado/2020.1\tps\mingw\6.2.0\win64.o\nt\bin;C:/Xilinx/Vivado/2020.1\tps\mingw\6.2.0\win64.o\nt\libexec\gcc\x86_64-w64-mingw32\6.2.0;C:/Xilinx/Vivado/2020.1\tps\win64\python-2.7.16;C:/Xilinx/Vivado/2020.1\tps\win64\python-2.7.16\bin;C:/Xilinx/Vivado/2020.1\tps\win64\python-2.7.16\lib;C:/Xilinx/Vivado/2020.1\tps\win64\python-2.7.16\Lib\lib-tk;C:/Xilinx/Vivado/2020.1\tps\win64\python-2.7.16\lib\site-packages
USERNAME=Klaudia
OS=Windows_NT
PROCESSOR_IDENTIFIER=Intel64 Family 6 Model 142 Stepping 9, GenuineIntel



---------------  S Y S T E M  ---------------

OS: Windows 10 , 64 bit Build 19041 (10.0.19041.662)

CPU:total 4 (initial active 4) (2 cores per cpu, 2 threads per core) family 6 model 142 stepping 9, cmov, cx8, fxsr, mmx, sse, sse2, sse3, ssse3, sse4.1, sse4.2, popcnt, avx, avx2, aes, clmul, erms, 3dnowpref, lzcnt, ht, tsc, tscinvbit, bmi1, bmi2, adx, fma

Memory: 4k page, physical 8193548k(1194320k free), swap 8193548k(4172k free)

vm_info: Java HotSpot(TM) 64-Bit Server VM (9.0.4+11) for windows-amd64 JRE (9.0.4+11), built on Dec 20 2017 02:18:54 by "mach5one" with MS VC++ 12.0 (VS2013)

END.
