#-----------------------------------------------------------
# Vivado v2020.1 (64-bit)
# SW Build 2902540 on Wed May 27 19:54:49 MDT 2020
# IP Build 2902112 on Wed May 27 22:43:36 MDT 2020
# Start of session at: Wed Dec  9 19:36:17 2020
# Process ID: 16380
# Current directory: C:/Users/Klaudia/Desktop/projekt/fpga_oscillator
# Command line: vivado.exe -gui_launcher_event rodinguilauncherevent11040 C:\Users\Klaudia\Desktop\projekt\fpga_oscillator\projekt.xpr
# Log file: C:/Users/Klaudia/Desktop/projekt/fpga_oscillator/vivado.log
# Journal file: C:/Users/Klaudia/Desktop/projekt/fpga_oscillator\vivado.jou
#-----------------------------------------------------------
start_gui
open_project C:/Users/Klaudia/Desktop/projekt/fpga_oscillator/projekt.xpr
INFO: [Project 1-313] Project file moved from '/tmp/projekty/fpga_oscillator' since last save.
Scanning sources...
Finished scanning sources
INFO: [IP_Flow 19-234] Refreshing IP repositories
INFO: [IP_Flow 19-1704] No user IP repositories specified
INFO: [IP_Flow 19-2313] Loaded Vivado IP repository 'C:/Xilinx/Vivado/2020.1/data/ip'.
open_project: Time (s): cpu = 00:00:28 ; elapsed = 00:00:19 . Memory (MB): peak = 1023.270 ; gain = 0.000
update_compile_order -fileset sources_1
